
*** Running vivado
    with args -log nexys4DDR.vds -m64 -mode batch -messageDb vivado.pb -notrace -source nexys4DDR.tcl


****** Vivado v2016.2 (64-bit)
  **** SW Build 1577090 on Thu Jun  2 16:32:40 MDT 2016
  **** IP Build 1577682 on Fri Jun  3 12:00:54 MDT 2016
    ** Copyright 1986-2016 Xilinx, Inc. All Rights Reserved.

source nexys4DDR.tcl -notrace
Command: synth_design -top nexys4DDR -part xc7a100tcsg324-1
Starting synth_design
Attempting to get a license for feature 'Synthesis' and/or device 'xc7a100t'
INFO: [Common 17-349] Got license for feature 'Synthesis' and/or device 'xc7a100t'
INFO: Launching helper process for spawning children vivado processes
INFO: Helper process launched with PID 976 
---------------------------------------------------------------------------------
Starting RTL Elaboration : Time (s): cpu = 00:00:04 ; elapsed = 00:00:05 . Memory (MB): peak = 312.926 ; gain = 106.449
---------------------------------------------------------------------------------
INFO: [Synth 8-638] synthesizing module 'nexys4DDR' [C:/Users/ahmadw/Desktop/ECE491/DigitalDesign/Lab04/Lab04.srcs/sources_1/imports/sources_1/imports/Downloads/Lab 1 Reference Code + Requirements Checklist-20170829/nexys4DDR.sv:22]
INFO: [Synth 8-638] synthesizing module 'receiver_top' [C:/Users/ahmadw/Desktop/ECE491/DigitalDesign/Lab04/Lab04.srcs/sources_1/new/receiver_top.sv:23]
	Parameter BAUD bound to: 9600 - type: integer 
	Parameter BAUD16 bound to: 153600 - type: integer 
INFO: [Synth 8-638] synthesizing module 'clkenb' [C:/Users/ahmadw/Desktop/ECE491/DigitalDesign/Lab04/Lab04.srcs/sources_1/imports/Downloads/Lab 1 Reference Code + Requirements Checklist-20170919/clkenb.sv:20]
	Parameter DIVFREQ bound to: 153600 - type: integer 
	Parameter CLKFREQ bound to: 100000000 - type: integer 
	Parameter DIVAMT bound to: 651 - type: integer 
	Parameter DIVBITS bound to: 10 - type: integer 
INFO: [Synth 8-256] done synthesizing module 'clkenb' (1#1) [C:/Users/ahmadw/Desktop/ECE491/DigitalDesign/Lab04/Lab04.srcs/sources_1/imports/Downloads/Lab 1 Reference Code + Requirements Checklist-20170919/clkenb.sv:20]
INFO: [Synth 8-638] synthesizing module 'receiver_fsm' [C:/Users/ahmadw/Desktop/ECE491/DigitalDesign/Lab04/Lab04.srcs/sources_1/new/receiver_fsm.sv:23]
INFO: [Synth 8-294] found qualifier unique on case statement: implementing as parallel_case [C:/Users/ahmadw/Desktop/ECE491/DigitalDesign/Lab04/Lab04.srcs/sources_1/new/receiver_fsm.sv:81]
WARNING: [Synth 8-87] always_comb on 'next_reg' did not result in combinational logic [C:/Users/ahmadw/Desktop/ECE491/DigitalDesign/Lab04/Lab04.srcs/sources_1/new/receiver_fsm.sv:88]
INFO: [Synth 8-256] done synthesizing module 'receiver_fsm' (2#1) [C:/Users/ahmadw/Desktop/ECE491/DigitalDesign/Lab04/Lab04.srcs/sources_1/new/receiver_fsm.sv:23]
INFO: [Synth 8-256] done synthesizing module 'receiver_top' (3#1) [C:/Users/ahmadw/Desktop/ECE491/DigitalDesign/Lab04/Lab04.srcs/sources_1/new/receiver_top.sv:23]
INFO: [Synth 8-638] synthesizing module 'dispctl' [C:/Users/ahmadw/Desktop/ECE491/DigitalDesign/Lab04/Lab04.srcs/sources_1/imports/lab01_7_segment/dispctl.sv:24]
INFO: [Synth 8-638] synthesizing module 'clkenb__parameterized0' [C:/Users/ahmadw/Desktop/ECE491/DigitalDesign/Lab04/Lab04.srcs/sources_1/imports/Downloads/Lab 1 Reference Code + Requirements Checklist-20170919/clkenb.sv:20]
	Parameter DIVFREQ bound to: 1000 - type: integer 
	Parameter CLKFREQ bound to: 100000000 - type: integer 
	Parameter DIVAMT bound to: 100000 - type: integer 
	Parameter DIVBITS bound to: 17 - type: integer 
INFO: [Synth 8-256] done synthesizing module 'clkenb__parameterized0' (3#1) [C:/Users/ahmadw/Desktop/ECE491/DigitalDesign/Lab04/Lab04.srcs/sources_1/imports/Downloads/Lab 1 Reference Code + Requirements Checklist-20170919/clkenb.sv:20]
INFO: [Synth 8-638] synthesizing module 'counter' [C:/Users/ahmadw/Desktop/ECE491/DigitalDesign/Lab04/Lab04.srcs/sources_1/imports/lab01_7_segment/lab01_7_segment.srcs/sources_1/new/counter.sv:16]
	Parameter W bound to: 3 - type: integer 
INFO: [Synth 8-256] done synthesizing module 'counter' (4#1) [C:/Users/ahmadw/Desktop/ECE491/DigitalDesign/Lab04/Lab04.srcs/sources_1/imports/lab01_7_segment/lab01_7_segment.srcs/sources_1/new/counter.sv:16]
WARNING: [Synth 8-350] instance 'THR_B_COUNTER' of module 'counter' requires 5 connections, but only 4 given [C:/Users/ahmadw/Desktop/ECE491/DigitalDesign/Lab04/Lab04.srcs/sources_1/imports/lab01_7_segment/dispctl.sv:43]
INFO: [Synth 8-638] synthesizing module 'mux8_parm' [C:/Users/ahmadw/Desktop/ECE491/DigitalDesign/Lab04/Lab04.srcs/sources_1/imports/lab01_7_segment/mux8_parm.sv:16]
	Parameter W bound to: 4 - type: integer 
INFO: [Synth 8-226] default block is never used [C:/Users/ahmadw/Desktop/ECE491/DigitalDesign/Lab04/Lab04.srcs/sources_1/imports/lab01_7_segment/mux8_parm.sv:23]
INFO: [Synth 8-256] done synthesizing module 'mux8_parm' (5#1) [C:/Users/ahmadw/Desktop/ECE491/DigitalDesign/Lab04/Lab04.srcs/sources_1/imports/lab01_7_segment/mux8_parm.sv:16]
INFO: [Synth 8-638] synthesizing module 'mux8_parm__parameterized0' [C:/Users/ahmadw/Desktop/ECE491/DigitalDesign/Lab04/Lab04.srcs/sources_1/imports/lab01_7_segment/mux8_parm.sv:16]
	Parameter W bound to: 1 - type: integer 
INFO: [Synth 8-226] default block is never used [C:/Users/ahmadw/Desktop/ECE491/DigitalDesign/Lab04/Lab04.srcs/sources_1/imports/lab01_7_segment/mux8_parm.sv:23]
INFO: [Synth 8-256] done synthesizing module 'mux8_parm__parameterized0' (5#1) [C:/Users/ahmadw/Desktop/ECE491/DigitalDesign/Lab04/Lab04.srcs/sources_1/imports/lab01_7_segment/mux8_parm.sv:16]
INFO: [Synth 8-638] synthesizing module 'seven_seg' [C:/Users/ahmadw/Desktop/ECE491/DigitalDesign/Lab04/Lab04.srcs/sources_1/imports/lab01_7_segment/seven_seg.sv:17]
	Parameter BLANK bound to: 7'b1111111 
	Parameter ZERO bound to: 7'b1000000 
	Parameter ONE bound to: 7'b1111001 
	Parameter TWO bound to: 7'b0100100 
	Parameter THREE bound to: 7'b0110000 
	Parameter FOUR bound to: 7'b0011001 
	Parameter FIVE bound to: 7'b0010010 
	Parameter SIX bound to: 7'b0000010 
	Parameter SEVEN bound to: 7'b1111000 
	Parameter EIGHT bound to: 7'b0000000 
	Parameter NINE bound to: 7'b0010000 
	Parameter A bound to: 7'b0001000 
	Parameter B bound to: 7'b0000011 
	Parameter C bound to: 7'b1000110 
	Parameter D bound to: 7'b0100001 
	Parameter E bound to: 7'b0000110 
	Parameter F bound to: 7'b0001110 
INFO: [Synth 8-226] default block is never used [C:/Users/ahmadw/Desktop/ECE491/DigitalDesign/Lab04/Lab04.srcs/sources_1/imports/lab01_7_segment/seven_seg.sv:42]
INFO: [Synth 8-256] done synthesizing module 'seven_seg' (6#1) [C:/Users/ahmadw/Desktop/ECE491/DigitalDesign/Lab04/Lab04.srcs/sources_1/imports/lab01_7_segment/seven_seg.sv:17]
INFO: [Synth 8-638] synthesizing module 'decoder_3_8_en' [C:/Users/ahmadw/Desktop/ECE491/DigitalDesign/Lab04/Lab04.srcs/sources_1/imports/lab01_7_segment/decoder_3_8_en.sv:17]
INFO: [Synth 8-256] done synthesizing module 'decoder_3_8_en' (7#1) [C:/Users/ahmadw/Desktop/ECE491/DigitalDesign/Lab04/Lab04.srcs/sources_1/imports/lab01_7_segment/decoder_3_8_en.sv:17]
INFO: [Synth 8-256] done synthesizing module 'dispctl' (8#1) [C:/Users/ahmadw/Desktop/ECE491/DigitalDesign/Lab04/Lab04.srcs/sources_1/imports/lab01_7_segment/dispctl.sv:24]
INFO: [Synth 8-256] done synthesizing module 'nexys4DDR' (9#1) [C:/Users/ahmadw/Desktop/ECE491/DigitalDesign/Lab04/Lab04.srcs/sources_1/imports/sources_1/imports/Downloads/Lab 1 Reference Code + Requirements Checklist-20170829/nexys4DDR.sv:22]
---------------------------------------------------------------------------------
Finished RTL Elaboration : Time (s): cpu = 00:00:05 ; elapsed = 00:00:05 . Memory (MB): peak = 350.148 ; gain = 143.672
---------------------------------------------------------------------------------

Report Check Netlist: 
+------+------------------+-------+---------+-------+------------------+
|      |Item              |Errors |Warnings |Status |Description       |
+------+------------------+-------+---------+-------+------------------+
|1     |multi_driven_nets |      0|        0|Passed |Multi driven nets |
+------+------------------+-------+---------+-------+------------------+
---------------------------------------------------------------------------------
Finished RTL Optimization Phase 1 : Time (s): cpu = 00:00:05 ; elapsed = 00:00:05 . Memory (MB): peak = 350.148 ; gain = 143.672
---------------------------------------------------------------------------------
INFO: [Device 21-403] Loading part xc7a100tcsg324-1
INFO: [Project 1-570] Preparing netlist for logic optimization

Processing XDC Constraints
Initializing timing engine
Parsing XDC File [C:/Users/ahmadw/Desktop/ECE491/DigitalDesign/Lab04/Lab04.srcs/constrs_1/imports/Lab 1 Reference Code + Requirements Checklist-20170829/nexys4DDR.xdc]
Finished Parsing XDC File [C:/Users/ahmadw/Desktop/ECE491/DigitalDesign/Lab04/Lab04.srcs/constrs_1/imports/Lab 1 Reference Code + Requirements Checklist-20170829/nexys4DDR.xdc]
INFO: [Project 1-236] Implementation specific constraints were found while reading constraint file [C:/Users/ahmadw/Desktop/ECE491/DigitalDesign/Lab04/Lab04.srcs/constrs_1/imports/Lab 1 Reference Code + Requirements Checklist-20170829/nexys4DDR.xdc]. These constraints will be ignored for synthesis but will be used in implementation. Impacted constraints are listed in the file [.Xil/nexys4DDR_propImpl.xdc].
Resolution: To avoid this warning, move constraints listed in [.Xil/nexys4DDR_propImpl.xdc] to another XDC file and exclude this new file from synthesis with the used_in_synthesis property (File Properties dialog in GUI) and re-run elaboration/synthesis.
Completed Processing XDC Constraints

INFO: [Project 1-111] Unisim Transformation Summary:
No Unisim elements were transformed.

Constraint Validation Runtime : Time (s): cpu = 00:00:00 ; elapsed = 00:00:00 . Memory (MB): peak = 653.273 ; gain = 0.000
---------------------------------------------------------------------------------
Finished Constraint Validation : Time (s): cpu = 00:00:11 ; elapsed = 00:00:11 . Memory (MB): peak = 653.273 ; gain = 446.797
---------------------------------------------------------------------------------
---------------------------------------------------------------------------------
Start Loading Part and Timing Information
---------------------------------------------------------------------------------
Loading part: xc7a100tcsg324-1
---------------------------------------------------------------------------------
Finished Loading Part and Timing Information : Time (s): cpu = 00:00:11 ; elapsed = 00:00:11 . Memory (MB): peak = 653.273 ; gain = 446.797
---------------------------------------------------------------------------------
---------------------------------------------------------------------------------
Start Applying 'set_property' XDC Constraints
---------------------------------------------------------------------------------
---------------------------------------------------------------------------------
Finished applying 'set_property' XDC Constraints : Time (s): cpu = 00:00:11 ; elapsed = 00:00:11 . Memory (MB): peak = 653.273 ; gain = 446.797
---------------------------------------------------------------------------------
INFO: [Synth 8-5546] ROM "enb" won't be mapped to RAM because it is too sparse
INFO: [Synth 8-5544] ROM "rdy" won't be mapped to Block RAM because address size (3) smaller than threshold (5)
INFO: [Synth 8-5546] ROM "restart_16_clk" won't be mapped to RAM because it is too sparse
INFO: [Synth 8-5546] ROM "restart_16_clk" won't be mapped to RAM because it is too sparse
INFO: [Synth 8-5544] ROM "next" won't be mapped to Block RAM because address size (4) smaller than threshold (5)
INFO: [Synth 8-5544] ROM "n_start_state" won't be mapped to Block RAM because address size (3) smaller than threshold (5)
INFO: [Synth 8-5544] ROM "n_start_state" won't be mapped to Block RAM because address size (3) smaller than threshold (5)
INFO: [Synth 8-5546] ROM "enb" won't be mapped to RAM because it is too sparse
WARNING: [Synth 8-327] inferring latch for variable 'next_reg' [C:/Users/ahmadw/Desktop/ECE491/DigitalDesign/Lab04/Lab04.srcs/sources_1/new/receiver_fsm.sv:88]
---------------------------------------------------------------------------------
Finished RTL Optimization Phase 2 : Time (s): cpu = 00:00:11 ; elapsed = 00:00:12 . Memory (MB): peak = 653.273 ; gain = 446.797
---------------------------------------------------------------------------------

Report RTL Partitions: 
+-+--------------+------------+----------+
| |RTL Partition |Replication |Instances |
+-+--------------+------------+----------+
+-+--------------+------------+----------+
---------------------------------------------------------------------------------
Start RTL Component Statistics 
---------------------------------------------------------------------------------
Detailed RTL Component Info : 
+---Adders : 
	   2 Input     17 Bit       Adders := 1     
	   2 Input     10 Bit       Adders := 1     
	   2 Input      5 Bit       Adders := 1     
	   2 Input      4 Bit       Adders := 1     
	   2 Input      3 Bit       Adders := 1     
+---Registers : 
	               17 Bit    Registers := 1     
	               10 Bit    Registers := 1     
	                8 Bit    Registers := 1     
	                5 Bit    Registers := 1     
	                4 Bit    Registers := 1     
	                3 Bit    Registers := 3     
	                1 Bit    Registers := 3     
+---Muxes : 
	   2 Input     17 Bit        Muxes := 1     
	   2 Input      8 Bit        Muxes := 1     
	   8 Input      8 Bit        Muxes := 1     
	  16 Input      7 Bit        Muxes := 1     
	   7 Input      5 Bit        Muxes := 1     
	   2 Input      5 Bit        Muxes := 2     
	   7 Input      4 Bit        Muxes := 1     
	   2 Input      3 Bit        Muxes := 4     
	   7 Input      3 Bit        Muxes := 1     
	   2 Input      2 Bit        Muxes := 1     
	   2 Input      1 Bit        Muxes := 9     
	   8 Input      1 Bit        Muxes := 1     
	   7 Input      1 Bit        Muxes := 7     
---------------------------------------------------------------------------------
Finished RTL Component Statistics 
---------------------------------------------------------------------------------
---------------------------------------------------------------------------------
Start RTL Hierarchical Component Statistics 
---------------------------------------------------------------------------------
Hierarchical RTL Component report 
Module clkenb 
Detailed RTL Component Info : 
+---Adders : 
	   2 Input     10 Bit       Adders := 1     
+---Registers : 
	               10 Bit    Registers := 1     
	                1 Bit    Registers := 1     
+---Muxes : 
	   2 Input      1 Bit        Muxes := 1     
Module receiver_fsm 
Detailed RTL Component Info : 
+---Adders : 
	   2 Input      5 Bit       Adders := 1     
	   2 Input      4 Bit       Adders := 1     
+---Registers : 
	                8 Bit    Registers := 1     
	                5 Bit    Registers := 1     
	                4 Bit    Registers := 1     
	                3 Bit    Registers := 2     
	                1 Bit    Registers := 1     
+---Muxes : 
	   7 Input      5 Bit        Muxes := 1     
	   2 Input      5 Bit        Muxes := 2     
	   7 Input      4 Bit        Muxes := 1     
	   2 Input      3 Bit        Muxes := 4     
	   7 Input      3 Bit        Muxes := 1     
	   2 Input      2 Bit        Muxes := 1     
	   8 Input      1 Bit        Muxes := 1     
	   7 Input      1 Bit        Muxes := 7     
	   2 Input      1 Bit        Muxes := 7     
Module clkenb__parameterized0 
Detailed RTL Component Info : 
+---Adders : 
	   2 Input     17 Bit       Adders := 1     
+---Registers : 
	               17 Bit    Registers := 1     
	                1 Bit    Registers := 1     
+---Muxes : 
	   2 Input     17 Bit        Muxes := 1     
	   2 Input      1 Bit        Muxes := 1     
Module counter 
Detailed RTL Component Info : 
+---Adders : 
	   2 Input      3 Bit       Adders := 1     
+---Registers : 
	                3 Bit    Registers := 1     
Module seven_seg 
Detailed RTL Component Info : 
+---Muxes : 
	  16 Input      7 Bit        Muxes := 1     
Module decoder_3_8_en 
Detailed RTL Component Info : 
+---Muxes : 
	   2 Input      8 Bit        Muxes := 1     
	   8 Input      8 Bit        Muxes := 1     
---------------------------------------------------------------------------------
Finished RTL Hierarchical Component Statistics
---------------------------------------------------------------------------------
---------------------------------------------------------------------------------
Start Part Resource Summary
---------------------------------------------------------------------------------
Part Resources:
DSPs: 240 (col length:80)
BRAMs: 270 (col length: RAMB18 80 RAMB36 40)
---------------------------------------------------------------------------------
Finished Part Resource Summary
---------------------------------------------------------------------------------
Start Parallel Synthesis Optimization  : Time (s): cpu = 00:00:11 ; elapsed = 00:00:12 . Memory (MB): peak = 653.273 ; gain = 446.797
---------------------------------------------------------------------------------
Start Cross Boundary Optimization
---------------------------------------------------------------------------------
INFO: [Synth 8-5544] ROM "U_DISPCTL/U_ANODE_DISPLAY/" won't be mapped to Block RAM because address size (3) smaller than threshold (5)
INFO: [Synth 8-5546] ROM "U_RECEIVER/U_BAUD_CLK/enb" won't be mapped to RAM because it is too sparse
INFO: [Synth 8-5546] ROM "U_DISPCTL/U_CLKENB/enb" won't be mapped to RAM because it is too sparse
INFO: [Synth 8-5544] ROM "U_DISPCTL/U_DP_MUX/y" won't be mapped to Block RAM because address size (3) smaller than threshold (5)
WARNING: [Synth 8-3917] design nexys4DDR has port DP driven by constant 1
---------------------------------------------------------------------------------
Finished Cross Boundary Optimization : Time (s): cpu = 00:00:11 ; elapsed = 00:00:12 . Memory (MB): peak = 653.273 ; gain = 446.797
---------------------------------------------------------------------------------
Finished Parallel Reinference  : Time (s): cpu = 00:00:11 ; elapsed = 00:00:12 . Memory (MB): peak = 653.273 ; gain = 446.797

Report RTL Partitions: 
+-+--------------+------------+----------+
| |RTL Partition |Replication |Instances |
+-+--------------+------------+----------+
+-+--------------+------------+----------+
---------------------------------------------------------------------------------
Start Area Optimization
---------------------------------------------------------------------------------
INFO: [Synth 8-3886] merging instance 'U_RECEIVER/U_FSM/start_state_reg[2]' (FDS) to 'U_RECEIVER/U_FSM/start_state_reg[0]'
INFO: [Synth 8-3333] propagating constant 0 across sequential element (\U_RECEIVER/U_FSM/start_state_reg[1] )
WARNING: [Synth 8-3332] Sequential element (U_RECEIVER/U_FSM/start_state_reg[2]) is unused and will be removed from module nexys4DDR.
WARNING: [Synth 8-3332] Sequential element (U_RECEIVER/U_FSM/start_state_reg[1]) is unused and will be removed from module nexys4DDR.
---------------------------------------------------------------------------------
Finished Area Optimization : Time (s): cpu = 00:00:12 ; elapsed = 00:00:12 . Memory (MB): peak = 653.273 ; gain = 446.797
---------------------------------------------------------------------------------
Finished Parallel Area Optimization  : Time (s): cpu = 00:00:12 ; elapsed = 00:00:12 . Memory (MB): peak = 653.273 ; gain = 446.797

Report RTL Partitions: 
+-+--------------+------------+----------+
| |RTL Partition |Replication |Instances |
+-+--------------+------------+----------+
+-+--------------+------------+----------+
---------------------------------------------------------------------------------
Start Timing Optimization
---------------------------------------------------------------------------------
---------------------------------------------------------------------------------
Start Applying XDC Timing Constraints
---------------------------------------------------------------------------------
---------------------------------------------------------------------------------
Finished Applying XDC Timing Constraints : Time (s): cpu = 00:00:18 ; elapsed = 00:00:19 . Memory (MB): peak = 653.273 ; gain = 446.797
---------------------------------------------------------------------------------
---------------------------------------------------------------------------------
Finished Timing Optimization : Time (s): cpu = 00:00:18 ; elapsed = 00:00:19 . Memory (MB): peak = 653.273 ; gain = 446.797
---------------------------------------------------------------------------------

Report RTL Partitions: 
+-+--------------+------------+----------+
| |RTL Partition |Replication |Instances |
+-+--------------+------------+----------+
+-+--------------+------------+----------+
---------------------------------------------------------------------------------
Start Technology Mapping
---------------------------------------------------------------------------------
---------------------------------------------------------------------------------
Finished Technology Mapping : Time (s): cpu = 00:00:18 ; elapsed = 00:00:19 . Memory (MB): peak = 653.273 ; gain = 446.797
---------------------------------------------------------------------------------
Finished Parallel Technology Mapping Optimization  : Time (s): cpu = 00:00:18 ; elapsed = 00:00:19 . Memory (MB): peak = 653.273 ; gain = 446.797

Report RTL Partitions: 
+-+--------------+------------+----------+
| |RTL Partition |Replication |Instances |
+-+--------------+------------+----------+
+-+--------------+------------+----------+
Finished Parallel Synthesis Optimization  : Time (s): cpu = 00:00:18 ; elapsed = 00:00:19 . Memory (MB): peak = 653.273 ; gain = 446.797
---------------------------------------------------------------------------------
Start IO Insertion
---------------------------------------------------------------------------------
---------------------------------------------------------------------------------
Start Flattening Before IO Insertion
---------------------------------------------------------------------------------
---------------------------------------------------------------------------------
Finished Flattening Before IO Insertion
---------------------------------------------------------------------------------
---------------------------------------------------------------------------------
Start Final Netlist Cleanup
---------------------------------------------------------------------------------
---------------------------------------------------------------------------------
Finished Final Netlist Cleanup
---------------------------------------------------------------------------------
---------------------------------------------------------------------------------
Finished IO Insertion : Time (s): cpu = 00:00:19 ; elapsed = 00:00:19 . Memory (MB): peak = 653.273 ; gain = 446.797
---------------------------------------------------------------------------------

Report Check Netlist: 
+------+------------------+-------+---------+-------+------------------+
|      |Item              |Errors |Warnings |Status |Description       |
+------+------------------+-------+---------+-------+------------------+
|1     |multi_driven_nets |      0|        0|Passed |Multi driven nets |
+------+------------------+-------+---------+-------+------------------+
---------------------------------------------------------------------------------
Start Renaming Generated Instances
---------------------------------------------------------------------------------
---------------------------------------------------------------------------------
Finished Renaming Generated Instances : Time (s): cpu = 00:00:19 ; elapsed = 00:00:19 . Memory (MB): peak = 653.273 ; gain = 446.797
---------------------------------------------------------------------------------

Report RTL Partitions: 
+-+--------------+------------+----------+
| |RTL Partition |Replication |Instances |
+-+--------------+------------+----------+
+-+--------------+------------+----------+
---------------------------------------------------------------------------------
Start Rebuilding User Hierarchy
---------------------------------------------------------------------------------
---------------------------------------------------------------------------------
Finished Rebuilding User Hierarchy : Time (s): cpu = 00:00:19 ; elapsed = 00:00:19 . Memory (MB): peak = 653.273 ; gain = 446.797
---------------------------------------------------------------------------------
---------------------------------------------------------------------------------
Start Renaming Generated Ports
---------------------------------------------------------------------------------
---------------------------------------------------------------------------------
Finished Renaming Generated Ports : Time (s): cpu = 00:00:19 ; elapsed = 00:00:19 . Memory (MB): peak = 653.273 ; gain = 446.797
---------------------------------------------------------------------------------
---------------------------------------------------------------------------------
Start Handling Custom Attributes
---------------------------------------------------------------------------------
---------------------------------------------------------------------------------
Finished Handling Custom Attributes : Time (s): cpu = 00:00:19 ; elapsed = 00:00:19 . Memory (MB): peak = 653.273 ; gain = 446.797
---------------------------------------------------------------------------------
---------------------------------------------------------------------------------
Start Renaming Generated Nets
---------------------------------------------------------------------------------
---------------------------------------------------------------------------------
Finished Renaming Generated Nets : Time (s): cpu = 00:00:19 ; elapsed = 00:00:19 . Memory (MB): peak = 653.273 ; gain = 446.797
---------------------------------------------------------------------------------
---------------------------------------------------------------------------------
Start Writing Synthesis Report
---------------------------------------------------------------------------------

Report BlackBoxes: 
+-+--------------+----------+
| |BlackBox name |Instances |
+-+--------------+----------+
+-+--------------+----------+

Report Cell Usage: 
+------+-------+------+
|      |Cell   |Count |
+------+-------+------+
|1     |BUFG   |     1|
|2     |CARRY4 |     4|
|3     |LUT1   |    18|
|4     |LUT2   |     6|
|5     |LUT3   |    15|
|6     |LUT4   |    17|
|7     |LUT5   |    30|
|8     |LUT6   |    16|
|9     |FDRE   |    43|
|10    |FDSE   |    11|
|11    |LD     |     3|
|12    |IBUF   |     3|
|13    |OBUF   |    21|
+------+-------+------+

Report Instance Areas: 
+------+------------------+-----------------------+------+
|      |Instance          |Module                 |Cells |
+------+------------------+-----------------------+------+
|1     |top               |                       |   188|
|2     |  U_DISPCTL       |dispctl                |    85|
|3     |    THR_B_COUNTER |counter                |    25|
|4     |    U_CLKENB      |clkenb__parameterized0 |    60|
|5     |  U_RECEIVER      |receiver_top           |    78|
|6     |    U_BAUD_CLK    |clkenb                 |    27|
|7     |    U_FSM         |receiver_fsm           |    51|
+------+------------------+-----------------------+------+
---------------------------------------------------------------------------------
Finished Writing Synthesis Report : Time (s): cpu = 00:00:19 ; elapsed = 00:00:19 . Memory (MB): peak = 653.273 ; gain = 446.797
---------------------------------------------------------------------------------
Synthesis finished with 0 errors, 0 critical warnings and 4 warnings.
Synthesis Optimization Runtime : Time (s): cpu = 00:00:10 ; elapsed = 00:00:13 . Memory (MB): peak = 653.273 ; gain = 114.078
Synthesis Optimization Complete : Time (s): cpu = 00:00:19 ; elapsed = 00:00:20 . Memory (MB): peak = 653.273 ; gain = 446.797
INFO: [Project 1-571] Translating synthesized netlist
INFO: [Netlist 29-17] Analyzing 10 Unisim elements for replacement
INFO: [Netlist 29-28] Unisim Transformation completed in 0 CPU seconds
INFO: [Project 1-570] Preparing netlist for logic optimization
INFO: [Opt 31-138] Pushed 0 inverter(s) to 0 load pin(s).
INFO: [Project 1-111] Unisim Transformation Summary:
  A total of 3 instances were transformed.
  LD => LDCE: 3 instances

INFO: [Common 17-83] Releasing license: Synthesis
52 Infos, 6 Warnings, 0 Critical Warnings and 0 Errors encountered.
synth_design completed successfully
synth_design: Time (s): cpu = 00:00:18 ; elapsed = 00:00:18 . Memory (MB): peak = 653.273 ; gain = 420.410
report_utilization: Time (s): cpu = 00:00:00 ; elapsed = 00:00:00.015 . Memory (MB): peak = 653.273 ; gain = 0.000
INFO: [Common 17-206] Exiting Vivado at Thu Sep 21 10:39:37 2017...
