#-----------------------------------------------------------
# Vivado v2016.2 (64-bit)
# SW Build 1577090 on Thu Jun  2 16:32:40 MDT 2016
# IP Build 1577682 on Fri Jun  3 12:00:54 MDT 2016
# Start of session at: Tue Aug 29 15:01:13 2017
# Process ID: 12392
# Current directory: C:/Users/ahmadw/Desktop/lab01_7_segment
# Command line: vivado.exe -gui_launcher_event rodinguilauncherevent11492 C:\Users\ahmadw\Desktop\lab01_7_segment\lab01_7_segment.xpr
# Log file: C:/Users/ahmadw/Desktop/lab01_7_segment/vivado.log
# Journal file: C:/Users/ahmadw/Desktop/lab01_7_segment\vivado.jou
#-----------------------------------------------------------
start_gui
open_project C:/Users/ahmadw/Desktop/lab01_7_segment/lab01_7_segment.xpr
Scanning sources...
Finished scanning sources
INFO: [IP_Flow 19-234] Refreshing IP repositories
INFO: [IP_Flow 19-1704] No user IP repositories specified
INFO: [IP_Flow 19-2313] Loaded Vivado IP repository 'C:/Xilinx/Vivado/2016.2/data/ip'.
update_compile_order -fileset sources_1
exit
INFO: [Common 17-206] Exiting Vivado at Tue Aug 29 15:18:31 2017...
