Vivado Simulator 2016.2
Copyright 1986-1999, 2001-2016 Xilinx, Inc. All Rights Reserved.
Running: C:/Xilinx/Vivado/2016.2/bin/unwrapped/win64.o/xelab.exe -wto 83f6e1599ada4e8393d091507958fa27 --debug typical --relax --mt 2 -L xil_defaultlib -L unisims_ver -L unimacro_ver -L secureip --snapshot rtl_transmitter_bench_behav xil_defaultlib.rtl_transmitter_bench xil_defaultlib.glbl -log elaborate.log 
Using 2 slave threads.
Starting static elaboration
Completed static elaboration
Starting simulation data flow analysis
WARNING: [XSIM 43-4100] "C:/Users/ahmadw/Desktop/ECE491/DigitalDesign/Lab03/Lab03.srcs/sources_1/imports/sources_1/new/rtl_transmitter.sv" Line 23. Module rtl_transmitter has a timescale but at least one module in design doesn't have timescale.
WARNING: [XSIM 43-4100] "C:/Users/ahmadw/Desktop/ECE491/DigitalDesign/Lab03/Lab03.srcs/sources_1/imports/sources_1/new/transmitter_fsm.sv" Line 23. Module transmitter_fsm has a timescale but at least one module in design doesn't have timescale.
WARNING: [XSIM 43-4100] "C:/Users/ahmadw/Desktop/ECE491/DigitalDesign/Lab03/Lab03.sim/sim_1/behav/glbl.v" Line 6. Module glbl has a timescale but at least one module in design doesn't have timescale.
WARNING: [XSIM 43-4100] "C:/Users/ahmadw/Desktop/ECE491/DigitalDesign/Lab03/Lab03.srcs/sources_1/imports/sources_1/new/rtl_transmitter.sv" Line 23. Module rtl_transmitter has a timescale but at least one module in design doesn't have timescale.
WARNING: [XSIM 43-4100] "C:/Users/ahmadw/Desktop/ECE491/DigitalDesign/Lab03/Lab03.srcs/sources_1/imports/sources_1/new/transmitter_fsm.sv" Line 23. Module transmitter_fsm has a timescale but at least one module in design doesn't have timescale.
WARNING: [XSIM 43-4100] "C:/Users/ahmadw/Desktop/ECE491/DigitalDesign/Lab03/Lab03.sim/sim_1/behav/glbl.v" Line 6. Module glbl has a timescale but at least one module in design doesn't have timescale.
Completed simulation data flow analysis
Time Resolution for simulation is 1ps
Compiling module xil_defaultlib.clkenb(DIVFREQ=50000)
Compiling module xil_defaultlib.single_pulser
Compiling module xil_defaultlib.bcdcounter(COUNT_CEILING=9)
Compiling module xil_defaultlib.clkenb(DIVFREQ=100000)
Compiling module xil_defaultlib.bcdcounter(COUNT_CEILING=2)
Compiling module xil_defaultlib.bcdcounter(COUNT_CEILING=5)
Compiling module xil_defaultlib.transmitter_fsm
Compiling module xil_defaultlib.rtl_transmitter
Compiling module xil_defaultlib.rtl_transmitter_bench
Compiling module xil_defaultlib.glbl
Built simulation snapshot rtl_transmitter_bench_behav
