INFO: [VRFC 10-2263] Analyzing SystemVerilog file "C:/Users/ahmadw/Desktop/ECE491/DigitalDesign/Lab03/Lab03.srcs/sources_1/imports/sources_1/new/transmitter_fsm.sv" into library xil_defaultlib
INFO: [VRFC 10-311] analyzing module transmitter_fsm
WARNING: [VRFC 10-756] identifier D is used before its declaration [C:/Users/ahmadw/Desktop/ECE491/DigitalDesign/Lab03/Lab03.srcs/sources_1/imports/sources_1/new/transmitter_fsm.sv:27]
WARNING: [VRFC 10-756] identifier N is used before its declaration [C:/Users/ahmadw/Desktop/ECE491/DigitalDesign/Lab03/Lab03.srcs/sources_1/imports/sources_1/new/transmitter_fsm.sv:28]
WARNING: [VRFC 10-756] identifier N is used before its declaration [C:/Users/ahmadw/Desktop/ECE491/DigitalDesign/Lab03/Lab03.srcs/sources_1/imports/sources_1/new/transmitter_fsm.sv:29]
WARNING: [VRFC 10-756] identifier N is used before its declaration [C:/Users/ahmadw/Desktop/ECE491/DigitalDesign/Lab03/Lab03.srcs/sources_1/imports/sources_1/new/transmitter_fsm.sv:30]
WARNING: [VRFC 10-756] identifier state is used before its declaration [C:/Users/ahmadw/Desktop/ECE491/DigitalDesign/Lab03/Lab03.srcs/sources_1/imports/sources_1/new/transmitter_fsm.sv:44]
INFO: [VRFC 10-2263] Analyzing SystemVerilog file "C:/Users/ahmadw/Desktop/ECE491/DigitalDesign/Lab03/Lab03.srcs/sources_1/imports/sources_1/imports/Downloads/Lab 2 Reference Code-20170904/single_pulser.sv" into library xil_defaultlib
INFO: [VRFC 10-311] analyzing module single_pulser
INFO: [VRFC 10-2263] Analyzing SystemVerilog file "C:/Users/ahmadw/Desktop/ECE491/DigitalDesign/Lab03/Lab03.srcs/sources_1/imports/sources_1/imports/Downloads/Lab 1 Reference Code + Requirements Checklist-20170829/clkenb.sv" into library xil_defaultlib
INFO: [VRFC 10-311] analyzing module clkenb
INFO: [VRFC 10-2263] Analyzing SystemVerilog file "C:/Users/ahmadw/Desktop/ECE491/DigitalDesign/Lab03/Lab03.srcs/sources_1/imports/sources_1/imports/Downloads/Lab 2 Reference Code-20170904/bcdcounter.sv" into library xil_defaultlib
INFO: [VRFC 10-311] analyzing module bcdcounter
INFO: [VRFC 10-2263] Analyzing SystemVerilog file "C:/Users/ahmadw/Desktop/ECE491/DigitalDesign/Lab03/Lab03.srcs/sources_1/imports/mxtest_2 - Extended mxtest module-20170913/mxtest_2.sv" into library xil_defaultlib
INFO: [VRFC 10-311] analyzing module mxtest_2
INFO: [VRFC 10-2263] Analyzing SystemVerilog file "C:/Users/ahmadw/Desktop/ECE491/DigitalDesign/Lab03/Lab03.srcs/sources_1/imports/sources_1/new/rtl_transmitter.sv" into library xil_defaultlib
INFO: [VRFC 10-311] analyzing module rtl_transmitter
INFO: [VRFC 10-2263] Analyzing SystemVerilog file "C:/Users/ahmadw/Desktop/ECE491/DigitalDesign/Lab03/Lab03.srcs/sim_1/imports/mxtest_2 - Extended mxtest module-20170913/mxtest_2_bench.sv" into library xil_defaultlib
INFO: [VRFC 10-311] analyzing module mxtest_bench
INFO: [VRFC 10-2263] Analyzing Verilog file "C:/Users/ahmadw/Desktop/ECE491/DigitalDesign/Lab03/Lab03.sim/sim_1/behav/glbl.v" into library xil_defaultlib
INFO: [VRFC 10-311] analyzing module glbl
