#-----------------------------------------------------------
# Vivado v2016.2 (64-bit)
# SW Build 1577090 on Thu Jun  2 16:32:40 MDT 2016
# IP Build 1577682 on Fri Jun  3 12:00:54 MDT 2016
# Start of session at: Sat Sep 09 14:35:34 2017
# Process ID: 8680
# Current directory: C:/Users/ahmadw/Desktop/ECE491/DigitalDesign/Lab_2_Serial_Transmitter
# Command line: vivado.exe -gui_launcher_event rodinguilauncherevent13832 C:\Users\ahmadw\Desktop\ECE491\DigitalDesign\Lab_2_Serial_Transmitter\Lab_2_Serial_Transmitter.xpr
# Log file: C:/Users/ahmadw/Desktop/ECE491/DigitalDesign/Lab_2_Serial_Transmitter/vivado.log
# Journal file: C:/Users/ahmadw/Desktop/ECE491/DigitalDesign/Lab_2_Serial_Transmitter\vivado.jou
#-----------------------------------------------------------
start_gui
open_project C:/Users/ahmadw/Desktop/ECE491/DigitalDesign/Lab_2_Serial_Transmitter/Lab_2_Serial_Transmitter.xpr
INFO: [Project 1-313] Project file moved from 'C:/Users/ahmadw/Desktop/Lab491/DigitalDesign/Lab_2_Serial_Transmitter' since last save.
Scanning sources...
Finished scanning sources
INFO: [IP_Flow 19-234] Refreshing IP repositories
INFO: [IP_Flow 19-1704] No user IP repositories specified
INFO: [IP_Flow 19-2313] Loaded Vivado IP repository 'C:/Xilinx/Vivado/2016.2/data/ip'.
update_compile_order -fileset sources_1
reset_run synth_1
launch_runs impl_1
[Sat Sep 09 14:37:25 2017] Launched synth_1...
Run output will be captured here: C:/Users/ahmadw/Desktop/ECE491/DigitalDesign/Lab_2_Serial_Transmitter/Lab_2_Serial_Transmitter.runs/synth_1/runme.log
[Sat Sep 09 14:37:25 2017] Launched impl_1...
Run output will be captured here: C:/Users/ahmadw/Desktop/ECE491/DigitalDesign/Lab_2_Serial_Transmitter/Lab_2_Serial_Transmitter.runs/impl_1/runme.log
launch_simulation
INFO: [USF-XSim-27] Simulation object is 'sim_1'
INFO: [USF-XSim-37] Inspecting design source files for 'rtl_transmitter_bench' in fileset 'sim_1'...
INFO: [USF-XSim-97] Finding global include files...
INFO: [USF-XSim-98] Fetching design files from 'sim_1'...
INFO: [USF-XSim-2] XSim::Compile design
INFO: [USF-XSim-61] Executing 'COMPILE and ANALYZE' step in 'C:/Users/ahmadw/Desktop/ECE491/DigitalDesign/Lab_2_Serial_Transmitter/Lab_2_Serial_Transmitter.sim/sim_1/behav'
"xvlog -m64 --relax -prj rtl_transmitter_bench_vlog.prj"
INFO: [VRFC 10-2263] Analyzing SystemVerilog file "C:/Users/ahmadw/Desktop/ECE491/DigitalDesign/Lab_2_Serial_Transmitter/Lab_2_Serial_Transmitter.srcs/sources_1/new/transmitter_fsm.sv" into library xil_defaultlib
INFO: [VRFC 10-311] analyzing module transmitter_fsm
WARNING: [VRFC 10-756] identifier D is used before its declaration [C:/Users/ahmadw/Desktop/ECE491/DigitalDesign/Lab_2_Serial_Transmitter/Lab_2_Serial_Transmitter.srcs/sources_1/new/transmitter_fsm.sv:27]
WARNING: [VRFC 10-756] identifier N is used before its declaration [C:/Users/ahmadw/Desktop/ECE491/DigitalDesign/Lab_2_Serial_Transmitter/Lab_2_Serial_Transmitter.srcs/sources_1/new/transmitter_fsm.sv:28]
INFO: [VRFC 10-2263] Analyzing SystemVerilog file "C:/Users/ahmadw/Desktop/ECE491/DigitalDesign/Lab_2_Serial_Transmitter/Lab_2_Serial_Transmitter.srcs/sources_1/imports/Downloads/Lab 2 Reference Code-20170904/single_pulser.sv" into library xil_defaultlib
INFO: [VRFC 10-311] analyzing module single_pulser
INFO: [VRFC 10-2263] Analyzing SystemVerilog file "C:/Users/ahmadw/Desktop/ECE491/DigitalDesign/Lab_2_Serial_Transmitter/Lab_2_Serial_Transmitter.srcs/sources_1/imports/Downloads/Lab 1 Reference Code + Requirements Checklist-20170829/clkenb.sv" into library xil_defaultlib
INFO: [VRFC 10-311] analyzing module clkenb
INFO: [VRFC 10-2263] Analyzing SystemVerilog file "C:/Users/ahmadw/Desktop/ECE491/DigitalDesign/Lab_2_Serial_Transmitter/Lab_2_Serial_Transmitter.srcs/sources_1/imports/Downloads/Lab 2 Reference Code-20170904/bcdcounter.sv" into library xil_defaultlib
INFO: [VRFC 10-311] analyzing module bcdcounter
INFO: [VRFC 10-2263] Analyzing SystemVerilog file "C:/Users/ahmadw/Desktop/ECE491/DigitalDesign/Lab_2_Serial_Transmitter/Lab_2_Serial_Transmitter.srcs/sources_1/new/rtl_transmitter.sv" into library xil_defaultlib
INFO: [VRFC 10-311] analyzing module rtl_transmitter
INFO: [VRFC 10-2263] Analyzing SystemVerilog file "C:/Users/ahmadw/Desktop/ECE491/DigitalDesign/Lab_2_Serial_Transmitter/Lab_2_Serial_Transmitter.srcs/sim_1/new/rtl_transmitter_bench.sv" into library xil_defaultlib
INFO: [VRFC 10-311] analyzing module rtl_transmitter_bench
INFO: [VRFC 10-2263] Analyzing Verilog file "C:/Users/ahmadw/Desktop/ECE491/DigitalDesign/Lab_2_Serial_Transmitter/Lab_2_Serial_Transmitter.sim/sim_1/behav/glbl.v" into library xil_defaultlib
INFO: [VRFC 10-311] analyzing module glbl
INFO: [USF-XSim-69] 'compile' step finished in '1' seconds
INFO: [USF-XSim-3] XSim::Elaborate design
INFO: [USF-XSim-61] Executing 'ELABORATE' step in 'C:/Users/ahmadw/Desktop/ECE491/DigitalDesign/Lab_2_Serial_Transmitter/Lab_2_Serial_Transmitter.sim/sim_1/behav'
Vivado Simulator 2016.2
Copyright 1986-1999, 2001-2016 Xilinx, Inc. All Rights Reserved.
Running: C:/Xilinx/Vivado/2016.2/bin/unwrapped/win64.o/xelab.exe -wto 13c6a793ba224e2a815bfab7aec5bcce --debug typical --relax --mt 2 -L xil_defaultlib -L unisims_ver -L unimacro_ver -L secureip --snapshot rtl_transmitter_bench_behav xil_defaultlib.rtl_transmitter_bench xil_defaultlib.glbl -log elaborate.log 
Using 2 slave threads.
Starting static elaboration
Completed static elaboration
Starting simulation data flow analysis
WARNING: [XSIM 43-4100] "C:/Users/ahmadw/Desktop/ECE491/DigitalDesign/Lab_2_Serial_Transmitter/Lab_2_Serial_Transmitter.srcs/sources_1/new/rtl_transmitter.sv" Line 23. Module rtl_transmitter(BAUD=10000000) has a timescale but at least one module in design doesn't have timescale.
WARNING: [XSIM 43-4100] "C:/Users/ahmadw/Desktop/ECE491/DigitalDesign/Lab_2_Serial_Transmitter/Lab_2_Serial_Transmitter.srcs/sources_1/new/transmitter_fsm.sv" Line 23. Module transmitter_fsm has a timescale but at least one module in design doesn't have timescale.
WARNING: [XSIM 43-4100] "C:/Users/ahmadw/Desktop/ECE491/DigitalDesign/Lab_2_Serial_Transmitter/Lab_2_Serial_Transmitter.sim/sim_1/behav/glbl.v" Line 6. Module glbl has a timescale but at least one module in design doesn't have timescale.
WARNING: [XSIM 43-4100] "C:/Users/ahmadw/Desktop/ECE491/DigitalDesign/Lab_2_Serial_Transmitter/Lab_2_Serial_Transmitter.srcs/sources_1/new/rtl_transmitter.sv" Line 23. Module rtl_transmitter(BAUD=10000000) has a timescale but at least one module in design doesn't have timescale.
WARNING: [XSIM 43-4100] "C:/Users/ahmadw/Desktop/ECE491/DigitalDesign/Lab_2_Serial_Transmitter/Lab_2_Serial_Transmitter.srcs/sources_1/new/transmitter_fsm.sv" Line 23. Module transmitter_fsm has a timescale but at least one module in design doesn't have timescale.
WARNING: [XSIM 43-4100] "C:/Users/ahmadw/Desktop/ECE491/DigitalDesign/Lab_2_Serial_Transmitter/Lab_2_Serial_Transmitter.sim/sim_1/behav/glbl.v" Line 6. Module glbl has a timescale but at least one module in design doesn't have timescale.
Completed simulation data flow analysis
Time Resolution for simulation is 1ps
Compiling module xil_defaultlib.clkenb(DIVFREQ=10000000)
Compiling module xil_defaultlib.single_pulser
Compiling module xil_defaultlib.bcdcounter
Compiling module xil_defaultlib.transmitter_fsm
Compiling module xil_defaultlib.rtl_transmitter(BAUD=10000000)
Compiling module xil_defaultlib.rtl_transmitter_bench
Compiling module xil_defaultlib.glbl
Built simulation snapshot rtl_transmitter_bench_behav

****** Webtalk v2016.2 (64-bit)
  **** SW Build 1577090 on Thu Jun  2 16:32:40 MDT 2016
  **** IP Build 1577682 on Fri Jun  3 12:00:54 MDT 2016
    ** Copyright 1986-2016 Xilinx, Inc. All Rights Reserved.

source C:/Users/ahmadw/Desktop/ECE491/DigitalDesign/Lab_2_Serial_Transmitter/Lab_2_Serial_Transmitter.sim/sim_1/behav/xsim.dir/rtl_transmitter_bench_behav/webtalk/xsim_webtalk.tcl -notrace
INFO: [Common 17-206] Exiting Webtalk at Sat Sep 09 14:55:48 2017...
INFO: [USF-XSim-69] 'elaborate' step finished in '2' seconds
INFO: [USF-XSim-4] XSim::Simulate design
INFO: [USF-XSim-61] Executing 'SIMULATE' step in 'C:/Users/ahmadw/Desktop/ECE491/DigitalDesign/Lab_2_Serial_Transmitter/Lab_2_Serial_Transmitter.sim/sim_1/behav'
INFO: [USF-XSim-98] *** Running xsim
   with args "rtl_transmitter_bench_behav -key {Behavioral:sim_1:Functional:rtl_transmitter_bench} -tclbatch {rtl_transmitter_bench.tcl} -log {simulate.log}"
INFO: [USF-XSim-8] Loading simulator feature
Vivado Simulator 2016.2
Time resolution is 1 ps
source rtl_transmitter_bench.tcl
# set curr_wave [current_wave_config]
# if { [string length $curr_wave] == 0 } {
#   if { [llength [get_objects]] > 0} {
#     add_wave /
#     set_property needs_save false [current_wave_config]
#   } else {
#      send_msg_id Add_Wave-1 WARNING "No top level signals found. Simulator will start without a wave window. If you want to open a wave window go to 'File->New Waveform Configuration' or type 'create_wave_config' in the TCL console."
#   }
# }
# run 1000ns
WARNING: 0ns : none of the conditions were true for unique case from File:C:/Users/ahmadw/Desktop/ECE491/DigitalDesign/Lab_2_Serial_Transmitter/Lab_2_Serial_Transmitter.srcs/sources_1/new/transmitter_fsm.sv:50
WARNING: 5ns : none of the conditions were true for unique case from File:C:/Users/ahmadw/Desktop/ECE491/DigitalDesign/Lab_2_Serial_Transmitter/Lab_2_Serial_Transmitter.srcs/sources_1/new/transmitter_fsm.sv:50
INFO: [USF-XSim-96] XSim completed. Design snapshot 'rtl_transmitter_bench_behav' loaded.
INFO: [USF-XSim-97] XSim simulation ran for 1000ns
run 10 us
relaunch_sim
INFO: [USF-XSim-27] Simulation object is 'sim_1'
INFO: [USF-XSim-37] Inspecting design source files for 'rtl_transmitter_bench' in fileset 'sim_1'...
INFO: [USF-XSim-97] Finding global include files...
INFO: [USF-XSim-98] Fetching design files from 'sim_1'...
INFO: [USF-XSim-2] XSim::Compile design
INFO: [USF-XSim-61] Executing 'COMPILE and ANALYZE' step in 'C:/Users/ahmadw/Desktop/ECE491/DigitalDesign/Lab_2_Serial_Transmitter/Lab_2_Serial_Transmitter.sim/sim_1/behav'
"xvlog -m64 --relax -prj rtl_transmitter_bench_vlog.prj"
INFO: [VRFC 10-2263] Analyzing SystemVerilog file "C:/Users/ahmadw/Desktop/ECE491/DigitalDesign/Lab_2_Serial_Transmitter/Lab_2_Serial_Transmitter.srcs/sources_1/new/transmitter_fsm.sv" into library xil_defaultlib
INFO: [VRFC 10-311] analyzing module transmitter_fsm
WARNING: [VRFC 10-756] identifier D is used before its declaration [C:/Users/ahmadw/Desktop/ECE491/DigitalDesign/Lab_2_Serial_Transmitter/Lab_2_Serial_Transmitter.srcs/sources_1/new/transmitter_fsm.sv:27]
WARNING: [VRFC 10-756] identifier N is used before its declaration [C:/Users/ahmadw/Desktop/ECE491/DigitalDesign/Lab_2_Serial_Transmitter/Lab_2_Serial_Transmitter.srcs/sources_1/new/transmitter_fsm.sv:28]
INFO: [VRFC 10-2263] Analyzing SystemVerilog file "C:/Users/ahmadw/Desktop/ECE491/DigitalDesign/Lab_2_Serial_Transmitter/Lab_2_Serial_Transmitter.srcs/sources_1/imports/Downloads/Lab 2 Reference Code-20170904/single_pulser.sv" into library xil_defaultlib
INFO: [VRFC 10-311] analyzing module single_pulser
INFO: [VRFC 10-2263] Analyzing SystemVerilog file "C:/Users/ahmadw/Desktop/ECE491/DigitalDesign/Lab_2_Serial_Transmitter/Lab_2_Serial_Transmitter.srcs/sources_1/imports/Downloads/Lab 1 Reference Code + Requirements Checklist-20170829/clkenb.sv" into library xil_defaultlib
INFO: [VRFC 10-311] analyzing module clkenb
INFO: [VRFC 10-2263] Analyzing SystemVerilog file "C:/Users/ahmadw/Desktop/ECE491/DigitalDesign/Lab_2_Serial_Transmitter/Lab_2_Serial_Transmitter.srcs/sources_1/imports/Downloads/Lab 2 Reference Code-20170904/bcdcounter.sv" into library xil_defaultlib
INFO: [VRFC 10-311] analyzing module bcdcounter
INFO: [VRFC 10-2263] Analyzing SystemVerilog file "C:/Users/ahmadw/Desktop/ECE491/DigitalDesign/Lab_2_Serial_Transmitter/Lab_2_Serial_Transmitter.srcs/sources_1/new/rtl_transmitter.sv" into library xil_defaultlib
INFO: [VRFC 10-311] analyzing module rtl_transmitter
INFO: [VRFC 10-2263] Analyzing SystemVerilog file "C:/Users/ahmadw/Desktop/ECE491/DigitalDesign/Lab_2_Serial_Transmitter/Lab_2_Serial_Transmitter.srcs/sim_1/new/rtl_transmitter_bench.sv" into library xil_defaultlib
INFO: [VRFC 10-311] analyzing module rtl_transmitter_bench
INFO: [VRFC 10-2263] Analyzing Verilog file "C:/Users/ahmadw/Desktop/ECE491/DigitalDesign/Lab_2_Serial_Transmitter/Lab_2_Serial_Transmitter.sim/sim_1/behav/glbl.v" into library xil_defaultlib
INFO: [VRFC 10-311] analyzing module glbl
INFO: [USF-XSim-69] 'compile' step finished in '1' seconds
INFO: [USF-XSim-3] XSim::Elaborate design
INFO: [USF-XSim-61] Executing 'ELABORATE' step in 'C:/Users/ahmadw/Desktop/ECE491/DigitalDesign/Lab_2_Serial_Transmitter/Lab_2_Serial_Transmitter.sim/sim_1/behav'
Vivado Simulator 2016.2
Copyright 1986-1999, 2001-2016 Xilinx, Inc. All Rights Reserved.
Running: C:/Xilinx/Vivado/2016.2/bin/unwrapped/win64.o/xelab.exe -wto 13c6a793ba224e2a815bfab7aec5bcce --debug typical --relax --mt 2 -L xil_defaultlib -L unisims_ver -L unimacro_ver -L secureip --snapshot rtl_transmitter_bench_behav xil_defaultlib.rtl_transmitter_bench xil_defaultlib.glbl -log elaborate.log 
Using 2 slave threads.
Starting static elaboration
Completed static elaboration
Starting simulation data flow analysis
WARNING: [XSIM 43-4100] "C:/Users/ahmadw/Desktop/ECE491/DigitalDesign/Lab_2_Serial_Transmitter/Lab_2_Serial_Transmitter.srcs/sources_1/new/rtl_transmitter.sv" Line 23. Module rtl_transmitter(BAUD=10000000) has a timescale but at least one module in design doesn't have timescale.
WARNING: [XSIM 43-4100] "C:/Users/ahmadw/Desktop/ECE491/DigitalDesign/Lab_2_Serial_Transmitter/Lab_2_Serial_Transmitter.srcs/sources_1/new/transmitter_fsm.sv" Line 23. Module transmitter_fsm has a timescale but at least one module in design doesn't have timescale.
WARNING: [XSIM 43-4100] "C:/Users/ahmadw/Desktop/ECE491/DigitalDesign/Lab_2_Serial_Transmitter/Lab_2_Serial_Transmitter.sim/sim_1/behav/glbl.v" Line 6. Module glbl has a timescale but at least one module in design doesn't have timescale.
WARNING: [XSIM 43-4100] "C:/Users/ahmadw/Desktop/ECE491/DigitalDesign/Lab_2_Serial_Transmitter/Lab_2_Serial_Transmitter.srcs/sources_1/new/rtl_transmitter.sv" Line 23. Module rtl_transmitter(BAUD=10000000) has a timescale but at least one module in design doesn't have timescale.
WARNING: [XSIM 43-4100] "C:/Users/ahmadw/Desktop/ECE491/DigitalDesign/Lab_2_Serial_Transmitter/Lab_2_Serial_Transmitter.srcs/sources_1/new/transmitter_fsm.sv" Line 23. Module transmitter_fsm has a timescale but at least one module in design doesn't have timescale.
WARNING: [XSIM 43-4100] "C:/Users/ahmadw/Desktop/ECE491/DigitalDesign/Lab_2_Serial_Transmitter/Lab_2_Serial_Transmitter.sim/sim_1/behav/glbl.v" Line 6. Module glbl has a timescale but at least one module in design doesn't have timescale.
Completed simulation data flow analysis
Time Resolution for simulation is 1ps
Compiling module xil_defaultlib.clkenb(DIVFREQ=10000000)
Compiling module xil_defaultlib.single_pulser
Compiling module xil_defaultlib.bcdcounter
Compiling module xil_defaultlib.transmitter_fsm
Compiling module xil_defaultlib.rtl_transmitter(BAUD=10000000)
Compiling module xil_defaultlib.rtl_transmitter_bench
Compiling module xil_defaultlib.glbl
Built simulation snapshot rtl_transmitter_bench_behav
INFO: [USF-XSim-69] 'elaborate' step finished in '1' seconds
Vivado Simulator 2016.2
Time resolution is 1 ps
WARNING: 0ns : none of the conditions were true for unique case from File:C:/Users/ahmadw/Desktop/ECE491/DigitalDesign/Lab_2_Serial_Transmitter/Lab_2_Serial_Transmitter.srcs/sources_1/new/transmitter_fsm.sv:50
WARNING: 5ns : none of the conditions were true for unique case from File:C:/Users/ahmadw/Desktop/ECE491/DigitalDesign/Lab_2_Serial_Transmitter/Lab_2_Serial_Transmitter.srcs/sources_1/new/transmitter_fsm.sv:50
run 10 us
step
Stopped at time : 6115 ns : File "C:/Users/ahmadw/Desktop/ECE491/DigitalDesign/Lab_2_Serial_Transmitter/Lab_2_Serial_Transmitter.srcs/sources_1/imports/Downloads/Lab 1 Reference Code + Requirements Checklist-20170829/clkenb.sv" Line 29
relaunch_sim
INFO: [USF-XSim-27] Simulation object is 'sim_1'
INFO: [USF-XSim-37] Inspecting design source files for 'rtl_transmitter_bench' in fileset 'sim_1'...
INFO: [USF-XSim-97] Finding global include files...
INFO: [USF-XSim-98] Fetching design files from 'sim_1'...
INFO: [USF-XSim-2] XSim::Compile design
INFO: [USF-XSim-61] Executing 'COMPILE and ANALYZE' step in 'C:/Users/ahmadw/Desktop/ECE491/DigitalDesign/Lab_2_Serial_Transmitter/Lab_2_Serial_Transmitter.sim/sim_1/behav'
"xvlog -m64 --relax -prj rtl_transmitter_bench_vlog.prj"
INFO: [VRFC 10-2263] Analyzing SystemVerilog file "C:/Users/ahmadw/Desktop/ECE491/DigitalDesign/Lab_2_Serial_Transmitter/Lab_2_Serial_Transmitter.srcs/sources_1/new/transmitter_fsm.sv" into library xil_defaultlib
INFO: [VRFC 10-311] analyzing module transmitter_fsm
WARNING: [VRFC 10-756] identifier D is used before its declaration [C:/Users/ahmadw/Desktop/ECE491/DigitalDesign/Lab_2_Serial_Transmitter/Lab_2_Serial_Transmitter.srcs/sources_1/new/transmitter_fsm.sv:27]
WARNING: [VRFC 10-756] identifier N is used before its declaration [C:/Users/ahmadw/Desktop/ECE491/DigitalDesign/Lab_2_Serial_Transmitter/Lab_2_Serial_Transmitter.srcs/sources_1/new/transmitter_fsm.sv:28]
INFO: [VRFC 10-2263] Analyzing SystemVerilog file "C:/Users/ahmadw/Desktop/ECE491/DigitalDesign/Lab_2_Serial_Transmitter/Lab_2_Serial_Transmitter.srcs/sources_1/imports/Downloads/Lab 2 Reference Code-20170904/single_pulser.sv" into library xil_defaultlib
INFO: [VRFC 10-311] analyzing module single_pulser
INFO: [VRFC 10-2263] Analyzing SystemVerilog file "C:/Users/ahmadw/Desktop/ECE491/DigitalDesign/Lab_2_Serial_Transmitter/Lab_2_Serial_Transmitter.srcs/sources_1/imports/Downloads/Lab 1 Reference Code + Requirements Checklist-20170829/clkenb.sv" into library xil_defaultlib
INFO: [VRFC 10-311] analyzing module clkenb
INFO: [VRFC 10-2263] Analyzing SystemVerilog file "C:/Users/ahmadw/Desktop/ECE491/DigitalDesign/Lab_2_Serial_Transmitter/Lab_2_Serial_Transmitter.srcs/sources_1/imports/Downloads/Lab 2 Reference Code-20170904/bcdcounter.sv" into library xil_defaultlib
INFO: [VRFC 10-311] analyzing module bcdcounter
INFO: [VRFC 10-2263] Analyzing SystemVerilog file "C:/Users/ahmadw/Desktop/ECE491/DigitalDesign/Lab_2_Serial_Transmitter/Lab_2_Serial_Transmitter.srcs/sources_1/new/rtl_transmitter.sv" into library xil_defaultlib
INFO: [VRFC 10-311] analyzing module rtl_transmitter
INFO: [VRFC 10-2263] Analyzing SystemVerilog file "C:/Users/ahmadw/Desktop/ECE491/DigitalDesign/Lab_2_Serial_Transmitter/Lab_2_Serial_Transmitter.srcs/sim_1/new/rtl_transmitter_bench.sv" into library xil_defaultlib
INFO: [VRFC 10-311] analyzing module rtl_transmitter_bench
INFO: [VRFC 10-2263] Analyzing Verilog file "C:/Users/ahmadw/Desktop/ECE491/DigitalDesign/Lab_2_Serial_Transmitter/Lab_2_Serial_Transmitter.sim/sim_1/behav/glbl.v" into library xil_defaultlib
INFO: [VRFC 10-311] analyzing module glbl
INFO: [USF-XSim-69] 'compile' step finished in '1' seconds
INFO: [USF-XSim-3] XSim::Elaborate design
INFO: [USF-XSim-61] Executing 'ELABORATE' step in 'C:/Users/ahmadw/Desktop/ECE491/DigitalDesign/Lab_2_Serial_Transmitter/Lab_2_Serial_Transmitter.sim/sim_1/behav'
Vivado Simulator 2016.2
Copyright 1986-1999, 2001-2016 Xilinx, Inc. All Rights Reserved.
Running: C:/Xilinx/Vivado/2016.2/bin/unwrapped/win64.o/xelab.exe -wto 13c6a793ba224e2a815bfab7aec5bcce --debug typical --relax --mt 2 -L xil_defaultlib -L unisims_ver -L unimacro_ver -L secureip --snapshot rtl_transmitter_bench_behav xil_defaultlib.rtl_transmitter_bench xil_defaultlib.glbl -log elaborate.log 
Using 2 slave threads.
Starting static elaboration
Completed static elaboration
Starting simulation data flow analysis
WARNING: [XSIM 43-4100] "C:/Users/ahmadw/Desktop/ECE491/DigitalDesign/Lab_2_Serial_Transmitter/Lab_2_Serial_Transmitter.srcs/sources_1/new/rtl_transmitter.sv" Line 23. Module rtl_transmitter(BAUD=10000000) has a timescale but at least one module in design doesn't have timescale.
WARNING: [XSIM 43-4100] "C:/Users/ahmadw/Desktop/ECE491/DigitalDesign/Lab_2_Serial_Transmitter/Lab_2_Serial_Transmitter.srcs/sources_1/new/transmitter_fsm.sv" Line 23. Module transmitter_fsm has a timescale but at least one module in design doesn't have timescale.
WARNING: [XSIM 43-4100] "C:/Users/ahmadw/Desktop/ECE491/DigitalDesign/Lab_2_Serial_Transmitter/Lab_2_Serial_Transmitter.sim/sim_1/behav/glbl.v" Line 6. Module glbl has a timescale but at least one module in design doesn't have timescale.
WARNING: [XSIM 43-4100] "C:/Users/ahmadw/Desktop/ECE491/DigitalDesign/Lab_2_Serial_Transmitter/Lab_2_Serial_Transmitter.srcs/sources_1/new/rtl_transmitter.sv" Line 23. Module rtl_transmitter(BAUD=10000000) has a timescale but at least one module in design doesn't have timescale.
WARNING: [XSIM 43-4100] "C:/Users/ahmadw/Desktop/ECE491/DigitalDesign/Lab_2_Serial_Transmitter/Lab_2_Serial_Transmitter.srcs/sources_1/new/transmitter_fsm.sv" Line 23. Module transmitter_fsm has a timescale but at least one module in design doesn't have timescale.
WARNING: [XSIM 43-4100] "C:/Users/ahmadw/Desktop/ECE491/DigitalDesign/Lab_2_Serial_Transmitter/Lab_2_Serial_Transmitter.sim/sim_1/behav/glbl.v" Line 6. Module glbl has a timescale but at least one module in design doesn't have timescale.
Completed simulation data flow analysis
Time Resolution for simulation is 1ps
Compiling module xil_defaultlib.clkenb(DIVFREQ=10000000)
Compiling module xil_defaultlib.single_pulser
Compiling module xil_defaultlib.bcdcounter
Compiling module xil_defaultlib.transmitter_fsm
Compiling module xil_defaultlib.rtl_transmitter(BAUD=10000000)
Compiling module xil_defaultlib.rtl_transmitter_bench
Compiling module xil_defaultlib.glbl
Built simulation snapshot rtl_transmitter_bench_behav
INFO: [USF-XSim-69] 'elaborate' step finished in '1' seconds
Vivado Simulator 2016.2
Time resolution is 1 ps
WARNING: 0ns : none of the conditions were true for unique case from File:C:/Users/ahmadw/Desktop/ECE491/DigitalDesign/Lab_2_Serial_Transmitter/Lab_2_Serial_Transmitter.srcs/sources_1/new/transmitter_fsm.sv:50
WARNING: 5ns : none of the conditions were true for unique case from File:C:/Users/ahmadw/Desktop/ECE491/DigitalDesign/Lab_2_Serial_Transmitter/Lab_2_Serial_Transmitter.srcs/sources_1/new/transmitter_fsm.sv:50
run 10 us
run 10 us
relaunch_sim
INFO: [USF-XSim-27] Simulation object is 'sim_1'
INFO: [USF-XSim-37] Inspecting design source files for 'rtl_transmitter_bench' in fileset 'sim_1'...
INFO: [USF-XSim-97] Finding global include files...
INFO: [USF-XSim-98] Fetching design files from 'sim_1'...
INFO: [USF-XSim-2] XSim::Compile design
INFO: [USF-XSim-61] Executing 'COMPILE and ANALYZE' step in 'C:/Users/ahmadw/Desktop/ECE491/DigitalDesign/Lab_2_Serial_Transmitter/Lab_2_Serial_Transmitter.sim/sim_1/behav'
"xvlog -m64 --relax -prj rtl_transmitter_bench_vlog.prj"
INFO: [VRFC 10-2263] Analyzing SystemVerilog file "C:/Users/ahmadw/Desktop/ECE491/DigitalDesign/Lab_2_Serial_Transmitter/Lab_2_Serial_Transmitter.srcs/sources_1/new/transmitter_fsm.sv" into library xil_defaultlib
INFO: [VRFC 10-311] analyzing module transmitter_fsm
WARNING: [VRFC 10-756] identifier D is used before its declaration [C:/Users/ahmadw/Desktop/ECE491/DigitalDesign/Lab_2_Serial_Transmitter/Lab_2_Serial_Transmitter.srcs/sources_1/new/transmitter_fsm.sv:27]
WARNING: [VRFC 10-756] identifier N is used before its declaration [C:/Users/ahmadw/Desktop/ECE491/DigitalDesign/Lab_2_Serial_Transmitter/Lab_2_Serial_Transmitter.srcs/sources_1/new/transmitter_fsm.sv:28]
INFO: [VRFC 10-2263] Analyzing SystemVerilog file "C:/Users/ahmadw/Desktop/ECE491/DigitalDesign/Lab_2_Serial_Transmitter/Lab_2_Serial_Transmitter.srcs/sources_1/imports/Downloads/Lab 2 Reference Code-20170904/single_pulser.sv" into library xil_defaultlib
INFO: [VRFC 10-311] analyzing module single_pulser
INFO: [VRFC 10-2263] Analyzing SystemVerilog file "C:/Users/ahmadw/Desktop/ECE491/DigitalDesign/Lab_2_Serial_Transmitter/Lab_2_Serial_Transmitter.srcs/sources_1/imports/Downloads/Lab 1 Reference Code + Requirements Checklist-20170829/clkenb.sv" into library xil_defaultlib
INFO: [VRFC 10-311] analyzing module clkenb
INFO: [VRFC 10-2263] Analyzing SystemVerilog file "C:/Users/ahmadw/Desktop/ECE491/DigitalDesign/Lab_2_Serial_Transmitter/Lab_2_Serial_Transmitter.srcs/sources_1/imports/Downloads/Lab 2 Reference Code-20170904/bcdcounter.sv" into library xil_defaultlib
INFO: [VRFC 10-311] analyzing module bcdcounter
INFO: [VRFC 10-2263] Analyzing SystemVerilog file "C:/Users/ahmadw/Desktop/ECE491/DigitalDesign/Lab_2_Serial_Transmitter/Lab_2_Serial_Transmitter.srcs/sources_1/new/rtl_transmitter.sv" into library xil_defaultlib
INFO: [VRFC 10-311] analyzing module rtl_transmitter
INFO: [VRFC 10-2263] Analyzing SystemVerilog file "C:/Users/ahmadw/Desktop/ECE491/DigitalDesign/Lab_2_Serial_Transmitter/Lab_2_Serial_Transmitter.srcs/sim_1/new/rtl_transmitter_bench.sv" into library xil_defaultlib
INFO: [VRFC 10-311] analyzing module rtl_transmitter_bench
INFO: [VRFC 10-2263] Analyzing Verilog file "C:/Users/ahmadw/Desktop/ECE491/DigitalDesign/Lab_2_Serial_Transmitter/Lab_2_Serial_Transmitter.sim/sim_1/behav/glbl.v" into library xil_defaultlib
INFO: [VRFC 10-311] analyzing module glbl
INFO: [USF-XSim-69] 'compile' step finished in '1' seconds
INFO: [USF-XSim-3] XSim::Elaborate design
INFO: [USF-XSim-61] Executing 'ELABORATE' step in 'C:/Users/ahmadw/Desktop/ECE491/DigitalDesign/Lab_2_Serial_Transmitter/Lab_2_Serial_Transmitter.sim/sim_1/behav'
Vivado Simulator 2016.2
Copyright 1986-1999, 2001-2016 Xilinx, Inc. All Rights Reserved.
Running: C:/Xilinx/Vivado/2016.2/bin/unwrapped/win64.o/xelab.exe -wto 13c6a793ba224e2a815bfab7aec5bcce --debug typical --relax --mt 2 -L xil_defaultlib -L unisims_ver -L unimacro_ver -L secureip --snapshot rtl_transmitter_bench_behav xil_defaultlib.rtl_transmitter_bench xil_defaultlib.glbl -log elaborate.log 
Using 2 slave threads.
Starting static elaboration
Completed static elaboration
Starting simulation data flow analysis
WARNING: [XSIM 43-4100] "C:/Users/ahmadw/Desktop/ECE491/DigitalDesign/Lab_2_Serial_Transmitter/Lab_2_Serial_Transmitter.srcs/sources_1/new/rtl_transmitter.sv" Line 23. Module rtl_transmitter(BAUD=10000000) has a timescale but at least one module in design doesn't have timescale.
WARNING: [XSIM 43-4100] "C:/Users/ahmadw/Desktop/ECE491/DigitalDesign/Lab_2_Serial_Transmitter/Lab_2_Serial_Transmitter.srcs/sources_1/new/transmitter_fsm.sv" Line 23. Module transmitter_fsm has a timescale but at least one module in design doesn't have timescale.
WARNING: [XSIM 43-4100] "C:/Users/ahmadw/Desktop/ECE491/DigitalDesign/Lab_2_Serial_Transmitter/Lab_2_Serial_Transmitter.sim/sim_1/behav/glbl.v" Line 6. Module glbl has a timescale but at least one module in design doesn't have timescale.
WARNING: [XSIM 43-4100] "C:/Users/ahmadw/Desktop/ECE491/DigitalDesign/Lab_2_Serial_Transmitter/Lab_2_Serial_Transmitter.srcs/sources_1/new/rtl_transmitter.sv" Line 23. Module rtl_transmitter(BAUD=10000000) has a timescale but at least one module in design doesn't have timescale.
WARNING: [XSIM 43-4100] "C:/Users/ahmadw/Desktop/ECE491/DigitalDesign/Lab_2_Serial_Transmitter/Lab_2_Serial_Transmitter.srcs/sources_1/new/transmitter_fsm.sv" Line 23. Module transmitter_fsm has a timescale but at least one module in design doesn't have timescale.
WARNING: [XSIM 43-4100] "C:/Users/ahmadw/Desktop/ECE491/DigitalDesign/Lab_2_Serial_Transmitter/Lab_2_Serial_Transmitter.sim/sim_1/behav/glbl.v" Line 6. Module glbl has a timescale but at least one module in design doesn't have timescale.
Completed simulation data flow analysis
Time Resolution for simulation is 1ps
Compiling module xil_defaultlib.clkenb(DIVFREQ=10000000)
Compiling module xil_defaultlib.single_pulser
Compiling module xil_defaultlib.bcdcounter
Compiling module xil_defaultlib.transmitter_fsm
Compiling module xil_defaultlib.rtl_transmitter(BAUD=10000000)
Compiling module xil_defaultlib.rtl_transmitter_bench
Compiling module xil_defaultlib.glbl
Built simulation snapshot rtl_transmitter_bench_behav
INFO: [USF-XSim-69] 'elaborate' step finished in '1' seconds
Vivado Simulator 2016.2
Time resolution is 1 ps
WARNING: 0ns : none of the conditions were true for unique case from File:C:/Users/ahmadw/Desktop/ECE491/DigitalDesign/Lab_2_Serial_Transmitter/Lab_2_Serial_Transmitter.srcs/sources_1/new/transmitter_fsm.sv:50
WARNING: 5ns : none of the conditions were true for unique case from File:C:/Users/ahmadw/Desktop/ECE491/DigitalDesign/Lab_2_Serial_Transmitter/Lab_2_Serial_Transmitter.srcs/sources_1/new/transmitter_fsm.sv:50
run 10 us
relaunch_sim
INFO: [USF-XSim-27] Simulation object is 'sim_1'
INFO: [USF-XSim-37] Inspecting design source files for 'rtl_transmitter_bench' in fileset 'sim_1'...
INFO: [USF-XSim-97] Finding global include files...
INFO: [USF-XSim-98] Fetching design files from 'sim_1'...
INFO: [USF-XSim-2] XSim::Compile design
INFO: [USF-XSim-61] Executing 'COMPILE and ANALYZE' step in 'C:/Users/ahmadw/Desktop/ECE491/DigitalDesign/Lab_2_Serial_Transmitter/Lab_2_Serial_Transmitter.sim/sim_1/behav'
"xvlog -m64 --relax -prj rtl_transmitter_bench_vlog.prj"
INFO: [VRFC 10-2263] Analyzing SystemVerilog file "C:/Users/ahmadw/Desktop/ECE491/DigitalDesign/Lab_2_Serial_Transmitter/Lab_2_Serial_Transmitter.srcs/sources_1/new/transmitter_fsm.sv" into library xil_defaultlib
INFO: [VRFC 10-311] analyzing module transmitter_fsm
WARNING: [VRFC 10-756] identifier D is used before its declaration [C:/Users/ahmadw/Desktop/ECE491/DigitalDesign/Lab_2_Serial_Transmitter/Lab_2_Serial_Transmitter.srcs/sources_1/new/transmitter_fsm.sv:27]
WARNING: [VRFC 10-756] identifier N is used before its declaration [C:/Users/ahmadw/Desktop/ECE491/DigitalDesign/Lab_2_Serial_Transmitter/Lab_2_Serial_Transmitter.srcs/sources_1/new/transmitter_fsm.sv:28]
INFO: [VRFC 10-2263] Analyzing SystemVerilog file "C:/Users/ahmadw/Desktop/ECE491/DigitalDesign/Lab_2_Serial_Transmitter/Lab_2_Serial_Transmitter.srcs/sources_1/imports/Downloads/Lab 2 Reference Code-20170904/single_pulser.sv" into library xil_defaultlib
INFO: [VRFC 10-311] analyzing module single_pulser
INFO: [VRFC 10-2263] Analyzing SystemVerilog file "C:/Users/ahmadw/Desktop/ECE491/DigitalDesign/Lab_2_Serial_Transmitter/Lab_2_Serial_Transmitter.srcs/sources_1/imports/Downloads/Lab 1 Reference Code + Requirements Checklist-20170829/clkenb.sv" into library xil_defaultlib
INFO: [VRFC 10-311] analyzing module clkenb
INFO: [VRFC 10-2263] Analyzing SystemVerilog file "C:/Users/ahmadw/Desktop/ECE491/DigitalDesign/Lab_2_Serial_Transmitter/Lab_2_Serial_Transmitter.srcs/sources_1/imports/Downloads/Lab 2 Reference Code-20170904/bcdcounter.sv" into library xil_defaultlib
INFO: [VRFC 10-311] analyzing module bcdcounter
INFO: [VRFC 10-2263] Analyzing SystemVerilog file "C:/Users/ahmadw/Desktop/ECE491/DigitalDesign/Lab_2_Serial_Transmitter/Lab_2_Serial_Transmitter.srcs/sources_1/new/rtl_transmitter.sv" into library xil_defaultlib
INFO: [VRFC 10-311] analyzing module rtl_transmitter
INFO: [VRFC 10-2263] Analyzing SystemVerilog file "C:/Users/ahmadw/Desktop/ECE491/DigitalDesign/Lab_2_Serial_Transmitter/Lab_2_Serial_Transmitter.srcs/sim_1/new/rtl_transmitter_bench.sv" into library xil_defaultlib
INFO: [VRFC 10-311] analyzing module rtl_transmitter_bench
INFO: [VRFC 10-2263] Analyzing Verilog file "C:/Users/ahmadw/Desktop/ECE491/DigitalDesign/Lab_2_Serial_Transmitter/Lab_2_Serial_Transmitter.sim/sim_1/behav/glbl.v" into library xil_defaultlib
INFO: [VRFC 10-311] analyzing module glbl
INFO: [USF-XSim-69] 'compile' step finished in '1' seconds
INFO: [USF-XSim-3] XSim::Elaborate design
INFO: [USF-XSim-61] Executing 'ELABORATE' step in 'C:/Users/ahmadw/Desktop/ECE491/DigitalDesign/Lab_2_Serial_Transmitter/Lab_2_Serial_Transmitter.sim/sim_1/behav'
Vivado Simulator 2016.2
Copyright 1986-1999, 2001-2016 Xilinx, Inc. All Rights Reserved.
Running: C:/Xilinx/Vivado/2016.2/bin/unwrapped/win64.o/xelab.exe -wto 13c6a793ba224e2a815bfab7aec5bcce --debug typical --relax --mt 2 -L xil_defaultlib -L unisims_ver -L unimacro_ver -L secureip --snapshot rtl_transmitter_bench_behav xil_defaultlib.rtl_transmitter_bench xil_defaultlib.glbl -log elaborate.log 
Using 2 slave threads.
Starting static elaboration
Completed static elaboration
Starting simulation data flow analysis
WARNING: [XSIM 43-4100] "C:/Users/ahmadw/Desktop/ECE491/DigitalDesign/Lab_2_Serial_Transmitter/Lab_2_Serial_Transmitter.srcs/sources_1/new/rtl_transmitter.sv" Line 23. Module rtl_transmitter(BAUD=10000000) has a timescale but at least one module in design doesn't have timescale.
WARNING: [XSIM 43-4100] "C:/Users/ahmadw/Desktop/ECE491/DigitalDesign/Lab_2_Serial_Transmitter/Lab_2_Serial_Transmitter.srcs/sources_1/new/transmitter_fsm.sv" Line 23. Module transmitter_fsm has a timescale but at least one module in design doesn't have timescale.
WARNING: [XSIM 43-4100] "C:/Users/ahmadw/Desktop/ECE491/DigitalDesign/Lab_2_Serial_Transmitter/Lab_2_Serial_Transmitter.sim/sim_1/behav/glbl.v" Line 6. Module glbl has a timescale but at least one module in design doesn't have timescale.
WARNING: [XSIM 43-4100] "C:/Users/ahmadw/Desktop/ECE491/DigitalDesign/Lab_2_Serial_Transmitter/Lab_2_Serial_Transmitter.srcs/sources_1/new/rtl_transmitter.sv" Line 23. Module rtl_transmitter(BAUD=10000000) has a timescale but at least one module in design doesn't have timescale.
WARNING: [XSIM 43-4100] "C:/Users/ahmadw/Desktop/ECE491/DigitalDesign/Lab_2_Serial_Transmitter/Lab_2_Serial_Transmitter.srcs/sources_1/new/transmitter_fsm.sv" Line 23. Module transmitter_fsm has a timescale but at least one module in design doesn't have timescale.
WARNING: [XSIM 43-4100] "C:/Users/ahmadw/Desktop/ECE491/DigitalDesign/Lab_2_Serial_Transmitter/Lab_2_Serial_Transmitter.sim/sim_1/behav/glbl.v" Line 6. Module glbl has a timescale but at least one module in design doesn't have timescale.
Completed simulation data flow analysis
Time Resolution for simulation is 1ps
Compiling module xil_defaultlib.clkenb(DIVFREQ=10000000)
Compiling module xil_defaultlib.single_pulser
Compiling module xil_defaultlib.bcdcounter
Compiling module xil_defaultlib.transmitter_fsm
Compiling module xil_defaultlib.rtl_transmitter(BAUD=10000000)
Compiling module xil_defaultlib.rtl_transmitter_bench
Compiling module xil_defaultlib.glbl
Built simulation snapshot rtl_transmitter_bench_behav
INFO: [USF-XSim-69] 'elaborate' step finished in '1' seconds
Vivado Simulator 2016.2
Time resolution is 1 ps
WARNING: 0ns : none of the conditions were true for unique case from File:C:/Users/ahmadw/Desktop/ECE491/DigitalDesign/Lab_2_Serial_Transmitter/Lab_2_Serial_Transmitter.srcs/sources_1/new/transmitter_fsm.sv:50
WARNING: 5ns : none of the conditions were true for unique case from File:C:/Users/ahmadw/Desktop/ECE491/DigitalDesign/Lab_2_Serial_Transmitter/Lab_2_Serial_Transmitter.srcs/sources_1/new/transmitter_fsm.sv:50
run 10 us
relaunch_sim
INFO: [USF-XSim-27] Simulation object is 'sim_1'
INFO: [USF-XSim-37] Inspecting design source files for 'rtl_transmitter_bench' in fileset 'sim_1'...
INFO: [USF-XSim-97] Finding global include files...
INFO: [USF-XSim-98] Fetching design files from 'sim_1'...
INFO: [USF-XSim-2] XSim::Compile design
INFO: [USF-XSim-61] Executing 'COMPILE and ANALYZE' step in 'C:/Users/ahmadw/Desktop/ECE491/DigitalDesign/Lab_2_Serial_Transmitter/Lab_2_Serial_Transmitter.sim/sim_1/behav'
"xvlog -m64 --relax -prj rtl_transmitter_bench_vlog.prj"
INFO: [VRFC 10-2263] Analyzing SystemVerilog file "C:/Users/ahmadw/Desktop/ECE491/DigitalDesign/Lab_2_Serial_Transmitter/Lab_2_Serial_Transmitter.srcs/sources_1/new/transmitter_fsm.sv" into library xil_defaultlib
INFO: [VRFC 10-311] analyzing module transmitter_fsm
WARNING: [VRFC 10-756] identifier D is used before its declaration [C:/Users/ahmadw/Desktop/ECE491/DigitalDesign/Lab_2_Serial_Transmitter/Lab_2_Serial_Transmitter.srcs/sources_1/new/transmitter_fsm.sv:27]
WARNING: [VRFC 10-756] identifier N is used before its declaration [C:/Users/ahmadw/Desktop/ECE491/DigitalDesign/Lab_2_Serial_Transmitter/Lab_2_Serial_Transmitter.srcs/sources_1/new/transmitter_fsm.sv:28]
INFO: [VRFC 10-2263] Analyzing SystemVerilog file "C:/Users/ahmadw/Desktop/ECE491/DigitalDesign/Lab_2_Serial_Transmitter/Lab_2_Serial_Transmitter.srcs/sources_1/imports/Downloads/Lab 2 Reference Code-20170904/single_pulser.sv" into library xil_defaultlib
INFO: [VRFC 10-311] analyzing module single_pulser
INFO: [VRFC 10-2263] Analyzing SystemVerilog file "C:/Users/ahmadw/Desktop/ECE491/DigitalDesign/Lab_2_Serial_Transmitter/Lab_2_Serial_Transmitter.srcs/sources_1/imports/Downloads/Lab 1 Reference Code + Requirements Checklist-20170829/clkenb.sv" into library xil_defaultlib
INFO: [VRFC 10-311] analyzing module clkenb
INFO: [VRFC 10-2263] Analyzing SystemVerilog file "C:/Users/ahmadw/Desktop/ECE491/DigitalDesign/Lab_2_Serial_Transmitter/Lab_2_Serial_Transmitter.srcs/sources_1/imports/Downloads/Lab 2 Reference Code-20170904/bcdcounter.sv" into library xil_defaultlib
INFO: [VRFC 10-311] analyzing module bcdcounter
INFO: [VRFC 10-2263] Analyzing SystemVerilog file "C:/Users/ahmadw/Desktop/ECE491/DigitalDesign/Lab_2_Serial_Transmitter/Lab_2_Serial_Transmitter.srcs/sources_1/new/rtl_transmitter.sv" into library xil_defaultlib
INFO: [VRFC 10-311] analyzing module rtl_transmitter
INFO: [VRFC 10-2263] Analyzing SystemVerilog file "C:/Users/ahmadw/Desktop/ECE491/DigitalDesign/Lab_2_Serial_Transmitter/Lab_2_Serial_Transmitter.srcs/sim_1/new/rtl_transmitter_bench.sv" into library xil_defaultlib
INFO: [VRFC 10-311] analyzing module rtl_transmitter_bench
INFO: [VRFC 10-2263] Analyzing Verilog file "C:/Users/ahmadw/Desktop/ECE491/DigitalDesign/Lab_2_Serial_Transmitter/Lab_2_Serial_Transmitter.sim/sim_1/behav/glbl.v" into library xil_defaultlib
INFO: [VRFC 10-311] analyzing module glbl
INFO: [USF-XSim-69] 'compile' step finished in '1' seconds
INFO: [USF-XSim-3] XSim::Elaborate design
INFO: [USF-XSim-61] Executing 'ELABORATE' step in 'C:/Users/ahmadw/Desktop/ECE491/DigitalDesign/Lab_2_Serial_Transmitter/Lab_2_Serial_Transmitter.sim/sim_1/behav'
Vivado Simulator 2016.2
Copyright 1986-1999, 2001-2016 Xilinx, Inc. All Rights Reserved.
Running: C:/Xilinx/Vivado/2016.2/bin/unwrapped/win64.o/xelab.exe -wto 13c6a793ba224e2a815bfab7aec5bcce --debug typical --relax --mt 2 -L xil_defaultlib -L unisims_ver -L unimacro_ver -L secureip --snapshot rtl_transmitter_bench_behav xil_defaultlib.rtl_transmitter_bench xil_defaultlib.glbl -log elaborate.log 
Using 2 slave threads.
Starting static elaboration
Completed static elaboration
Starting simulation data flow analysis
WARNING: [XSIM 43-4100] "C:/Users/ahmadw/Desktop/ECE491/DigitalDesign/Lab_2_Serial_Transmitter/Lab_2_Serial_Transmitter.srcs/sources_1/new/rtl_transmitter.sv" Line 23. Module rtl_transmitter(BAUD=10000000) has a timescale but at least one module in design doesn't have timescale.
WARNING: [XSIM 43-4100] "C:/Users/ahmadw/Desktop/ECE491/DigitalDesign/Lab_2_Serial_Transmitter/Lab_2_Serial_Transmitter.srcs/sources_1/new/transmitter_fsm.sv" Line 23. Module transmitter_fsm has a timescale but at least one module in design doesn't have timescale.
WARNING: [XSIM 43-4100] "C:/Users/ahmadw/Desktop/ECE491/DigitalDesign/Lab_2_Serial_Transmitter/Lab_2_Serial_Transmitter.sim/sim_1/behav/glbl.v" Line 6. Module glbl has a timescale but at least one module in design doesn't have timescale.
WARNING: [XSIM 43-4100] "C:/Users/ahmadw/Desktop/ECE491/DigitalDesign/Lab_2_Serial_Transmitter/Lab_2_Serial_Transmitter.srcs/sources_1/new/rtl_transmitter.sv" Line 23. Module rtl_transmitter(BAUD=10000000) has a timescale but at least one module in design doesn't have timescale.
WARNING: [XSIM 43-4100] "C:/Users/ahmadw/Desktop/ECE491/DigitalDesign/Lab_2_Serial_Transmitter/Lab_2_Serial_Transmitter.srcs/sources_1/new/transmitter_fsm.sv" Line 23. Module transmitter_fsm has a timescale but at least one module in design doesn't have timescale.
WARNING: [XSIM 43-4100] "C:/Users/ahmadw/Desktop/ECE491/DigitalDesign/Lab_2_Serial_Transmitter/Lab_2_Serial_Transmitter.sim/sim_1/behav/glbl.v" Line 6. Module glbl has a timescale but at least one module in design doesn't have timescale.
Completed simulation data flow analysis
Time Resolution for simulation is 1ps
Compiling module xil_defaultlib.clkenb(DIVFREQ=10000000)
Compiling module xil_defaultlib.single_pulser
Compiling module xil_defaultlib.bcdcounter
Compiling module xil_defaultlib.transmitter_fsm
Compiling module xil_defaultlib.rtl_transmitter(BAUD=10000000)
Compiling module xil_defaultlib.rtl_transmitter_bench
Compiling module xil_defaultlib.glbl
Built simulation snapshot rtl_transmitter_bench_behav
INFO: [USF-XSim-69] 'elaborate' step finished in '1' seconds
Vivado Simulator 2016.2
Time resolution is 1 ps
WARNING: 0ns : none of the conditions were true for unique case from File:C:/Users/ahmadw/Desktop/ECE491/DigitalDesign/Lab_2_Serial_Transmitter/Lab_2_Serial_Transmitter.srcs/sources_1/new/transmitter_fsm.sv:50
WARNING: 5ns : none of the conditions were true for unique case from File:C:/Users/ahmadw/Desktop/ECE491/DigitalDesign/Lab_2_Serial_Transmitter/Lab_2_Serial_Transmitter.srcs/sources_1/new/transmitter_fsm.sv:50
run 10 us
relaunch_sim
INFO: [USF-XSim-27] Simulation object is 'sim_1'
INFO: [USF-XSim-37] Inspecting design source files for 'rtl_transmitter_bench' in fileset 'sim_1'...
INFO: [USF-XSim-97] Finding global include files...
INFO: [USF-XSim-98] Fetching design files from 'sim_1'...
INFO: [USF-XSim-2] XSim::Compile design
INFO: [USF-XSim-61] Executing 'COMPILE and ANALYZE' step in 'C:/Users/ahmadw/Desktop/ECE491/DigitalDesign/Lab_2_Serial_Transmitter/Lab_2_Serial_Transmitter.sim/sim_1/behav'
"xvlog -m64 --relax -prj rtl_transmitter_bench_vlog.prj"
INFO: [VRFC 10-2263] Analyzing SystemVerilog file "C:/Users/ahmadw/Desktop/ECE491/DigitalDesign/Lab_2_Serial_Transmitter/Lab_2_Serial_Transmitter.srcs/sources_1/new/transmitter_fsm.sv" into library xil_defaultlib
INFO: [VRFC 10-311] analyzing module transmitter_fsm
WARNING: [VRFC 10-756] identifier D is used before its declaration [C:/Users/ahmadw/Desktop/ECE491/DigitalDesign/Lab_2_Serial_Transmitter/Lab_2_Serial_Transmitter.srcs/sources_1/new/transmitter_fsm.sv:27]
WARNING: [VRFC 10-756] identifier N is used before its declaration [C:/Users/ahmadw/Desktop/ECE491/DigitalDesign/Lab_2_Serial_Transmitter/Lab_2_Serial_Transmitter.srcs/sources_1/new/transmitter_fsm.sv:28]
INFO: [VRFC 10-2263] Analyzing SystemVerilog file "C:/Users/ahmadw/Desktop/ECE491/DigitalDesign/Lab_2_Serial_Transmitter/Lab_2_Serial_Transmitter.srcs/sources_1/imports/Downloads/Lab 2 Reference Code-20170904/single_pulser.sv" into library xil_defaultlib
INFO: [VRFC 10-311] analyzing module single_pulser
INFO: [VRFC 10-2263] Analyzing SystemVerilog file "C:/Users/ahmadw/Desktop/ECE491/DigitalDesign/Lab_2_Serial_Transmitter/Lab_2_Serial_Transmitter.srcs/sources_1/imports/Downloads/Lab 1 Reference Code + Requirements Checklist-20170829/clkenb.sv" into library xil_defaultlib
INFO: [VRFC 10-311] analyzing module clkenb
INFO: [VRFC 10-2263] Analyzing SystemVerilog file "C:/Users/ahmadw/Desktop/ECE491/DigitalDesign/Lab_2_Serial_Transmitter/Lab_2_Serial_Transmitter.srcs/sources_1/imports/Downloads/Lab 2 Reference Code-20170904/bcdcounter.sv" into library xil_defaultlib
INFO: [VRFC 10-311] analyzing module bcdcounter
INFO: [VRFC 10-2263] Analyzing SystemVerilog file "C:/Users/ahmadw/Desktop/ECE491/DigitalDesign/Lab_2_Serial_Transmitter/Lab_2_Serial_Transmitter.srcs/sources_1/new/rtl_transmitter.sv" into library xil_defaultlib
INFO: [VRFC 10-311] analyzing module rtl_transmitter
INFO: [VRFC 10-2263] Analyzing SystemVerilog file "C:/Users/ahmadw/Desktop/ECE491/DigitalDesign/Lab_2_Serial_Transmitter/Lab_2_Serial_Transmitter.srcs/sim_1/new/rtl_transmitter_bench.sv" into library xil_defaultlib
INFO: [VRFC 10-311] analyzing module rtl_transmitter_bench
INFO: [VRFC 10-2263] Analyzing Verilog file "C:/Users/ahmadw/Desktop/ECE491/DigitalDesign/Lab_2_Serial_Transmitter/Lab_2_Serial_Transmitter.sim/sim_1/behav/glbl.v" into library xil_defaultlib
INFO: [VRFC 10-311] analyzing module glbl
INFO: [USF-XSim-69] 'compile' step finished in '1' seconds
INFO: [USF-XSim-3] XSim::Elaborate design
INFO: [USF-XSim-61] Executing 'ELABORATE' step in 'C:/Users/ahmadw/Desktop/ECE491/DigitalDesign/Lab_2_Serial_Transmitter/Lab_2_Serial_Transmitter.sim/sim_1/behav'
Vivado Simulator 2016.2
Copyright 1986-1999, 2001-2016 Xilinx, Inc. All Rights Reserved.
Running: C:/Xilinx/Vivado/2016.2/bin/unwrapped/win64.o/xelab.exe -wto 13c6a793ba224e2a815bfab7aec5bcce --debug typical --relax --mt 2 -L xil_defaultlib -L unisims_ver -L unimacro_ver -L secureip --snapshot rtl_transmitter_bench_behav xil_defaultlib.rtl_transmitter_bench xil_defaultlib.glbl -log elaborate.log 
Using 2 slave threads.
Starting static elaboration
Completed static elaboration
Starting simulation data flow analysis
WARNING: [XSIM 43-4100] "C:/Users/ahmadw/Desktop/ECE491/DigitalDesign/Lab_2_Serial_Transmitter/Lab_2_Serial_Transmitter.srcs/sources_1/new/rtl_transmitter.sv" Line 23. Module rtl_transmitter(BAUD=10000000) has a timescale but at least one module in design doesn't have timescale.
WARNING: [XSIM 43-4100] "C:/Users/ahmadw/Desktop/ECE491/DigitalDesign/Lab_2_Serial_Transmitter/Lab_2_Serial_Transmitter.srcs/sources_1/new/transmitter_fsm.sv" Line 23. Module transmitter_fsm has a timescale but at least one module in design doesn't have timescale.
WARNING: [XSIM 43-4100] "C:/Users/ahmadw/Desktop/ECE491/DigitalDesign/Lab_2_Serial_Transmitter/Lab_2_Serial_Transmitter.sim/sim_1/behav/glbl.v" Line 6. Module glbl has a timescale but at least one module in design doesn't have timescale.
WARNING: [XSIM 43-4100] "C:/Users/ahmadw/Desktop/ECE491/DigitalDesign/Lab_2_Serial_Transmitter/Lab_2_Serial_Transmitter.srcs/sources_1/new/rtl_transmitter.sv" Line 23. Module rtl_transmitter(BAUD=10000000) has a timescale but at least one module in design doesn't have timescale.
WARNING: [XSIM 43-4100] "C:/Users/ahmadw/Desktop/ECE491/DigitalDesign/Lab_2_Serial_Transmitter/Lab_2_Serial_Transmitter.srcs/sources_1/new/transmitter_fsm.sv" Line 23. Module transmitter_fsm has a timescale but at least one module in design doesn't have timescale.
WARNING: [XSIM 43-4100] "C:/Users/ahmadw/Desktop/ECE491/DigitalDesign/Lab_2_Serial_Transmitter/Lab_2_Serial_Transmitter.sim/sim_1/behav/glbl.v" Line 6. Module glbl has a timescale but at least one module in design doesn't have timescale.
Completed simulation data flow analysis
Time Resolution for simulation is 1ps
Compiling module xil_defaultlib.clkenb(DIVFREQ=10000000)
Compiling module xil_defaultlib.single_pulser
Compiling module xil_defaultlib.bcdcounter
Compiling module xil_defaultlib.transmitter_fsm
Compiling module xil_defaultlib.rtl_transmitter(BAUD=10000000)
Compiling module xil_defaultlib.rtl_transmitter_bench
Compiling module xil_defaultlib.glbl
Built simulation snapshot rtl_transmitter_bench_behav
INFO: [USF-XSim-69] 'elaborate' step finished in '1' seconds
Vivado Simulator 2016.2
Time resolution is 1 ps
WARNING: 0ns : none of the conditions were true for unique case from File:C:/Users/ahmadw/Desktop/ECE491/DigitalDesign/Lab_2_Serial_Transmitter/Lab_2_Serial_Transmitter.srcs/sources_1/new/transmitter_fsm.sv:50
WARNING: 5ns : none of the conditions were true for unique case from File:C:/Users/ahmadw/Desktop/ECE491/DigitalDesign/Lab_2_Serial_Transmitter/Lab_2_Serial_Transmitter.srcs/sources_1/new/transmitter_fsm.sv:50
run 10 us
relaunch_sim
INFO: [USF-XSim-27] Simulation object is 'sim_1'
INFO: [USF-XSim-37] Inspecting design source files for 'rtl_transmitter_bench' in fileset 'sim_1'...
INFO: [USF-XSim-97] Finding global include files...
INFO: [USF-XSim-98] Fetching design files from 'sim_1'...
INFO: [USF-XSim-2] XSim::Compile design
INFO: [USF-XSim-61] Executing 'COMPILE and ANALYZE' step in 'C:/Users/ahmadw/Desktop/ECE491/DigitalDesign/Lab_2_Serial_Transmitter/Lab_2_Serial_Transmitter.sim/sim_1/behav'
"xvlog -m64 --relax -prj rtl_transmitter_bench_vlog.prj"
INFO: [VRFC 10-2263] Analyzing SystemVerilog file "C:/Users/ahmadw/Desktop/ECE491/DigitalDesign/Lab_2_Serial_Transmitter/Lab_2_Serial_Transmitter.srcs/sources_1/new/transmitter_fsm.sv" into library xil_defaultlib
INFO: [VRFC 10-311] analyzing module transmitter_fsm
WARNING: [VRFC 10-756] identifier D is used before its declaration [C:/Users/ahmadw/Desktop/ECE491/DigitalDesign/Lab_2_Serial_Transmitter/Lab_2_Serial_Transmitter.srcs/sources_1/new/transmitter_fsm.sv:27]
WARNING: [VRFC 10-756] identifier N is used before its declaration [C:/Users/ahmadw/Desktop/ECE491/DigitalDesign/Lab_2_Serial_Transmitter/Lab_2_Serial_Transmitter.srcs/sources_1/new/transmitter_fsm.sv:28]
INFO: [VRFC 10-2263] Analyzing SystemVerilog file "C:/Users/ahmadw/Desktop/ECE491/DigitalDesign/Lab_2_Serial_Transmitter/Lab_2_Serial_Transmitter.srcs/sources_1/imports/Downloads/Lab 2 Reference Code-20170904/single_pulser.sv" into library xil_defaultlib
INFO: [VRFC 10-311] analyzing module single_pulser
INFO: [VRFC 10-2263] Analyzing SystemVerilog file "C:/Users/ahmadw/Desktop/ECE491/DigitalDesign/Lab_2_Serial_Transmitter/Lab_2_Serial_Transmitter.srcs/sources_1/imports/Downloads/Lab 1 Reference Code + Requirements Checklist-20170829/clkenb.sv" into library xil_defaultlib
INFO: [VRFC 10-311] analyzing module clkenb
INFO: [VRFC 10-2263] Analyzing SystemVerilog file "C:/Users/ahmadw/Desktop/ECE491/DigitalDesign/Lab_2_Serial_Transmitter/Lab_2_Serial_Transmitter.srcs/sources_1/imports/Downloads/Lab 2 Reference Code-20170904/bcdcounter.sv" into library xil_defaultlib
INFO: [VRFC 10-311] analyzing module bcdcounter
INFO: [VRFC 10-2263] Analyzing SystemVerilog file "C:/Users/ahmadw/Desktop/ECE491/DigitalDesign/Lab_2_Serial_Transmitter/Lab_2_Serial_Transmitter.srcs/sources_1/new/rtl_transmitter.sv" into library xil_defaultlib
INFO: [VRFC 10-311] analyzing module rtl_transmitter
INFO: [VRFC 10-2263] Analyzing SystemVerilog file "C:/Users/ahmadw/Desktop/ECE491/DigitalDesign/Lab_2_Serial_Transmitter/Lab_2_Serial_Transmitter.srcs/sim_1/new/rtl_transmitter_bench.sv" into library xil_defaultlib
INFO: [VRFC 10-311] analyzing module rtl_transmitter_bench
INFO: [VRFC 10-2263] Analyzing Verilog file "C:/Users/ahmadw/Desktop/ECE491/DigitalDesign/Lab_2_Serial_Transmitter/Lab_2_Serial_Transmitter.sim/sim_1/behav/glbl.v" into library xil_defaultlib
INFO: [VRFC 10-311] analyzing module glbl
INFO: [USF-XSim-69] 'compile' step finished in '1' seconds
INFO: [USF-XSim-3] XSim::Elaborate design
INFO: [USF-XSim-61] Executing 'ELABORATE' step in 'C:/Users/ahmadw/Desktop/ECE491/DigitalDesign/Lab_2_Serial_Transmitter/Lab_2_Serial_Transmitter.sim/sim_1/behav'
Vivado Simulator 2016.2
Copyright 1986-1999, 2001-2016 Xilinx, Inc. All Rights Reserved.
Running: C:/Xilinx/Vivado/2016.2/bin/unwrapped/win64.o/xelab.exe -wto 13c6a793ba224e2a815bfab7aec5bcce --debug typical --relax --mt 2 -L xil_defaultlib -L unisims_ver -L unimacro_ver -L secureip --snapshot rtl_transmitter_bench_behav xil_defaultlib.rtl_transmitter_bench xil_defaultlib.glbl -log elaborate.log 
Using 2 slave threads.
Starting static elaboration
Completed static elaboration
Starting simulation data flow analysis
WARNING: [XSIM 43-4100] "C:/Users/ahmadw/Desktop/ECE491/DigitalDesign/Lab_2_Serial_Transmitter/Lab_2_Serial_Transmitter.srcs/sources_1/new/rtl_transmitter.sv" Line 23. Module rtl_transmitter(BAUD=10000000) has a timescale but at least one module in design doesn't have timescale.
WARNING: [XSIM 43-4100] "C:/Users/ahmadw/Desktop/ECE491/DigitalDesign/Lab_2_Serial_Transmitter/Lab_2_Serial_Transmitter.srcs/sources_1/new/transmitter_fsm.sv" Line 23. Module transmitter_fsm has a timescale but at least one module in design doesn't have timescale.
WARNING: [XSIM 43-4100] "C:/Users/ahmadw/Desktop/ECE491/DigitalDesign/Lab_2_Serial_Transmitter/Lab_2_Serial_Transmitter.sim/sim_1/behav/glbl.v" Line 6. Module glbl has a timescale but at least one module in design doesn't have timescale.
WARNING: [XSIM 43-4100] "C:/Users/ahmadw/Desktop/ECE491/DigitalDesign/Lab_2_Serial_Transmitter/Lab_2_Serial_Transmitter.srcs/sources_1/new/rtl_transmitter.sv" Line 23. Module rtl_transmitter(BAUD=10000000) has a timescale but at least one module in design doesn't have timescale.
WARNING: [XSIM 43-4100] "C:/Users/ahmadw/Desktop/ECE491/DigitalDesign/Lab_2_Serial_Transmitter/Lab_2_Serial_Transmitter.srcs/sources_1/new/transmitter_fsm.sv" Line 23. Module transmitter_fsm has a timescale but at least one module in design doesn't have timescale.
WARNING: [XSIM 43-4100] "C:/Users/ahmadw/Desktop/ECE491/DigitalDesign/Lab_2_Serial_Transmitter/Lab_2_Serial_Transmitter.sim/sim_1/behav/glbl.v" Line 6. Module glbl has a timescale but at least one module in design doesn't have timescale.
Completed simulation data flow analysis
Time Resolution for simulation is 1ps
Compiling module xil_defaultlib.clkenb(DIVFREQ=10000000)
Compiling module xil_defaultlib.single_pulser
Compiling module xil_defaultlib.bcdcounter
Compiling module xil_defaultlib.transmitter_fsm
Compiling module xil_defaultlib.rtl_transmitter(BAUD=10000000)
Compiling module xil_defaultlib.rtl_transmitter_bench
Compiling module xil_defaultlib.glbl
Built simulation snapshot rtl_transmitter_bench_behav
INFO: [USF-XSim-69] 'elaborate' step finished in '1' seconds
Vivado Simulator 2016.2
Time resolution is 1 ps
WARNING: 0ns : none of the conditions were true for unique case from File:C:/Users/ahmadw/Desktop/ECE491/DigitalDesign/Lab_2_Serial_Transmitter/Lab_2_Serial_Transmitter.srcs/sources_1/new/transmitter_fsm.sv:50
WARNING: 5ns : none of the conditions were true for unique case from File:C:/Users/ahmadw/Desktop/ECE491/DigitalDesign/Lab_2_Serial_Transmitter/Lab_2_Serial_Transmitter.srcs/sources_1/new/transmitter_fsm.sv:50
relaunch_sim
INFO: [USF-XSim-27] Simulation object is 'sim_1'
INFO: [USF-XSim-37] Inspecting design source files for 'rtl_transmitter_bench' in fileset 'sim_1'...
INFO: [USF-XSim-97] Finding global include files...
INFO: [USF-XSim-98] Fetching design files from 'sim_1'...
INFO: [USF-XSim-2] XSim::Compile design
INFO: [USF-XSim-61] Executing 'COMPILE and ANALYZE' step in 'C:/Users/ahmadw/Desktop/ECE491/DigitalDesign/Lab_2_Serial_Transmitter/Lab_2_Serial_Transmitter.sim/sim_1/behav'
"xvlog -m64 --relax -prj rtl_transmitter_bench_vlog.prj"
INFO: [VRFC 10-2263] Analyzing SystemVerilog file "C:/Users/ahmadw/Desktop/ECE491/DigitalDesign/Lab_2_Serial_Transmitter/Lab_2_Serial_Transmitter.srcs/sources_1/new/transmitter_fsm.sv" into library xil_defaultlib
INFO: [VRFC 10-311] analyzing module transmitter_fsm
WARNING: [VRFC 10-756] identifier D is used before its declaration [C:/Users/ahmadw/Desktop/ECE491/DigitalDesign/Lab_2_Serial_Transmitter/Lab_2_Serial_Transmitter.srcs/sources_1/new/transmitter_fsm.sv:27]
WARNING: [VRFC 10-756] identifier N is used before its declaration [C:/Users/ahmadw/Desktop/ECE491/DigitalDesign/Lab_2_Serial_Transmitter/Lab_2_Serial_Transmitter.srcs/sources_1/new/transmitter_fsm.sv:28]
INFO: [VRFC 10-2263] Analyzing SystemVerilog file "C:/Users/ahmadw/Desktop/ECE491/DigitalDesign/Lab_2_Serial_Transmitter/Lab_2_Serial_Transmitter.srcs/sources_1/imports/Downloads/Lab 2 Reference Code-20170904/single_pulser.sv" into library xil_defaultlib
INFO: [VRFC 10-311] analyzing module single_pulser
INFO: [VRFC 10-2263] Analyzing SystemVerilog file "C:/Users/ahmadw/Desktop/ECE491/DigitalDesign/Lab_2_Serial_Transmitter/Lab_2_Serial_Transmitter.srcs/sources_1/imports/Downloads/Lab 1 Reference Code + Requirements Checklist-20170829/clkenb.sv" into library xil_defaultlib
INFO: [VRFC 10-311] analyzing module clkenb
INFO: [VRFC 10-2263] Analyzing SystemVerilog file "C:/Users/ahmadw/Desktop/ECE491/DigitalDesign/Lab_2_Serial_Transmitter/Lab_2_Serial_Transmitter.srcs/sources_1/imports/Downloads/Lab 2 Reference Code-20170904/bcdcounter.sv" into library xil_defaultlib
INFO: [VRFC 10-311] analyzing module bcdcounter
INFO: [VRFC 10-2263] Analyzing SystemVerilog file "C:/Users/ahmadw/Desktop/ECE491/DigitalDesign/Lab_2_Serial_Transmitter/Lab_2_Serial_Transmitter.srcs/sources_1/new/rtl_transmitter.sv" into library xil_defaultlib
INFO: [VRFC 10-311] analyzing module rtl_transmitter
INFO: [VRFC 10-2263] Analyzing SystemVerilog file "C:/Users/ahmadw/Desktop/ECE491/DigitalDesign/Lab_2_Serial_Transmitter/Lab_2_Serial_Transmitter.srcs/sim_1/new/rtl_transmitter_bench.sv" into library xil_defaultlib
INFO: [VRFC 10-311] analyzing module rtl_transmitter_bench
INFO: [VRFC 10-2263] Analyzing Verilog file "C:/Users/ahmadw/Desktop/ECE491/DigitalDesign/Lab_2_Serial_Transmitter/Lab_2_Serial_Transmitter.sim/sim_1/behav/glbl.v" into library xil_defaultlib
INFO: [VRFC 10-311] analyzing module glbl
INFO: [USF-XSim-69] 'compile' step finished in '1' seconds
INFO: [USF-XSim-3] XSim::Elaborate design
INFO: [USF-XSim-61] Executing 'ELABORATE' step in 'C:/Users/ahmadw/Desktop/ECE491/DigitalDesign/Lab_2_Serial_Transmitter/Lab_2_Serial_Transmitter.sim/sim_1/behav'
Vivado Simulator 2016.2
Copyright 1986-1999, 2001-2016 Xilinx, Inc. All Rights Reserved.
Running: C:/Xilinx/Vivado/2016.2/bin/unwrapped/win64.o/xelab.exe -wto 13c6a793ba224e2a815bfab7aec5bcce --debug typical --relax --mt 2 -L xil_defaultlib -L unisims_ver -L unimacro_ver -L secureip --snapshot rtl_transmitter_bench_behav xil_defaultlib.rtl_transmitter_bench xil_defaultlib.glbl -log elaborate.log 
Using 2 slave threads.
Starting static elaboration
Completed static elaboration
Starting simulation data flow analysis
WARNING: [XSIM 43-4100] "C:/Users/ahmadw/Desktop/ECE491/DigitalDesign/Lab_2_Serial_Transmitter/Lab_2_Serial_Transmitter.srcs/sources_1/new/rtl_transmitter.sv" Line 23. Module rtl_transmitter has a timescale but at least one module in design doesn't have timescale.
WARNING: [XSIM 43-4100] "C:/Users/ahmadw/Desktop/ECE491/DigitalDesign/Lab_2_Serial_Transmitter/Lab_2_Serial_Transmitter.srcs/sources_1/new/transmitter_fsm.sv" Line 23. Module transmitter_fsm has a timescale but at least one module in design doesn't have timescale.
WARNING: [XSIM 43-4100] "C:/Users/ahmadw/Desktop/ECE491/DigitalDesign/Lab_2_Serial_Transmitter/Lab_2_Serial_Transmitter.sim/sim_1/behav/glbl.v" Line 6. Module glbl has a timescale but at least one module in design doesn't have timescale.
WARNING: [XSIM 43-4100] "C:/Users/ahmadw/Desktop/ECE491/DigitalDesign/Lab_2_Serial_Transmitter/Lab_2_Serial_Transmitter.srcs/sources_1/new/rtl_transmitter.sv" Line 23. Module rtl_transmitter has a timescale but at least one module in design doesn't have timescale.
WARNING: [XSIM 43-4100] "C:/Users/ahmadw/Desktop/ECE491/DigitalDesign/Lab_2_Serial_Transmitter/Lab_2_Serial_Transmitter.srcs/sources_1/new/transmitter_fsm.sv" Line 23. Module transmitter_fsm has a timescale but at least one module in design doesn't have timescale.
WARNING: [XSIM 43-4100] "C:/Users/ahmadw/Desktop/ECE491/DigitalDesign/Lab_2_Serial_Transmitter/Lab_2_Serial_Transmitter.sim/sim_1/behav/glbl.v" Line 6. Module glbl has a timescale but at least one module in design doesn't have timescale.
Completed simulation data flow analysis
Time Resolution for simulation is 1ps
Compiling module xil_defaultlib.clkenb(DIVFREQ=9600)
Compiling module xil_defaultlib.single_pulser
Compiling module xil_defaultlib.bcdcounter
Compiling module xil_defaultlib.transmitter_fsm
Compiling module xil_defaultlib.rtl_transmitter
Compiling module xil_defaultlib.rtl_transmitter_bench
Compiling module xil_defaultlib.glbl
Built simulation snapshot rtl_transmitter_bench_behav
INFO: [USF-XSim-69] 'elaborate' step finished in '2' seconds
Vivado Simulator 2016.2
Time resolution is 1 ps
WARNING: 0ns : none of the conditions were true for unique case from File:C:/Users/ahmadw/Desktop/ECE491/DigitalDesign/Lab_2_Serial_Transmitter/Lab_2_Serial_Transmitter.srcs/sources_1/new/transmitter_fsm.sv:50
WARNING: 5ns : none of the conditions were true for unique case from File:C:/Users/ahmadw/Desktop/ECE491/DigitalDesign/Lab_2_Serial_Transmitter/Lab_2_Serial_Transmitter.srcs/sources_1/new/transmitter_fsm.sv:50
run 10 us
relaunch_sim
INFO: [USF-XSim-27] Simulation object is 'sim_1'
INFO: [USF-XSim-37] Inspecting design source files for 'rtl_transmitter_bench' in fileset 'sim_1'...
INFO: [USF-XSim-97] Finding global include files...
INFO: [USF-XSim-98] Fetching design files from 'sim_1'...
INFO: [USF-XSim-2] XSim::Compile design
INFO: [USF-XSim-61] Executing 'COMPILE and ANALYZE' step in 'C:/Users/ahmadw/Desktop/ECE491/DigitalDesign/Lab_2_Serial_Transmitter/Lab_2_Serial_Transmitter.sim/sim_1/behav'
"xvlog -m64 --relax -prj rtl_transmitter_bench_vlog.prj"
INFO: [VRFC 10-2263] Analyzing SystemVerilog file "C:/Users/ahmadw/Desktop/ECE491/DigitalDesign/Lab_2_Serial_Transmitter/Lab_2_Serial_Transmitter.srcs/sources_1/new/transmitter_fsm.sv" into library xil_defaultlib
INFO: [VRFC 10-311] analyzing module transmitter_fsm
WARNING: [VRFC 10-756] identifier D is used before its declaration [C:/Users/ahmadw/Desktop/ECE491/DigitalDesign/Lab_2_Serial_Transmitter/Lab_2_Serial_Transmitter.srcs/sources_1/new/transmitter_fsm.sv:27]
WARNING: [VRFC 10-756] identifier N is used before its declaration [C:/Users/ahmadw/Desktop/ECE491/DigitalDesign/Lab_2_Serial_Transmitter/Lab_2_Serial_Transmitter.srcs/sources_1/new/transmitter_fsm.sv:28]
INFO: [VRFC 10-2263] Analyzing SystemVerilog file "C:/Users/ahmadw/Desktop/ECE491/DigitalDesign/Lab_2_Serial_Transmitter/Lab_2_Serial_Transmitter.srcs/sources_1/imports/Downloads/Lab 2 Reference Code-20170904/single_pulser.sv" into library xil_defaultlib
INFO: [VRFC 10-311] analyzing module single_pulser
INFO: [VRFC 10-2263] Analyzing SystemVerilog file "C:/Users/ahmadw/Desktop/ECE491/DigitalDesign/Lab_2_Serial_Transmitter/Lab_2_Serial_Transmitter.srcs/sources_1/imports/Downloads/Lab 1 Reference Code + Requirements Checklist-20170829/clkenb.sv" into library xil_defaultlib
INFO: [VRFC 10-311] analyzing module clkenb
INFO: [VRFC 10-2263] Analyzing SystemVerilog file "C:/Users/ahmadw/Desktop/ECE491/DigitalDesign/Lab_2_Serial_Transmitter/Lab_2_Serial_Transmitter.srcs/sources_1/imports/Downloads/Lab 2 Reference Code-20170904/bcdcounter.sv" into library xil_defaultlib
INFO: [VRFC 10-311] analyzing module bcdcounter
INFO: [VRFC 10-2263] Analyzing SystemVerilog file "C:/Users/ahmadw/Desktop/ECE491/DigitalDesign/Lab_2_Serial_Transmitter/Lab_2_Serial_Transmitter.srcs/sources_1/new/rtl_transmitter.sv" into library xil_defaultlib
INFO: [VRFC 10-311] analyzing module rtl_transmitter
INFO: [VRFC 10-2263] Analyzing SystemVerilog file "C:/Users/ahmadw/Desktop/ECE491/DigitalDesign/Lab_2_Serial_Transmitter/Lab_2_Serial_Transmitter.srcs/sim_1/new/rtl_transmitter_bench.sv" into library xil_defaultlib
INFO: [VRFC 10-311] analyzing module rtl_transmitter_bench
INFO: [VRFC 10-2263] Analyzing Verilog file "C:/Users/ahmadw/Desktop/ECE491/DigitalDesign/Lab_2_Serial_Transmitter/Lab_2_Serial_Transmitter.sim/sim_1/behav/glbl.v" into library xil_defaultlib
INFO: [VRFC 10-311] analyzing module glbl
INFO: [USF-XSim-69] 'compile' step finished in '1' seconds
INFO: [USF-XSim-3] XSim::Elaborate design
INFO: [USF-XSim-61] Executing 'ELABORATE' step in 'C:/Users/ahmadw/Desktop/ECE491/DigitalDesign/Lab_2_Serial_Transmitter/Lab_2_Serial_Transmitter.sim/sim_1/behav'
Vivado Simulator 2016.2
Copyright 1986-1999, 2001-2016 Xilinx, Inc. All Rights Reserved.
Running: C:/Xilinx/Vivado/2016.2/bin/unwrapped/win64.o/xelab.exe -wto 13c6a793ba224e2a815bfab7aec5bcce --debug typical --relax --mt 2 -L xil_defaultlib -L unisims_ver -L unimacro_ver -L secureip --snapshot rtl_transmitter_bench_behav xil_defaultlib.rtl_transmitter_bench xil_defaultlib.glbl -log elaborate.log 
Using 2 slave threads.
Starting static elaboration
Completed static elaboration
Starting simulation data flow analysis
WARNING: [XSIM 43-4100] "C:/Users/ahmadw/Desktop/ECE491/DigitalDesign/Lab_2_Serial_Transmitter/Lab_2_Serial_Transmitter.srcs/sources_1/new/rtl_transmitter.sv" Line 23. Module rtl_transmitter has a timescale but at least one module in design doesn't have timescale.
WARNING: [XSIM 43-4100] "C:/Users/ahmadw/Desktop/ECE491/DigitalDesign/Lab_2_Serial_Transmitter/Lab_2_Serial_Transmitter.srcs/sources_1/new/transmitter_fsm.sv" Line 23. Module transmitter_fsm has a timescale but at least one module in design doesn't have timescale.
WARNING: [XSIM 43-4100] "C:/Users/ahmadw/Desktop/ECE491/DigitalDesign/Lab_2_Serial_Transmitter/Lab_2_Serial_Transmitter.sim/sim_1/behav/glbl.v" Line 6. Module glbl has a timescale but at least one module in design doesn't have timescale.
WARNING: [XSIM 43-4100] "C:/Users/ahmadw/Desktop/ECE491/DigitalDesign/Lab_2_Serial_Transmitter/Lab_2_Serial_Transmitter.srcs/sources_1/new/rtl_transmitter.sv" Line 23. Module rtl_transmitter has a timescale but at least one module in design doesn't have timescale.
WARNING: [XSIM 43-4100] "C:/Users/ahmadw/Desktop/ECE491/DigitalDesign/Lab_2_Serial_Transmitter/Lab_2_Serial_Transmitter.srcs/sources_1/new/transmitter_fsm.sv" Line 23. Module transmitter_fsm has a timescale but at least one module in design doesn't have timescale.
WARNING: [XSIM 43-4100] "C:/Users/ahmadw/Desktop/ECE491/DigitalDesign/Lab_2_Serial_Transmitter/Lab_2_Serial_Transmitter.sim/sim_1/behav/glbl.v" Line 6. Module glbl has a timescale but at least one module in design doesn't have timescale.
Completed simulation data flow analysis
Time Resolution for simulation is 1ps
Compiling module xil_defaultlib.clkenb(DIVFREQ=9600)
Compiling module xil_defaultlib.single_pulser
Compiling module xil_defaultlib.bcdcounter
Compiling module xil_defaultlib.transmitter_fsm
Compiling module xil_defaultlib.rtl_transmitter
Compiling module xil_defaultlib.rtl_transmitter_bench
Compiling module xil_defaultlib.glbl
Built simulation snapshot rtl_transmitter_bench_behav
INFO: [USF-XSim-69] 'elaborate' step finished in '1' seconds
Vivado Simulator 2016.2
Time resolution is 1 ps
WARNING: 0ns : none of the conditions were true for unique case from File:C:/Users/ahmadw/Desktop/ECE491/DigitalDesign/Lab_2_Serial_Transmitter/Lab_2_Serial_Transmitter.srcs/sources_1/new/transmitter_fsm.sv:50
WARNING: 5ns : none of the conditions were true for unique case from File:C:/Users/ahmadw/Desktop/ECE491/DigitalDesign/Lab_2_Serial_Transmitter/Lab_2_Serial_Transmitter.srcs/sources_1/new/transmitter_fsm.sv:50
relaunch_sim
INFO: [USF-XSim-27] Simulation object is 'sim_1'
INFO: [USF-XSim-37] Inspecting design source files for 'rtl_transmitter_bench' in fileset 'sim_1'...
INFO: [USF-XSim-97] Finding global include files...
INFO: [USF-XSim-98] Fetching design files from 'sim_1'...
INFO: [USF-XSim-2] XSim::Compile design
INFO: [USF-XSim-61] Executing 'COMPILE and ANALYZE' step in 'C:/Users/ahmadw/Desktop/ECE491/DigitalDesign/Lab_2_Serial_Transmitter/Lab_2_Serial_Transmitter.sim/sim_1/behav'
"xvlog -m64 --relax -prj rtl_transmitter_bench_vlog.prj"
INFO: [VRFC 10-2263] Analyzing SystemVerilog file "C:/Users/ahmadw/Desktop/ECE491/DigitalDesign/Lab_2_Serial_Transmitter/Lab_2_Serial_Transmitter.srcs/sources_1/new/transmitter_fsm.sv" into library xil_defaultlib
INFO: [VRFC 10-311] analyzing module transmitter_fsm
WARNING: [VRFC 10-756] identifier D is used before its declaration [C:/Users/ahmadw/Desktop/ECE491/DigitalDesign/Lab_2_Serial_Transmitter/Lab_2_Serial_Transmitter.srcs/sources_1/new/transmitter_fsm.sv:27]
WARNING: [VRFC 10-756] identifier N is used before its declaration [C:/Users/ahmadw/Desktop/ECE491/DigitalDesign/Lab_2_Serial_Transmitter/Lab_2_Serial_Transmitter.srcs/sources_1/new/transmitter_fsm.sv:28]
INFO: [VRFC 10-2263] Analyzing SystemVerilog file "C:/Users/ahmadw/Desktop/ECE491/DigitalDesign/Lab_2_Serial_Transmitter/Lab_2_Serial_Transmitter.srcs/sources_1/imports/Downloads/Lab 2 Reference Code-20170904/single_pulser.sv" into library xil_defaultlib
INFO: [VRFC 10-311] analyzing module single_pulser
INFO: [VRFC 10-2263] Analyzing SystemVerilog file "C:/Users/ahmadw/Desktop/ECE491/DigitalDesign/Lab_2_Serial_Transmitter/Lab_2_Serial_Transmitter.srcs/sources_1/imports/Downloads/Lab 1 Reference Code + Requirements Checklist-20170829/clkenb.sv" into library xil_defaultlib
INFO: [VRFC 10-311] analyzing module clkenb
INFO: [VRFC 10-2263] Analyzing SystemVerilog file "C:/Users/ahmadw/Desktop/ECE491/DigitalDesign/Lab_2_Serial_Transmitter/Lab_2_Serial_Transmitter.srcs/sources_1/imports/Downloads/Lab 2 Reference Code-20170904/bcdcounter.sv" into library xil_defaultlib
INFO: [VRFC 10-311] analyzing module bcdcounter
INFO: [VRFC 10-2263] Analyzing SystemVerilog file "C:/Users/ahmadw/Desktop/ECE491/DigitalDesign/Lab_2_Serial_Transmitter/Lab_2_Serial_Transmitter.srcs/sources_1/new/rtl_transmitter.sv" into library xil_defaultlib
INFO: [VRFC 10-311] analyzing module rtl_transmitter
INFO: [VRFC 10-2263] Analyzing SystemVerilog file "C:/Users/ahmadw/Desktop/ECE491/DigitalDesign/Lab_2_Serial_Transmitter/Lab_2_Serial_Transmitter.srcs/sim_1/new/rtl_transmitter_bench.sv" into library xil_defaultlib
INFO: [VRFC 10-311] analyzing module rtl_transmitter_bench
INFO: [VRFC 10-2263] Analyzing Verilog file "C:/Users/ahmadw/Desktop/ECE491/DigitalDesign/Lab_2_Serial_Transmitter/Lab_2_Serial_Transmitter.sim/sim_1/behav/glbl.v" into library xil_defaultlib
INFO: [VRFC 10-311] analyzing module glbl
INFO: [USF-XSim-69] 'compile' step finished in '1' seconds
INFO: [USF-XSim-3] XSim::Elaborate design
INFO: [USF-XSim-61] Executing 'ELABORATE' step in 'C:/Users/ahmadw/Desktop/ECE491/DigitalDesign/Lab_2_Serial_Transmitter/Lab_2_Serial_Transmitter.sim/sim_1/behav'
Vivado Simulator 2016.2
Copyright 1986-1999, 2001-2016 Xilinx, Inc. All Rights Reserved.
Running: C:/Xilinx/Vivado/2016.2/bin/unwrapped/win64.o/xelab.exe -wto 13c6a793ba224e2a815bfab7aec5bcce --debug typical --relax --mt 2 -L xil_defaultlib -L unisims_ver -L unimacro_ver -L secureip --snapshot rtl_transmitter_bench_behav xil_defaultlib.rtl_transmitter_bench xil_defaultlib.glbl -log elaborate.log 
Using 2 slave threads.
Starting static elaboration
Completed static elaboration
Starting simulation data flow analysis
WARNING: [XSIM 43-4100] "C:/Users/ahmadw/Desktop/ECE491/DigitalDesign/Lab_2_Serial_Transmitter/Lab_2_Serial_Transmitter.srcs/sources_1/new/rtl_transmitter.sv" Line 23. Module rtl_transmitter has a timescale but at least one module in design doesn't have timescale.
WARNING: [XSIM 43-4100] "C:/Users/ahmadw/Desktop/ECE491/DigitalDesign/Lab_2_Serial_Transmitter/Lab_2_Serial_Transmitter.srcs/sources_1/new/transmitter_fsm.sv" Line 23. Module transmitter_fsm has a timescale but at least one module in design doesn't have timescale.
WARNING: [XSIM 43-4100] "C:/Users/ahmadw/Desktop/ECE491/DigitalDesign/Lab_2_Serial_Transmitter/Lab_2_Serial_Transmitter.sim/sim_1/behav/glbl.v" Line 6. Module glbl has a timescale but at least one module in design doesn't have timescale.
WARNING: [XSIM 43-4100] "C:/Users/ahmadw/Desktop/ECE491/DigitalDesign/Lab_2_Serial_Transmitter/Lab_2_Serial_Transmitter.srcs/sources_1/new/rtl_transmitter.sv" Line 23. Module rtl_transmitter has a timescale but at least one module in design doesn't have timescale.
WARNING: [XSIM 43-4100] "C:/Users/ahmadw/Desktop/ECE491/DigitalDesign/Lab_2_Serial_Transmitter/Lab_2_Serial_Transmitter.srcs/sources_1/new/transmitter_fsm.sv" Line 23. Module transmitter_fsm has a timescale but at least one module in design doesn't have timescale.
WARNING: [XSIM 43-4100] "C:/Users/ahmadw/Desktop/ECE491/DigitalDesign/Lab_2_Serial_Transmitter/Lab_2_Serial_Transmitter.sim/sim_1/behav/glbl.v" Line 6. Module glbl has a timescale but at least one module in design doesn't have timescale.
Completed simulation data flow analysis
Time Resolution for simulation is 1ps
Compiling module xil_defaultlib.clkenb(DIVFREQ=9600)
Compiling module xil_defaultlib.single_pulser
Compiling module xil_defaultlib.bcdcounter
Compiling module xil_defaultlib.transmitter_fsm
Compiling module xil_defaultlib.rtl_transmitter
Compiling module xil_defaultlib.rtl_transmitter_bench
Compiling module xil_defaultlib.glbl
Built simulation snapshot rtl_transmitter_bench_behav
INFO: [USF-XSim-69] 'elaborate' step finished in '1' seconds
Vivado Simulator 2016.2
Time resolution is 1 ps
WARNING: 0ns : none of the conditions were true for unique case from File:C:/Users/ahmadw/Desktop/ECE491/DigitalDesign/Lab_2_Serial_Transmitter/Lab_2_Serial_Transmitter.srcs/sources_1/new/transmitter_fsm.sv:50
WARNING: 5ns : none of the conditions were true for unique case from File:C:/Users/ahmadw/Desktop/ECE491/DigitalDesign/Lab_2_Serial_Transmitter/Lab_2_Serial_Transmitter.srcs/sources_1/new/transmitter_fsm.sv:50
run 10 us
relaunch_sim
INFO: [USF-XSim-27] Simulation object is 'sim_1'
INFO: [USF-XSim-37] Inspecting design source files for 'rtl_transmitter_bench' in fileset 'sim_1'...
INFO: [USF-XSim-97] Finding global include files...
INFO: [USF-XSim-98] Fetching design files from 'sim_1'...
INFO: [USF-XSim-2] XSim::Compile design
INFO: [USF-XSim-61] Executing 'COMPILE and ANALYZE' step in 'C:/Users/ahmadw/Desktop/ECE491/DigitalDesign/Lab_2_Serial_Transmitter/Lab_2_Serial_Transmitter.sim/sim_1/behav'
"xvlog -m64 --relax -prj rtl_transmitter_bench_vlog.prj"
INFO: [VRFC 10-2263] Analyzing SystemVerilog file "C:/Users/ahmadw/Desktop/ECE491/DigitalDesign/Lab_2_Serial_Transmitter/Lab_2_Serial_Transmitter.srcs/sources_1/new/transmitter_fsm.sv" into library xil_defaultlib
INFO: [VRFC 10-311] analyzing module transmitter_fsm
WARNING: [VRFC 10-756] identifier D is used before its declaration [C:/Users/ahmadw/Desktop/ECE491/DigitalDesign/Lab_2_Serial_Transmitter/Lab_2_Serial_Transmitter.srcs/sources_1/new/transmitter_fsm.sv:27]
WARNING: [VRFC 10-756] identifier N is used before its declaration [C:/Users/ahmadw/Desktop/ECE491/DigitalDesign/Lab_2_Serial_Transmitter/Lab_2_Serial_Transmitter.srcs/sources_1/new/transmitter_fsm.sv:28]
INFO: [VRFC 10-2263] Analyzing SystemVerilog file "C:/Users/ahmadw/Desktop/ECE491/DigitalDesign/Lab_2_Serial_Transmitter/Lab_2_Serial_Transmitter.srcs/sources_1/imports/Downloads/Lab 2 Reference Code-20170904/single_pulser.sv" into library xil_defaultlib
INFO: [VRFC 10-311] analyzing module single_pulser
INFO: [VRFC 10-2263] Analyzing SystemVerilog file "C:/Users/ahmadw/Desktop/ECE491/DigitalDesign/Lab_2_Serial_Transmitter/Lab_2_Serial_Transmitter.srcs/sources_1/imports/Downloads/Lab 1 Reference Code + Requirements Checklist-20170829/clkenb.sv" into library xil_defaultlib
INFO: [VRFC 10-311] analyzing module clkenb
INFO: [VRFC 10-2263] Analyzing SystemVerilog file "C:/Users/ahmadw/Desktop/ECE491/DigitalDesign/Lab_2_Serial_Transmitter/Lab_2_Serial_Transmitter.srcs/sources_1/imports/Downloads/Lab 2 Reference Code-20170904/bcdcounter.sv" into library xil_defaultlib
INFO: [VRFC 10-311] analyzing module bcdcounter
INFO: [VRFC 10-2263] Analyzing SystemVerilog file "C:/Users/ahmadw/Desktop/ECE491/DigitalDesign/Lab_2_Serial_Transmitter/Lab_2_Serial_Transmitter.srcs/sources_1/new/rtl_transmitter.sv" into library xil_defaultlib
INFO: [VRFC 10-311] analyzing module rtl_transmitter
INFO: [VRFC 10-2263] Analyzing SystemVerilog file "C:/Users/ahmadw/Desktop/ECE491/DigitalDesign/Lab_2_Serial_Transmitter/Lab_2_Serial_Transmitter.srcs/sim_1/new/rtl_transmitter_bench.sv" into library xil_defaultlib
INFO: [VRFC 10-311] analyzing module rtl_transmitter_bench
INFO: [VRFC 10-2263] Analyzing Verilog file "C:/Users/ahmadw/Desktop/ECE491/DigitalDesign/Lab_2_Serial_Transmitter/Lab_2_Serial_Transmitter.sim/sim_1/behav/glbl.v" into library xil_defaultlib
INFO: [VRFC 10-311] analyzing module glbl
INFO: [USF-XSim-69] 'compile' step finished in '1' seconds
INFO: [USF-XSim-3] XSim::Elaborate design
INFO: [USF-XSim-61] Executing 'ELABORATE' step in 'C:/Users/ahmadw/Desktop/ECE491/DigitalDesign/Lab_2_Serial_Transmitter/Lab_2_Serial_Transmitter.sim/sim_1/behav'
Vivado Simulator 2016.2
Copyright 1986-1999, 2001-2016 Xilinx, Inc. All Rights Reserved.
Running: C:/Xilinx/Vivado/2016.2/bin/unwrapped/win64.o/xelab.exe -wto 13c6a793ba224e2a815bfab7aec5bcce --debug typical --relax --mt 2 -L xil_defaultlib -L unisims_ver -L unimacro_ver -L secureip --snapshot rtl_transmitter_bench_behav xil_defaultlib.rtl_transmitter_bench xil_defaultlib.glbl -log elaborate.log 
Using 2 slave threads.
Starting static elaboration
Completed static elaboration
Starting simulation data flow analysis
WARNING: [XSIM 43-4100] "C:/Users/ahmadw/Desktop/ECE491/DigitalDesign/Lab_2_Serial_Transmitter/Lab_2_Serial_Transmitter.srcs/sources_1/new/rtl_transmitter.sv" Line 23. Module rtl_transmitter(BAUD=10000000) has a timescale but at least one module in design doesn't have timescale.
WARNING: [XSIM 43-4100] "C:/Users/ahmadw/Desktop/ECE491/DigitalDesign/Lab_2_Serial_Transmitter/Lab_2_Serial_Transmitter.srcs/sources_1/new/transmitter_fsm.sv" Line 23. Module transmitter_fsm has a timescale but at least one module in design doesn't have timescale.
WARNING: [XSIM 43-4100] "C:/Users/ahmadw/Desktop/ECE491/DigitalDesign/Lab_2_Serial_Transmitter/Lab_2_Serial_Transmitter.sim/sim_1/behav/glbl.v" Line 6. Module glbl has a timescale but at least one module in design doesn't have timescale.
WARNING: [XSIM 43-4100] "C:/Users/ahmadw/Desktop/ECE491/DigitalDesign/Lab_2_Serial_Transmitter/Lab_2_Serial_Transmitter.srcs/sources_1/new/rtl_transmitter.sv" Line 23. Module rtl_transmitter(BAUD=10000000) has a timescale but at least one module in design doesn't have timescale.
WARNING: [XSIM 43-4100] "C:/Users/ahmadw/Desktop/ECE491/DigitalDesign/Lab_2_Serial_Transmitter/Lab_2_Serial_Transmitter.srcs/sources_1/new/transmitter_fsm.sv" Line 23. Module transmitter_fsm has a timescale but at least one module in design doesn't have timescale.
WARNING: [XSIM 43-4100] "C:/Users/ahmadw/Desktop/ECE491/DigitalDesign/Lab_2_Serial_Transmitter/Lab_2_Serial_Transmitter.sim/sim_1/behav/glbl.v" Line 6. Module glbl has a timescale but at least one module in design doesn't have timescale.
Completed simulation data flow analysis
Time Resolution for simulation is 1ps
Compiling module xil_defaultlib.clkenb(DIVFREQ=10000000)
Compiling module xil_defaultlib.single_pulser
Compiling module xil_defaultlib.bcdcounter
Compiling module xil_defaultlib.transmitter_fsm
Compiling module xil_defaultlib.rtl_transmitter(BAUD=10000000)
Compiling module xil_defaultlib.rtl_transmitter_bench
Compiling module xil_defaultlib.glbl
Built simulation snapshot rtl_transmitter_bench_behav
INFO: [USF-XSim-69] 'elaborate' step finished in '1' seconds
Vivado Simulator 2016.2
Time resolution is 1 ps
WARNING: 0ns : none of the conditions were true for unique case from File:C:/Users/ahmadw/Desktop/ECE491/DigitalDesign/Lab_2_Serial_Transmitter/Lab_2_Serial_Transmitter.srcs/sources_1/new/transmitter_fsm.sv:50
WARNING: 5ns : none of the conditions were true for unique case from File:C:/Users/ahmadw/Desktop/ECE491/DigitalDesign/Lab_2_Serial_Transmitter/Lab_2_Serial_Transmitter.srcs/sources_1/new/transmitter_fsm.sv:50
run 10 us
run 11 us
relaunch_sim
INFO: [USF-XSim-27] Simulation object is 'sim_1'
INFO: [USF-XSim-37] Inspecting design source files for 'rtl_transmitter_bench' in fileset 'sim_1'...
INFO: [USF-XSim-97] Finding global include files...
INFO: [USF-XSim-98] Fetching design files from 'sim_1'...
INFO: [USF-XSim-2] XSim::Compile design
INFO: [USF-XSim-61] Executing 'COMPILE and ANALYZE' step in 'C:/Users/ahmadw/Desktop/ECE491/DigitalDesign/Lab_2_Serial_Transmitter/Lab_2_Serial_Transmitter.sim/sim_1/behav'
"xvlog -m64 --relax -prj rtl_transmitter_bench_vlog.prj"
INFO: [VRFC 10-2263] Analyzing SystemVerilog file "C:/Users/ahmadw/Desktop/ECE491/DigitalDesign/Lab_2_Serial_Transmitter/Lab_2_Serial_Transmitter.srcs/sources_1/new/transmitter_fsm.sv" into library xil_defaultlib
INFO: [VRFC 10-311] analyzing module transmitter_fsm
WARNING: [VRFC 10-756] identifier D is used before its declaration [C:/Users/ahmadw/Desktop/ECE491/DigitalDesign/Lab_2_Serial_Transmitter/Lab_2_Serial_Transmitter.srcs/sources_1/new/transmitter_fsm.sv:27]
WARNING: [VRFC 10-756] identifier N is used before its declaration [C:/Users/ahmadw/Desktop/ECE491/DigitalDesign/Lab_2_Serial_Transmitter/Lab_2_Serial_Transmitter.srcs/sources_1/new/transmitter_fsm.sv:28]
INFO: [VRFC 10-2263] Analyzing SystemVerilog file "C:/Users/ahmadw/Desktop/ECE491/DigitalDesign/Lab_2_Serial_Transmitter/Lab_2_Serial_Transmitter.srcs/sources_1/imports/Downloads/Lab 2 Reference Code-20170904/single_pulser.sv" into library xil_defaultlib
INFO: [VRFC 10-311] analyzing module single_pulser
INFO: [VRFC 10-2263] Analyzing SystemVerilog file "C:/Users/ahmadw/Desktop/ECE491/DigitalDesign/Lab_2_Serial_Transmitter/Lab_2_Serial_Transmitter.srcs/sources_1/imports/Downloads/Lab 1 Reference Code + Requirements Checklist-20170829/clkenb.sv" into library xil_defaultlib
INFO: [VRFC 10-311] analyzing module clkenb
INFO: [VRFC 10-2263] Analyzing SystemVerilog file "C:/Users/ahmadw/Desktop/ECE491/DigitalDesign/Lab_2_Serial_Transmitter/Lab_2_Serial_Transmitter.srcs/sources_1/imports/Downloads/Lab 2 Reference Code-20170904/bcdcounter.sv" into library xil_defaultlib
INFO: [VRFC 10-311] analyzing module bcdcounter
INFO: [VRFC 10-2263] Analyzing SystemVerilog file "C:/Users/ahmadw/Desktop/ECE491/DigitalDesign/Lab_2_Serial_Transmitter/Lab_2_Serial_Transmitter.srcs/sources_1/new/rtl_transmitter.sv" into library xil_defaultlib
INFO: [VRFC 10-311] analyzing module rtl_transmitter
INFO: [VRFC 10-2263] Analyzing SystemVerilog file "C:/Users/ahmadw/Desktop/ECE491/DigitalDesign/Lab_2_Serial_Transmitter/Lab_2_Serial_Transmitter.srcs/sim_1/new/rtl_transmitter_bench.sv" into library xil_defaultlib
INFO: [VRFC 10-311] analyzing module rtl_transmitter_bench
INFO: [VRFC 10-2263] Analyzing Verilog file "C:/Users/ahmadw/Desktop/ECE491/DigitalDesign/Lab_2_Serial_Transmitter/Lab_2_Serial_Transmitter.sim/sim_1/behav/glbl.v" into library xil_defaultlib
INFO: [VRFC 10-311] analyzing module glbl
INFO: [USF-XSim-69] 'compile' step finished in '1' seconds
INFO: [USF-XSim-3] XSim::Elaborate design
INFO: [USF-XSim-61] Executing 'ELABORATE' step in 'C:/Users/ahmadw/Desktop/ECE491/DigitalDesign/Lab_2_Serial_Transmitter/Lab_2_Serial_Transmitter.sim/sim_1/behav'
Vivado Simulator 2016.2
Copyright 1986-1999, 2001-2016 Xilinx, Inc. All Rights Reserved.
Running: C:/Xilinx/Vivado/2016.2/bin/unwrapped/win64.o/xelab.exe -wto 13c6a793ba224e2a815bfab7aec5bcce --debug typical --relax --mt 2 -L xil_defaultlib -L unisims_ver -L unimacro_ver -L secureip --snapshot rtl_transmitter_bench_behav xil_defaultlib.rtl_transmitter_bench xil_defaultlib.glbl -log elaborate.log 
Using 2 slave threads.
Starting static elaboration
Completed static elaboration
Starting simulation data flow analysis
WARNING: [XSIM 43-4100] "C:/Users/ahmadw/Desktop/ECE491/DigitalDesign/Lab_2_Serial_Transmitter/Lab_2_Serial_Transmitter.srcs/sources_1/new/rtl_transmitter.sv" Line 23. Module rtl_transmitter(BAUD=10000000) has a timescale but at least one module in design doesn't have timescale.
WARNING: [XSIM 43-4100] "C:/Users/ahmadw/Desktop/ECE491/DigitalDesign/Lab_2_Serial_Transmitter/Lab_2_Serial_Transmitter.srcs/sources_1/new/transmitter_fsm.sv" Line 23. Module transmitter_fsm has a timescale but at least one module in design doesn't have timescale.
WARNING: [XSIM 43-4100] "C:/Users/ahmadw/Desktop/ECE491/DigitalDesign/Lab_2_Serial_Transmitter/Lab_2_Serial_Transmitter.sim/sim_1/behav/glbl.v" Line 6. Module glbl has a timescale but at least one module in design doesn't have timescale.
WARNING: [XSIM 43-4100] "C:/Users/ahmadw/Desktop/ECE491/DigitalDesign/Lab_2_Serial_Transmitter/Lab_2_Serial_Transmitter.srcs/sources_1/new/rtl_transmitter.sv" Line 23. Module rtl_transmitter(BAUD=10000000) has a timescale but at least one module in design doesn't have timescale.
WARNING: [XSIM 43-4100] "C:/Users/ahmadw/Desktop/ECE491/DigitalDesign/Lab_2_Serial_Transmitter/Lab_2_Serial_Transmitter.srcs/sources_1/new/transmitter_fsm.sv" Line 23. Module transmitter_fsm has a timescale but at least one module in design doesn't have timescale.
WARNING: [XSIM 43-4100] "C:/Users/ahmadw/Desktop/ECE491/DigitalDesign/Lab_2_Serial_Transmitter/Lab_2_Serial_Transmitter.sim/sim_1/behav/glbl.v" Line 6. Module glbl has a timescale but at least one module in design doesn't have timescale.
Completed simulation data flow analysis
Time Resolution for simulation is 1ps
Compiling module xil_defaultlib.clkenb(DIVFREQ=10000000)
Compiling module xil_defaultlib.single_pulser
Compiling module xil_defaultlib.bcdcounter
Compiling module xil_defaultlib.transmitter_fsm
Compiling module xil_defaultlib.rtl_transmitter(BAUD=10000000)
Compiling module xil_defaultlib.rtl_transmitter_bench
Compiling module xil_defaultlib.glbl
Built simulation snapshot rtl_transmitter_bench_behav
INFO: [USF-XSim-69] 'elaborate' step finished in '1' seconds
Vivado Simulator 2016.2
Time resolution is 1 ps
WARNING: 0ns : none of the conditions were true for unique case from File:C:/Users/ahmadw/Desktop/ECE491/DigitalDesign/Lab_2_Serial_Transmitter/Lab_2_Serial_Transmitter.srcs/sources_1/new/transmitter_fsm.sv:50
WARNING: 5ns : none of the conditions were true for unique case from File:C:/Users/ahmadw/Desktop/ECE491/DigitalDesign/Lab_2_Serial_Transmitter/Lab_2_Serial_Transmitter.srcs/sources_1/new/transmitter_fsm.sv:50
run 11 us
relaunch_sim
INFO: [USF-XSim-27] Simulation object is 'sim_1'
INFO: [USF-XSim-37] Inspecting design source files for 'rtl_transmitter_bench' in fileset 'sim_1'...
INFO: [USF-XSim-97] Finding global include files...
INFO: [USF-XSim-98] Fetching design files from 'sim_1'...
INFO: [USF-XSim-2] XSim::Compile design
INFO: [USF-XSim-61] Executing 'COMPILE and ANALYZE' step in 'C:/Users/ahmadw/Desktop/ECE491/DigitalDesign/Lab_2_Serial_Transmitter/Lab_2_Serial_Transmitter.sim/sim_1/behav'
"xvlog -m64 --relax -prj rtl_transmitter_bench_vlog.prj"
INFO: [VRFC 10-2263] Analyzing SystemVerilog file "C:/Users/ahmadw/Desktop/ECE491/DigitalDesign/Lab_2_Serial_Transmitter/Lab_2_Serial_Transmitter.srcs/sources_1/new/transmitter_fsm.sv" into library xil_defaultlib
INFO: [VRFC 10-311] analyzing module transmitter_fsm
WARNING: [VRFC 10-756] identifier D is used before its declaration [C:/Users/ahmadw/Desktop/ECE491/DigitalDesign/Lab_2_Serial_Transmitter/Lab_2_Serial_Transmitter.srcs/sources_1/new/transmitter_fsm.sv:27]
WARNING: [VRFC 10-756] identifier N is used before its declaration [C:/Users/ahmadw/Desktop/ECE491/DigitalDesign/Lab_2_Serial_Transmitter/Lab_2_Serial_Transmitter.srcs/sources_1/new/transmitter_fsm.sv:28]
INFO: [VRFC 10-2263] Analyzing SystemVerilog file "C:/Users/ahmadw/Desktop/ECE491/DigitalDesign/Lab_2_Serial_Transmitter/Lab_2_Serial_Transmitter.srcs/sources_1/imports/Downloads/Lab 2 Reference Code-20170904/single_pulser.sv" into library xil_defaultlib
INFO: [VRFC 10-311] analyzing module single_pulser
INFO: [VRFC 10-2263] Analyzing SystemVerilog file "C:/Users/ahmadw/Desktop/ECE491/DigitalDesign/Lab_2_Serial_Transmitter/Lab_2_Serial_Transmitter.srcs/sources_1/imports/Downloads/Lab 1 Reference Code + Requirements Checklist-20170829/clkenb.sv" into library xil_defaultlib
INFO: [VRFC 10-311] analyzing module clkenb
INFO: [VRFC 10-2263] Analyzing SystemVerilog file "C:/Users/ahmadw/Desktop/ECE491/DigitalDesign/Lab_2_Serial_Transmitter/Lab_2_Serial_Transmitter.srcs/sources_1/imports/Downloads/Lab 2 Reference Code-20170904/bcdcounter.sv" into library xil_defaultlib
INFO: [VRFC 10-311] analyzing module bcdcounter
INFO: [VRFC 10-2263] Analyzing SystemVerilog file "C:/Users/ahmadw/Desktop/ECE491/DigitalDesign/Lab_2_Serial_Transmitter/Lab_2_Serial_Transmitter.srcs/sources_1/new/rtl_transmitter.sv" into library xil_defaultlib
INFO: [VRFC 10-311] analyzing module rtl_transmitter
INFO: [VRFC 10-2263] Analyzing SystemVerilog file "C:/Users/ahmadw/Desktop/ECE491/DigitalDesign/Lab_2_Serial_Transmitter/Lab_2_Serial_Transmitter.srcs/sim_1/new/rtl_transmitter_bench.sv" into library xil_defaultlib
INFO: [VRFC 10-311] analyzing module rtl_transmitter_bench
INFO: [VRFC 10-2263] Analyzing Verilog file "C:/Users/ahmadw/Desktop/ECE491/DigitalDesign/Lab_2_Serial_Transmitter/Lab_2_Serial_Transmitter.sim/sim_1/behav/glbl.v" into library xil_defaultlib
INFO: [VRFC 10-311] analyzing module glbl
INFO: [USF-XSim-69] 'compile' step finished in '1' seconds
INFO: [USF-XSim-3] XSim::Elaborate design
INFO: [USF-XSim-61] Executing 'ELABORATE' step in 'C:/Users/ahmadw/Desktop/ECE491/DigitalDesign/Lab_2_Serial_Transmitter/Lab_2_Serial_Transmitter.sim/sim_1/behav'
Vivado Simulator 2016.2
Copyright 1986-1999, 2001-2016 Xilinx, Inc. All Rights Reserved.
Running: C:/Xilinx/Vivado/2016.2/bin/unwrapped/win64.o/xelab.exe -wto 13c6a793ba224e2a815bfab7aec5bcce --debug typical --relax --mt 2 -L xil_defaultlib -L unisims_ver -L unimacro_ver -L secureip --snapshot rtl_transmitter_bench_behav xil_defaultlib.rtl_transmitter_bench xil_defaultlib.glbl -log elaborate.log 
Using 2 slave threads.
Starting static elaboration
Completed static elaboration
Starting simulation data flow analysis
WARNING: [XSIM 43-4100] "C:/Users/ahmadw/Desktop/ECE491/DigitalDesign/Lab_2_Serial_Transmitter/Lab_2_Serial_Transmitter.srcs/sources_1/new/rtl_transmitter.sv" Line 23. Module rtl_transmitter(BAUD=10000000) has a timescale but at least one module in design doesn't have timescale.
WARNING: [XSIM 43-4100] "C:/Users/ahmadw/Desktop/ECE491/DigitalDesign/Lab_2_Serial_Transmitter/Lab_2_Serial_Transmitter.srcs/sources_1/new/transmitter_fsm.sv" Line 23. Module transmitter_fsm has a timescale but at least one module in design doesn't have timescale.
WARNING: [XSIM 43-4100] "C:/Users/ahmadw/Desktop/ECE491/DigitalDesign/Lab_2_Serial_Transmitter/Lab_2_Serial_Transmitter.sim/sim_1/behav/glbl.v" Line 6. Module glbl has a timescale but at least one module in design doesn't have timescale.
WARNING: [XSIM 43-4100] "C:/Users/ahmadw/Desktop/ECE491/DigitalDesign/Lab_2_Serial_Transmitter/Lab_2_Serial_Transmitter.srcs/sources_1/new/rtl_transmitter.sv" Line 23. Module rtl_transmitter(BAUD=10000000) has a timescale but at least one module in design doesn't have timescale.
WARNING: [XSIM 43-4100] "C:/Users/ahmadw/Desktop/ECE491/DigitalDesign/Lab_2_Serial_Transmitter/Lab_2_Serial_Transmitter.srcs/sources_1/new/transmitter_fsm.sv" Line 23. Module transmitter_fsm has a timescale but at least one module in design doesn't have timescale.
WARNING: [XSIM 43-4100] "C:/Users/ahmadw/Desktop/ECE491/DigitalDesign/Lab_2_Serial_Transmitter/Lab_2_Serial_Transmitter.sim/sim_1/behav/glbl.v" Line 6. Module glbl has a timescale but at least one module in design doesn't have timescale.
Completed simulation data flow analysis
Time Resolution for simulation is 1ps
Compiling module xil_defaultlib.clkenb(DIVFREQ=10000000)
Compiling module xil_defaultlib.single_pulser
Compiling module xil_defaultlib.bcdcounter
Compiling module xil_defaultlib.transmitter_fsm
Compiling module xil_defaultlib.rtl_transmitter(BAUD=10000000)
Compiling module xil_defaultlib.rtl_transmitter_bench
Compiling module xil_defaultlib.glbl
Built simulation snapshot rtl_transmitter_bench_behav
INFO: [USF-XSim-69] 'elaborate' step finished in '1' seconds
Vivado Simulator 2016.2
Time resolution is 1 ps
WARNING: 0ns : none of the conditions were true for unique case from File:C:/Users/ahmadw/Desktop/ECE491/DigitalDesign/Lab_2_Serial_Transmitter/Lab_2_Serial_Transmitter.srcs/sources_1/new/transmitter_fsm.sv:50
WARNING: 5ns : none of the conditions were true for unique case from File:C:/Users/ahmadw/Desktop/ECE491/DigitalDesign/Lab_2_Serial_Transmitter/Lab_2_Serial_Transmitter.srcs/sources_1/new/transmitter_fsm.sv:50
run 11 us
relaunch_sim
INFO: [USF-XSim-27] Simulation object is 'sim_1'
INFO: [USF-XSim-37] Inspecting design source files for 'rtl_transmitter_bench' in fileset 'sim_1'...
INFO: [USF-XSim-97] Finding global include files...
INFO: [USF-XSim-98] Fetching design files from 'sim_1'...
INFO: [USF-XSim-2] XSim::Compile design
INFO: [USF-XSim-61] Executing 'COMPILE and ANALYZE' step in 'C:/Users/ahmadw/Desktop/ECE491/DigitalDesign/Lab_2_Serial_Transmitter/Lab_2_Serial_Transmitter.sim/sim_1/behav'
"xvlog -m64 --relax -prj rtl_transmitter_bench_vlog.prj"
INFO: [VRFC 10-2263] Analyzing SystemVerilog file "C:/Users/ahmadw/Desktop/ECE491/DigitalDesign/Lab_2_Serial_Transmitter/Lab_2_Serial_Transmitter.srcs/sources_1/new/transmitter_fsm.sv" into library xil_defaultlib
INFO: [VRFC 10-311] analyzing module transmitter_fsm
WARNING: [VRFC 10-756] identifier D is used before its declaration [C:/Users/ahmadw/Desktop/ECE491/DigitalDesign/Lab_2_Serial_Transmitter/Lab_2_Serial_Transmitter.srcs/sources_1/new/transmitter_fsm.sv:27]
WARNING: [VRFC 10-756] identifier N is used before its declaration [C:/Users/ahmadw/Desktop/ECE491/DigitalDesign/Lab_2_Serial_Transmitter/Lab_2_Serial_Transmitter.srcs/sources_1/new/transmitter_fsm.sv:28]
INFO: [VRFC 10-2263] Analyzing SystemVerilog file "C:/Users/ahmadw/Desktop/ECE491/DigitalDesign/Lab_2_Serial_Transmitter/Lab_2_Serial_Transmitter.srcs/sources_1/imports/Downloads/Lab 2 Reference Code-20170904/single_pulser.sv" into library xil_defaultlib
INFO: [VRFC 10-311] analyzing module single_pulser
INFO: [VRFC 10-2263] Analyzing SystemVerilog file "C:/Users/ahmadw/Desktop/ECE491/DigitalDesign/Lab_2_Serial_Transmitter/Lab_2_Serial_Transmitter.srcs/sources_1/imports/Downloads/Lab 1 Reference Code + Requirements Checklist-20170829/clkenb.sv" into library xil_defaultlib
INFO: [VRFC 10-311] analyzing module clkenb
INFO: [VRFC 10-2263] Analyzing SystemVerilog file "C:/Users/ahmadw/Desktop/ECE491/DigitalDesign/Lab_2_Serial_Transmitter/Lab_2_Serial_Transmitter.srcs/sources_1/imports/Downloads/Lab 2 Reference Code-20170904/bcdcounter.sv" into library xil_defaultlib
INFO: [VRFC 10-311] analyzing module bcdcounter
INFO: [VRFC 10-2263] Analyzing SystemVerilog file "C:/Users/ahmadw/Desktop/ECE491/DigitalDesign/Lab_2_Serial_Transmitter/Lab_2_Serial_Transmitter.srcs/sources_1/new/rtl_transmitter.sv" into library xil_defaultlib
INFO: [VRFC 10-311] analyzing module rtl_transmitter
INFO: [VRFC 10-2263] Analyzing SystemVerilog file "C:/Users/ahmadw/Desktop/ECE491/DigitalDesign/Lab_2_Serial_Transmitter/Lab_2_Serial_Transmitter.srcs/sim_1/new/rtl_transmitter_bench.sv" into library xil_defaultlib
INFO: [VRFC 10-311] analyzing module rtl_transmitter_bench
INFO: [VRFC 10-2263] Analyzing Verilog file "C:/Users/ahmadw/Desktop/ECE491/DigitalDesign/Lab_2_Serial_Transmitter/Lab_2_Serial_Transmitter.sim/sim_1/behav/glbl.v" into library xil_defaultlib
INFO: [VRFC 10-311] analyzing module glbl
INFO: [USF-XSim-69] 'compile' step finished in '1' seconds
INFO: [USF-XSim-3] XSim::Elaborate design
INFO: [USF-XSim-61] Executing 'ELABORATE' step in 'C:/Users/ahmadw/Desktop/ECE491/DigitalDesign/Lab_2_Serial_Transmitter/Lab_2_Serial_Transmitter.sim/sim_1/behav'
Vivado Simulator 2016.2
Copyright 1986-1999, 2001-2016 Xilinx, Inc. All Rights Reserved.
Running: C:/Xilinx/Vivado/2016.2/bin/unwrapped/win64.o/xelab.exe -wto 13c6a793ba224e2a815bfab7aec5bcce --debug typical --relax --mt 2 -L xil_defaultlib -L unisims_ver -L unimacro_ver -L secureip --snapshot rtl_transmitter_bench_behav xil_defaultlib.rtl_transmitter_bench xil_defaultlib.glbl -log elaborate.log 
Using 2 slave threads.
Starting static elaboration
Completed static elaboration
Starting simulation data flow analysis
WARNING: [XSIM 43-4100] "C:/Users/ahmadw/Desktop/ECE491/DigitalDesign/Lab_2_Serial_Transmitter/Lab_2_Serial_Transmitter.srcs/sources_1/new/rtl_transmitter.sv" Line 23. Module rtl_transmitter(BAUD=10000000) has a timescale but at least one module in design doesn't have timescale.
WARNING: [XSIM 43-4100] "C:/Users/ahmadw/Desktop/ECE491/DigitalDesign/Lab_2_Serial_Transmitter/Lab_2_Serial_Transmitter.srcs/sources_1/new/transmitter_fsm.sv" Line 23. Module transmitter_fsm has a timescale but at least one module in design doesn't have timescale.
WARNING: [XSIM 43-4100] "C:/Users/ahmadw/Desktop/ECE491/DigitalDesign/Lab_2_Serial_Transmitter/Lab_2_Serial_Transmitter.sim/sim_1/behav/glbl.v" Line 6. Module glbl has a timescale but at least one module in design doesn't have timescale.
WARNING: [XSIM 43-4100] "C:/Users/ahmadw/Desktop/ECE491/DigitalDesign/Lab_2_Serial_Transmitter/Lab_2_Serial_Transmitter.srcs/sources_1/new/rtl_transmitter.sv" Line 23. Module rtl_transmitter(BAUD=10000000) has a timescale but at least one module in design doesn't have timescale.
WARNING: [XSIM 43-4100] "C:/Users/ahmadw/Desktop/ECE491/DigitalDesign/Lab_2_Serial_Transmitter/Lab_2_Serial_Transmitter.srcs/sources_1/new/transmitter_fsm.sv" Line 23. Module transmitter_fsm has a timescale but at least one module in design doesn't have timescale.
WARNING: [XSIM 43-4100] "C:/Users/ahmadw/Desktop/ECE491/DigitalDesign/Lab_2_Serial_Transmitter/Lab_2_Serial_Transmitter.sim/sim_1/behav/glbl.v" Line 6. Module glbl has a timescale but at least one module in design doesn't have timescale.
Completed simulation data flow analysis
Time Resolution for simulation is 1ps
Compiling module xil_defaultlib.clkenb(DIVFREQ=10000000)
Compiling module xil_defaultlib.single_pulser
Compiling module xil_defaultlib.bcdcounter
Compiling module xil_defaultlib.transmitter_fsm
Compiling module xil_defaultlib.rtl_transmitter(BAUD=10000000)
Compiling module xil_defaultlib.rtl_transmitter_bench
Compiling module xil_defaultlib.glbl
Built simulation snapshot rtl_transmitter_bench_behav
INFO: [USF-XSim-69] 'elaborate' step finished in '1' seconds
Vivado Simulator 2016.2
Time resolution is 1 ps
WARNING: 0ns : none of the conditions were true for unique case from File:C:/Users/ahmadw/Desktop/ECE491/DigitalDesign/Lab_2_Serial_Transmitter/Lab_2_Serial_Transmitter.srcs/sources_1/new/transmitter_fsm.sv:50
WARNING: 5ns : none of the conditions were true for unique case from File:C:/Users/ahmadw/Desktop/ECE491/DigitalDesign/Lab_2_Serial_Transmitter/Lab_2_Serial_Transmitter.srcs/sources_1/new/transmitter_fsm.sv:50
run 11 us
