#-----------------------------------------------------------
# Vivado v2016.2 (64-bit)
# SW Build 1577090 on Thu Jun  2 16:32:40 MDT 2016
# IP Build 1577682 on Fri Jun  3 12:00:54 MDT 2016
# Start of session at: Sat Sep 09 18:22:53 2017
# Process ID: 12844
# Current directory: C:/Users/ahmadw/Desktop/ECE491/DigitalDesign/Lab_2_Serial_Transmitter
# Command line: vivado.exe -gui_launcher_event rodinguilauncherevent13328 C:\Users\ahmadw\Desktop\ECE491\DigitalDesign\Lab_2_Serial_Transmitter\Lab_2_Serial_Transmitter.xpr
# Log file: C:/Users/ahmadw/Desktop/ECE491/DigitalDesign/Lab_2_Serial_Transmitter/vivado.log
# Journal file: C:/Users/ahmadw/Desktop/ECE491/DigitalDesign/Lab_2_Serial_Transmitter\vivado.jou
#-----------------------------------------------------------
start_gui
open_project C:/Users/ahmadw/Desktop/ECE491/DigitalDesign/Lab_2_Serial_Transmitter/Lab_2_Serial_Transmitter.xpr
Scanning sources...
Finished scanning sources
INFO: [IP_Flow 19-234] Refreshing IP repositories
INFO: [IP_Flow 19-1704] No user IP repositories specified
INFO: [IP_Flow 19-2313] Loaded Vivado IP repository 'C:/Xilinx/Vivado/2016.2/data/ip'.
update_compile_order -fileset sources_1
exit
INFO: [Common 17-206] Exiting Vivado at Sat Sep 09 18:53:22 2017...
