#-----------------------------------------------------------
# Vivado v2016.2 (64-bit)
# SW Build 1577090 on Thu Jun  2 16:32:40 MDT 2016
# IP Build 1577682 on Fri Jun  3 12:00:54 MDT 2016
# Start of session at: Tue Sep 19 15:21:31 2017
# Process ID: 8660
# Current directory: C:/Users/ahmadw/Desktop/ECE491/DigitalDesign/Lab04
# Command line: vivado.exe -gui_launcher_event rodinguilauncherevent12328 C:\Users\ahmadw\Desktop\ECE491\DigitalDesign\Lab04\Lab04.xpr
# Log file: C:/Users/ahmadw/Desktop/ECE491/DigitalDesign/Lab04/vivado.log
# Journal file: C:/Users/ahmadw/Desktop/ECE491/DigitalDesign/Lab04\vivado.jou
#-----------------------------------------------------------
start_gui
open_project C:/Users/ahmadw/Desktop/ECE491/DigitalDesign/Lab04/Lab04.xpr
INFO: [Project 1-313] Project file moved from 'C:/Users/watsongd/Desktop/491 Labs/DigitalDesign/Lab04' since last save.
Scanning sources...
Finished scanning sources
INFO: [IP_Flow 19-234] Refreshing IP repositories
INFO: [IP_Flow 19-1704] No user IP repositories specified
INFO: [IP_Flow 19-2313] Loaded Vivado IP repository 'C:/Xilinx/Vivado/2016.2/data/ip'.
update_compile_order -fileset sources_1
launch_simulation
INFO: [USF-XSim-27] Simulation object is 'sim_1'
INFO: [USF-XSim-37] Inspecting design source files for 'receiver_bench' in fileset 'sim_1'...
INFO: [USF-XSim-97] Finding global include files...
INFO: [USF-XSim-98] Fetching design files from 'sim_1'...
INFO: [USF-XSim-2] XSim::Compile design
INFO: [USF-XSim-61] Executing 'COMPILE and ANALYZE' step in 'C:/Users/ahmadw/Desktop/ECE491/DigitalDesign/Lab04/Lab04.sim/sim_1/behav'
"xvlog -m64 --relax -prj receiver_bench_vlog.prj"
INFO: [VRFC 10-2263] Analyzing SystemVerilog file "C:/Users/ahmadw/Desktop/ECE491/DigitalDesign/Lab04/Lab04.srcs/sources_1/new/receiver_fsm.sv" into library xil_defaultlib
INFO: [VRFC 10-311] analyzing module receiver_fsm
INFO: [VRFC 10-2263] Analyzing SystemVerilog file "C:/Users/ahmadw/Desktop/ECE491/DigitalDesign/Lab04/Lab04.srcs/sources_1/imports/Downloads/Lab 1 Reference Code + Requirements Checklist-20170919/clkenb.sv" into library xil_defaultlib
INFO: [VRFC 10-311] analyzing module clkenb
INFO: [VRFC 10-2263] Analyzing SystemVerilog file "C:/Users/ahmadw/Desktop/ECE491/DigitalDesign/Lab04/Lab04.srcs/sources_1/new/receiver_top.sv" into library xil_defaultlib
INFO: [VRFC 10-311] analyzing module receiver_top
INFO: [VRFC 10-2263] Analyzing SystemVerilog file "C:/Users/ahmadw/Desktop/ECE491/DigitalDesign/Lab04/Lab04.srcs/sim_1/new/receiver_bench.sv" into library xil_defaultlib
INFO: [VRFC 10-311] analyzing module receiver_bench
INFO: [VRFC 10-2263] Analyzing Verilog file "C:/Users/ahmadw/Desktop/ECE491/DigitalDesign/Lab04/Lab04.sim/sim_1/behav/glbl.v" into library xil_defaultlib
INFO: [VRFC 10-311] analyzing module glbl
INFO: [USF-XSim-69] 'compile' step finished in '1' seconds
INFO: [USF-XSim-3] XSim::Elaborate design
INFO: [USF-XSim-61] Executing 'ELABORATE' step in 'C:/Users/ahmadw/Desktop/ECE491/DigitalDesign/Lab04/Lab04.sim/sim_1/behav'
Vivado Simulator 2016.2
Copyright 1986-1999, 2001-2016 Xilinx, Inc. All Rights Reserved.
Running: C:/Xilinx/Vivado/2016.2/bin/unwrapped/win64.o/xelab.exe -wto 60909ac0284d4bc8aca8621b6e07218e --debug typical --relax --mt 2 -L xil_defaultlib -L unisims_ver -L unimacro_ver -L secureip --snapshot receiver_bench_behav xil_defaultlib.receiver_bench xil_defaultlib.glbl -log elaborate.log 
Using 2 slave threads.
Starting static elaboration
Completed static elaboration
Starting simulation data flow analysis
WARNING: [XSIM 43-4099] "C:/Users/ahmadw/Desktop/ECE491/DigitalDesign/Lab04/Lab04.srcs/sources_1/imports/Downloads/Lab 1 Reference Code + Requirements Checklist-20170919/clkenb.sv" Line 20. Module clkenb(DIVFREQ=153600) doesn't have a timescale but at least one module in design has a timescale.
WARNING: [XSIM 43-4099] "C:/Users/ahmadw/Desktop/ECE491/DigitalDesign/Lab04/Lab04.srcs/sources_1/imports/Downloads/Lab 1 Reference Code + Requirements Checklist-20170919/clkenb.sv" Line 20. Module clkenb(DIVFREQ=153600) doesn't have a timescale but at least one module in design has a timescale.
Completed simulation data flow analysis
Time Resolution for simulation is 1ps
Compiling module xil_defaultlib.clkenb(DIVFREQ=153600)
Compiling module xil_defaultlib.receiver_fsm
Compiling module xil_defaultlib.receiver_top_default
Compiling module xil_defaultlib.receiver_bench
Compiling module xil_defaultlib.glbl
Built simulation snapshot receiver_bench_behav

****** Webtalk v2016.2 (64-bit)
  **** SW Build 1577090 on Thu Jun  2 16:32:40 MDT 2016
  **** IP Build 1577682 on Fri Jun  3 12:00:54 MDT 2016
    ** Copyright 1986-2016 Xilinx, Inc. All Rights Reserved.

source C:/Users/ahmadw/Desktop/ECE491/DigitalDesign/Lab04/Lab04.sim/sim_1/behav/xsim.dir/receiver_bench_behav/webtalk/xsim_webtalk.tcl -notrace
INFO: [Common 17-206] Exiting Webtalk at Tue Sep 19 15:21:44 2017...
INFO: [USF-XSim-69] 'elaborate' step finished in '1' seconds
INFO: [USF-XSim-4] XSim::Simulate design
INFO: [USF-XSim-61] Executing 'SIMULATE' step in 'C:/Users/ahmadw/Desktop/ECE491/DigitalDesign/Lab04/Lab04.sim/sim_1/behav'
INFO: [USF-XSim-98] *** Running xsim
   with args "receiver_bench_behav -key {Behavioral:sim_1:Functional:receiver_bench} -tclbatch {receiver_bench.tcl} -log {simulate.log}"
INFO: [USF-XSim-8] Loading simulator feature
Vivado Simulator 2016.2
Time resolution is 1 ps
source receiver_bench.tcl
# set curr_wave [current_wave_config]
# if { [string length $curr_wave] == 0 } {
#   if { [llength [get_objects]] > 0} {
#     add_wave /
#     set_property needs_save false [current_wave_config]
#   } else {
#      send_msg_id Add_Wave-1 WARNING "No top level signals found. Simulator will start without a wave window. If you want to open a wave window go to 'File->New Waveform Configuration' or type 'create_wave_config' in the TCL console."
#   }
# }
# run 1000ns
WARNING: 0ns : none of the conditions were true for unique case from File:C:/Users/ahmadw/Desktop/ECE491/DigitalDesign/Lab04/Lab04.srcs/sources_1/new/receiver_fsm.sv:78
INFO: [USF-XSim-96] XSim completed. Design snapshot 'receiver_bench_behav' loaded.
INFO: [USF-XSim-97] XSim simulation ran for 1000ns
run 10 ms
run 10 ms
close_sim
INFO: [Simtcl 6-16] Simulation closed
exit
INFO: [Common 17-206] Exiting Vivado at Tue Sep 19 15:22:29 2017...
