#-----------------------------------------------------------
# Vivado v2016.2 (64-bit)
# SW Build 1577090 on Thu Jun  2 16:32:40 MDT 2016
# IP Build 1577682 on Fri Jun  3 12:00:54 MDT 2016
# Start of session at: Thu Sep 21 23:54:23 2017
# Process ID: 11572
# Current directory: C:/Users/ahmadw/Desktop/ECE491/DigitalDesign/Lab04
# Command line: vivado.exe -gui_launcher_event rodinguilauncherevent9864 C:\Users\ahmadw\Desktop\ECE491\DigitalDesign\Lab04\Lab04.xpr
# Log file: C:/Users/ahmadw/Desktop/ECE491/DigitalDesign/Lab04/vivado.log
# Journal file: C:/Users/ahmadw/Desktop/ECE491/DigitalDesign/Lab04\vivado.jou
#-----------------------------------------------------------
start_gui
open_project C:/Users/ahmadw/Desktop/ECE491/DigitalDesign/Lab04/Lab04.xpr
Scanning sources...
Finished scanning sources
INFO: [IP_Flow 19-234] Refreshing IP repositories
INFO: [IP_Flow 19-1704] No user IP repositories specified
INFO: [IP_Flow 19-2313] Loaded Vivado IP repository 'C:/Xilinx/Vivado/2016.2/data/ip'.
update_compile_order -fileset sources_1
exit
INFO: [Common 17-206] Exiting Vivado at Thu Sep 21 23:54:36 2017...
