
*** Running vivado
    with args -log nexys4DDR.vds -m64 -mode batch -messageDb vivado.pb -notrace -source nexys4DDR.tcl


****** Vivado v2016.2 (64-bit)
  **** SW Build 1577090 on Thu Jun  2 16:32:40 MDT 2016
  **** IP Build 1577682 on Fri Jun  3 12:00:54 MDT 2016
    ** Copyright 1986-2016 Xilinx, Inc. All Rights Reserved.

source nexys4DDR.tcl -notrace
Command: synth_design -top nexys4DDR -part xc7a100tcsg324-1
Starting synth_design
Attempting to get a license for feature 'Synthesis' and/or device 'xc7a100t'
INFO: [Common 17-349] Got license for feature 'Synthesis' and/or device 'xc7a100t'
INFO: Launching helper process for spawning children vivado processes
INFO: Helper process launched with PID 2612 
---------------------------------------------------------------------------------
Starting RTL Elaboration : Time (s): cpu = 00:00:04 ; elapsed = 00:00:05 . Memory (MB): peak = 313.074 ; gain = 106.375
---------------------------------------------------------------------------------
INFO: [Synth 8-638] synthesizing module 'nexys4DDR' [C:/Users/ahmadw/Desktop/ECE491/DigitalDesign/Lab_2_Serial_Transmitter/Lab_2_Serial_Transmitter.srcs/sources_1/imports/Downloads/Lab 1 Reference Code + Requirements Checklist-20170829/nexys4DDR.sv:22]
INFO: [Synth 8-638] synthesizing module 'debounce' [C:/Users/ahmadw/Desktop/ECE491/DigitalDesign/Lab_2_Serial_Transmitter/Lab_2_Serial_Transmitter.srcs/sources_1/imports/Downloads/Lab 2 Reference Code-20170904/debounce.sv:19]
	Parameter DEBOUNCE_TIME_MS bound to: 5 - type: integer 
	Parameter CLKFREQ bound to: 100000000 - type: integer 
	Parameter WAIT_COUNT bound to: 500000 - type: integer 
INFO: [Synth 8-256] done synthesizing module 'debounce' (1#1) [C:/Users/ahmadw/Desktop/ECE491/DigitalDesign/Lab_2_Serial_Transmitter/Lab_2_Serial_Transmitter.srcs/sources_1/imports/Downloads/Lab 2 Reference Code-20170904/debounce.sv:19]
WARNING: [Synth 8-350] instance 'U_RESET_DEBOUNCE' of module 'debounce' requires 4 connections, but only 3 given [C:/Users/ahmadw/Desktop/ECE491/DigitalDesign/Lab_2_Serial_Transmitter/Lab_2_Serial_Transmitter.srcs/sources_1/imports/Downloads/Lab 1 Reference Code + Requirements Checklist-20170829/nexys4DDR.sv:53]
WARNING: [Synth 8-350] instance 'U_SEND_DEBOUNCE' of module 'debounce' requires 4 connections, but only 3 given [C:/Users/ahmadw/Desktop/ECE491/DigitalDesign/Lab_2_Serial_Transmitter/Lab_2_Serial_Transmitter.srcs/sources_1/imports/Downloads/Lab 1 Reference Code + Requirements Checklist-20170829/nexys4DDR.sv:54]
INFO: [Synth 8-638] synthesizing module 'rtl_transmitter' [C:/Users/ahmadw/Desktop/ECE491/DigitalDesign/Lab_2_Serial_Transmitter/Lab_2_Serial_Transmitter.srcs/sources_1/new/rtl_transmitter.sv:23]
	Parameter BAUD bound to: 9600 - type: integer 
INFO: [Synth 8-638] synthesizing module 'clkenb' [C:/Users/ahmadw/Desktop/ECE491/DigitalDesign/Lab_2_Serial_Transmitter/Lab_2_Serial_Transmitter.srcs/sources_1/imports/Downloads/Lab 1 Reference Code + Requirements Checklist-20170829/clkenb.sv:20]
	Parameter DIVFREQ bound to: 9600 - type: integer 
	Parameter CLKFREQ bound to: 100000000 - type: integer 
	Parameter DIVAMT bound to: 10416 - type: integer 
	Parameter DIVBITS bound to: 14 - type: integer 
INFO: [Synth 8-256] done synthesizing module 'clkenb' (2#1) [C:/Users/ahmadw/Desktop/ECE491/DigitalDesign/Lab_2_Serial_Transmitter/Lab_2_Serial_Transmitter.srcs/sources_1/imports/Downloads/Lab 1 Reference Code + Requirements Checklist-20170829/clkenb.sv:20]
INFO: [Synth 8-638] synthesizing module 'single_pulser' [C:/Users/ahmadw/Desktop/ECE491/DigitalDesign/Lab_2_Serial_Transmitter/Lab_2_Serial_Transmitter.srcs/sources_1/imports/Downloads/Lab 2 Reference Code-20170904/single_pulser.sv:19]
INFO: [Synth 8-256] done synthesizing module 'single_pulser' (3#1) [C:/Users/ahmadw/Desktop/ECE491/DigitalDesign/Lab_2_Serial_Transmitter/Lab_2_Serial_Transmitter.srcs/sources_1/imports/Downloads/Lab 2 Reference Code-20170904/single_pulser.sv:19]
INFO: [Synth 8-638] synthesizing module 'bcdcounter' [C:/Users/ahmadw/Desktop/ECE491/DigitalDesign/Lab_2_Serial_Transmitter/Lab_2_Serial_Transmitter.srcs/sources_1/imports/Downloads/Lab 2 Reference Code-20170904/bcdcounter.sv:18]
	Parameter COUNT_CEILING bound to: 10 - type: integer 
INFO: [Synth 8-256] done synthesizing module 'bcdcounter' (4#1) [C:/Users/ahmadw/Desktop/ECE491/DigitalDesign/Lab_2_Serial_Transmitter/Lab_2_Serial_Transmitter.srcs/sources_1/imports/Downloads/Lab 2 Reference Code-20170904/bcdcounter.sv:18]
WARNING: [Synth 8-350] instance 'U_BIT_COUNTER' of module 'bcdcounter' requires 5 connections, but only 4 given [C:/Users/ahmadw/Desktop/ECE491/DigitalDesign/Lab_2_Serial_Transmitter/Lab_2_Serial_Transmitter.srcs/sources_1/new/rtl_transmitter.sv:44]
INFO: [Synth 8-638] synthesizing module 'transmitter_fsm' [C:/Users/ahmadw/Desktop/ECE491/DigitalDesign/Lab_2_Serial_Transmitter/Lab_2_Serial_Transmitter.srcs/sources_1/new/transmitter_fsm.sv:23]
	Parameter D bound to: 8 - type: integer 
	Parameter N bound to: 4 - type: integer 
INFO: [Synth 8-294] found qualifier unique on case statement: implementing as parallel_case [C:/Users/ahmadw/Desktop/ECE491/DigitalDesign/Lab_2_Serial_Transmitter/Lab_2_Serial_Transmitter.srcs/sources_1/new/transmitter_fsm.sv:50]
INFO: [Synth 8-256] done synthesizing module 'transmitter_fsm' (5#1) [C:/Users/ahmadw/Desktop/ECE491/DigitalDesign/Lab_2_Serial_Transmitter/Lab_2_Serial_Transmitter.srcs/sources_1/new/transmitter_fsm.sv:23]
INFO: [Synth 8-256] done synthesizing module 'rtl_transmitter' (6#1) [C:/Users/ahmadw/Desktop/ECE491/DigitalDesign/Lab_2_Serial_Transmitter/Lab_2_Serial_Transmitter.srcs/sources_1/new/rtl_transmitter.sv:23]
INFO: [Synth 8-256] done synthesizing module 'nexys4DDR' (7#1) [C:/Users/ahmadw/Desktop/ECE491/DigitalDesign/Lab_2_Serial_Transmitter/Lab_2_Serial_Transmitter.srcs/sources_1/imports/Downloads/Lab 1 Reference Code + Requirements Checklist-20170829/nexys4DDR.sv:22]
---------------------------------------------------------------------------------
Finished RTL Elaboration : Time (s): cpu = 00:00:05 ; elapsed = 00:00:06 . Memory (MB): peak = 350.383 ; gain = 143.684
---------------------------------------------------------------------------------

Report Check Netlist: 
+------+------------------+-------+---------+-------+------------------+
|      |Item              |Errors |Warnings |Status |Description       |
+------+------------------+-------+---------+-------+------------------+
|1     |multi_driven_nets |      0|        0|Passed |Multi driven nets |
+------+------------------+-------+---------+-------+------------------+
---------------------------------------------------------------------------------
Finished RTL Optimization Phase 1 : Time (s): cpu = 00:00:05 ; elapsed = 00:00:06 . Memory (MB): peak = 350.383 ; gain = 143.684
---------------------------------------------------------------------------------
INFO: [Device 21-403] Loading part xc7a100tcsg324-1
INFO: [Project 1-570] Preparing netlist for logic optimization

Processing XDC Constraints
Initializing timing engine
Parsing XDC File [C:/Users/ahmadw/Desktop/ECE491/DigitalDesign/Lab_2_Serial_Transmitter/Lab_2_Serial_Transmitter.srcs/constrs_1/imports/Lab 1 Reference Code + Requirements Checklist-20170829/nexys4DDR.xdc]
Finished Parsing XDC File [C:/Users/ahmadw/Desktop/ECE491/DigitalDesign/Lab_2_Serial_Transmitter/Lab_2_Serial_Transmitter.srcs/constrs_1/imports/Lab 1 Reference Code + Requirements Checklist-20170829/nexys4DDR.xdc]
INFO: [Project 1-236] Implementation specific constraints were found while reading constraint file [C:/Users/ahmadw/Desktop/ECE491/DigitalDesign/Lab_2_Serial_Transmitter/Lab_2_Serial_Transmitter.srcs/constrs_1/imports/Lab 1 Reference Code + Requirements Checklist-20170829/nexys4DDR.xdc]. These constraints will be ignored for synthesis but will be used in implementation. Impacted constraints are listed in the file [.Xil/nexys4DDR_propImpl.xdc].
Resolution: To avoid this warning, move constraints listed in [.Xil/nexys4DDR_propImpl.xdc] to another XDC file and exclude this new file from synthesis with the used_in_synthesis property (File Properties dialog in GUI) and re-run elaboration/synthesis.
Completed Processing XDC Constraints

INFO: [Project 1-111] Unisim Transformation Summary:
No Unisim elements were transformed.

Constraint Validation Runtime : Time (s): cpu = 00:00:00 ; elapsed = 00:00:00.002 . Memory (MB): peak = 652.359 ; gain = 0.000
---------------------------------------------------------------------------------
Finished Constraint Validation : Time (s): cpu = 00:00:11 ; elapsed = 00:00:13 . Memory (MB): peak = 652.359 ; gain = 445.660
---------------------------------------------------------------------------------
---------------------------------------------------------------------------------
Start Loading Part and Timing Information
---------------------------------------------------------------------------------
Loading part: xc7a100tcsg324-1
---------------------------------------------------------------------------------
Finished Loading Part and Timing Information : Time (s): cpu = 00:00:11 ; elapsed = 00:00:13 . Memory (MB): peak = 652.359 ; gain = 445.660
---------------------------------------------------------------------------------
---------------------------------------------------------------------------------
Start Applying 'set_property' XDC Constraints
---------------------------------------------------------------------------------
---------------------------------------------------------------------------------
Finished applying 'set_property' XDC Constraints : Time (s): cpu = 00:00:11 ; elapsed = 00:00:13 . Memory (MB): peak = 652.359 ; gain = 445.660
---------------------------------------------------------------------------------
INFO: [Synth 8-5545] ROM "button_state_next" won't be mapped to RAM because address size (27) is larger than maximum supported(25)
INFO: [Synth 8-5546] ROM "enb" won't be mapped to RAM because it is too sparse
INFO: [Synth 8-5544] ROM "next" won't be mapped to Block RAM because address size (4) smaller than threshold (5)
---------------------------------------------------------------------------------
Finished RTL Optimization Phase 2 : Time (s): cpu = 00:00:11 ; elapsed = 00:00:13 . Memory (MB): peak = 652.359 ; gain = 445.660
---------------------------------------------------------------------------------

Report RTL Partitions: 
+-+--------------+------------+----------+
| |RTL Partition |Replication |Instances |
+-+--------------+------------+----------+
+-+--------------+------------+----------+
---------------------------------------------------------------------------------
Start RTL Component Statistics 
---------------------------------------------------------------------------------
Detailed RTL Component Info : 
+---Adders : 
	   2 Input     27 Bit       Adders := 2     
	   2 Input     14 Bit       Adders := 1     
	   2 Input      4 Bit       Adders := 1     
	   2 Input      3 Bit       Adders := 1     
+---Registers : 
	               27 Bit    Registers := 2     
	               14 Bit    Registers := 1     
	                4 Bit    Registers := 1     
	                2 Bit    Registers := 1     
	                1 Bit    Registers := 5     
+---Muxes : 
	   2 Input     27 Bit        Muxes := 2     
	   2 Input     14 Bit        Muxes := 1     
	   2 Input      2 Bit        Muxes := 1     
	   6 Input      2 Bit        Muxes := 1     
	   2 Input      1 Bit        Muxes := 6     
	   4 Input      1 Bit        Muxes := 2     
	   3 Input      1 Bit        Muxes := 1     
---------------------------------------------------------------------------------
Finished RTL Component Statistics 
---------------------------------------------------------------------------------
---------------------------------------------------------------------------------
Start RTL Hierarchical Component Statistics 
---------------------------------------------------------------------------------
Hierarchical RTL Component report 
Module debounce 
Detailed RTL Component Info : 
+---Adders : 
	   2 Input     27 Bit       Adders := 1     
+---Registers : 
	               27 Bit    Registers := 1     
	                1 Bit    Registers := 1     
+---Muxes : 
	   2 Input     27 Bit        Muxes := 1     
	   2 Input      1 Bit        Muxes := 2     
Module clkenb 
Detailed RTL Component Info : 
+---Adders : 
	   2 Input     14 Bit       Adders := 1     
+---Registers : 
	               14 Bit    Registers := 1     
	                1 Bit    Registers := 1     
+---Muxes : 
	   2 Input     14 Bit        Muxes := 1     
	   2 Input      1 Bit        Muxes := 1     
Module single_pulser 
Detailed RTL Component Info : 
+---Registers : 
	                1 Bit    Registers := 2     
Module bcdcounter 
Detailed RTL Component Info : 
+---Adders : 
	   2 Input      4 Bit       Adders := 1     
+---Registers : 
	                4 Bit    Registers := 1     
+---Muxes : 
	   2 Input      1 Bit        Muxes := 1     
Module transmitter_fsm 
Detailed RTL Component Info : 
+---Adders : 
	   2 Input      3 Bit       Adders := 1     
+---Registers : 
	                2 Bit    Registers := 1     
+---Muxes : 
	   2 Input      2 Bit        Muxes := 1     
	   6 Input      2 Bit        Muxes := 1     
	   4 Input      1 Bit        Muxes := 2     
	   3 Input      1 Bit        Muxes := 1     
---------------------------------------------------------------------------------
Finished RTL Hierarchical Component Statistics
---------------------------------------------------------------------------------
---------------------------------------------------------------------------------
Start Part Resource Summary
---------------------------------------------------------------------------------
Part Resources:
DSPs: 240 (col length:80)
BRAMs: 270 (col length: RAMB18 80 RAMB36 40)
---------------------------------------------------------------------------------
Finished Part Resource Summary
---------------------------------------------------------------------------------
Start Parallel Synthesis Optimization  : Time (s): cpu = 00:00:12 ; elapsed = 00:00:13 . Memory (MB): peak = 652.359 ; gain = 445.660
---------------------------------------------------------------------------------
Start Cross Boundary Optimization
---------------------------------------------------------------------------------
INFO: [Synth 8-5545] ROM "U_RESET_DEBOUNCE/button_state_next" won't be mapped to RAM because address size (27) is larger than maximum supported(25)
INFO: [Synth 8-5545] ROM "U_SEND_DEBOUNCE/button_state_next" won't be mapped to RAM because address size (27) is larger than maximum supported(25)
INFO: [Synth 8-5546] ROM "U_TRANSMITTER/U_BAUD_RATE/enb" won't be mapped to RAM because it is too sparse
---------------------------------------------------------------------------------
Finished Cross Boundary Optimization : Time (s): cpu = 00:00:12 ; elapsed = 00:00:13 . Memory (MB): peak = 652.359 ; gain = 445.660
---------------------------------------------------------------------------------
Finished Parallel Reinference  : Time (s): cpu = 00:00:12 ; elapsed = 00:00:13 . Memory (MB): peak = 652.359 ; gain = 445.660

Report RTL Partitions: 
+-+--------------+------------+----------+
| |RTL Partition |Replication |Instances |
+-+--------------+------------+----------+
+-+--------------+------------+----------+
---------------------------------------------------------------------------------
Start Area Optimization
---------------------------------------------------------------------------------
---------------------------------------------------------------------------------
Finished Area Optimization : Time (s): cpu = 00:00:12 ; elapsed = 00:00:14 . Memory (MB): peak = 652.359 ; gain = 445.660
---------------------------------------------------------------------------------
Finished Parallel Area Optimization  : Time (s): cpu = 00:00:12 ; elapsed = 00:00:14 . Memory (MB): peak = 652.359 ; gain = 445.660

Report RTL Partitions: 
+-+--------------+------------+----------+
| |RTL Partition |Replication |Instances |
+-+--------------+------------+----------+
+-+--------------+------------+----------+
---------------------------------------------------------------------------------
Start Timing Optimization
---------------------------------------------------------------------------------
---------------------------------------------------------------------------------
Start Applying XDC Timing Constraints
---------------------------------------------------------------------------------
---------------------------------------------------------------------------------
Finished Applying XDC Timing Constraints : Time (s): cpu = 00:00:20 ; elapsed = 00:00:21 . Memory (MB): peak = 652.359 ; gain = 445.660
---------------------------------------------------------------------------------
---------------------------------------------------------------------------------
Finished Timing Optimization : Time (s): cpu = 00:00:20 ; elapsed = 00:00:22 . Memory (MB): peak = 652.359 ; gain = 445.660
---------------------------------------------------------------------------------

Report RTL Partitions: 
+-+--------------+------------+----------+
| |RTL Partition |Replication |Instances |
+-+--------------+------------+----------+
+-+--------------+------------+----------+
---------------------------------------------------------------------------------
Start Technology Mapping
---------------------------------------------------------------------------------
---------------------------------------------------------------------------------
Finished Technology Mapping : Time (s): cpu = 00:00:20 ; elapsed = 00:00:22 . Memory (MB): peak = 652.359 ; gain = 445.660
---------------------------------------------------------------------------------
Finished Parallel Technology Mapping Optimization  : Time (s): cpu = 00:00:20 ; elapsed = 00:00:22 . Memory (MB): peak = 652.359 ; gain = 445.660

Report RTL Partitions: 
+-+--------------+------------+----------+
| |RTL Partition |Replication |Instances |
+-+--------------+------------+----------+
+-+--------------+------------+----------+
Finished Parallel Synthesis Optimization  : Time (s): cpu = 00:00:20 ; elapsed = 00:00:22 . Memory (MB): peak = 652.359 ; gain = 445.660
---------------------------------------------------------------------------------
Start IO Insertion
---------------------------------------------------------------------------------
---------------------------------------------------------------------------------
Start Flattening Before IO Insertion
---------------------------------------------------------------------------------
---------------------------------------------------------------------------------
Finished Flattening Before IO Insertion
---------------------------------------------------------------------------------
---------------------------------------------------------------------------------
Start Final Netlist Cleanup
---------------------------------------------------------------------------------
---------------------------------------------------------------------------------
Finished Final Netlist Cleanup
---------------------------------------------------------------------------------
---------------------------------------------------------------------------------
Finished IO Insertion : Time (s): cpu = 00:00:20 ; elapsed = 00:00:22 . Memory (MB): peak = 652.359 ; gain = 445.660
---------------------------------------------------------------------------------

Report Check Netlist: 
+------+------------------+-------+---------+-------+------------------+
|      |Item              |Errors |Warnings |Status |Description       |
+------+------------------+-------+---------+-------+------------------+
|1     |multi_driven_nets |      0|        0|Passed |Multi driven nets |
+------+------------------+-------+---------+-------+------------------+
---------------------------------------------------------------------------------
Start Renaming Generated Instances
---------------------------------------------------------------------------------
---------------------------------------------------------------------------------
Finished Renaming Generated Instances : Time (s): cpu = 00:00:20 ; elapsed = 00:00:22 . Memory (MB): peak = 652.359 ; gain = 445.660
---------------------------------------------------------------------------------

Report RTL Partitions: 
+-+--------------+------------+----------+
| |RTL Partition |Replication |Instances |
+-+--------------+------------+----------+
+-+--------------+------------+----------+
---------------------------------------------------------------------------------
Start Rebuilding User Hierarchy
---------------------------------------------------------------------------------
---------------------------------------------------------------------------------
Finished Rebuilding User Hierarchy : Time (s): cpu = 00:00:20 ; elapsed = 00:00:22 . Memory (MB): peak = 652.359 ; gain = 445.660
---------------------------------------------------------------------------------
---------------------------------------------------------------------------------
Start Renaming Generated Ports
---------------------------------------------------------------------------------
---------------------------------------------------------------------------------
Finished Renaming Generated Ports : Time (s): cpu = 00:00:20 ; elapsed = 00:00:22 . Memory (MB): peak = 652.359 ; gain = 445.660
---------------------------------------------------------------------------------
---------------------------------------------------------------------------------
Start Handling Custom Attributes
---------------------------------------------------------------------------------
---------------------------------------------------------------------------------
Finished Handling Custom Attributes : Time (s): cpu = 00:00:20 ; elapsed = 00:00:22 . Memory (MB): peak = 652.359 ; gain = 445.660
---------------------------------------------------------------------------------
---------------------------------------------------------------------------------
Start Renaming Generated Nets
---------------------------------------------------------------------------------
---------------------------------------------------------------------------------
Finished Renaming Generated Nets : Time (s): cpu = 00:00:20 ; elapsed = 00:00:22 . Memory (MB): peak = 652.359 ; gain = 445.660
---------------------------------------------------------------------------------
---------------------------------------------------------------------------------
Start Writing Synthesis Report
---------------------------------------------------------------------------------

Report BlackBoxes: 
+-+--------------+----------+
| |BlackBox name |Instances |
+-+--------------+----------+
+-+--------------+----------+

Report Cell Usage: 
+------+-------+------+
|      |Cell   |Count |
+------+-------+------+
|1     |BUFG   |     1|
|2     |CARRY4 |    18|
|3     |LUT1   |    70|
|4     |LUT2   |    18|
|5     |LUT3   |     2|
|6     |LUT4   |    66|
|7     |LUT5   |     6|
|8     |LUT6   |     9|
|9     |FDRE   |    79|
|10    |IBUF   |    11|
|11    |OBUF   |     6|
+------+-------+------+

Report Instance Areas: 
+------+-------------------+----------------+------+
|      |Instance           |Module          |Cells |
+------+-------------------+----------------+------+
|1     |top                |                |   286|
|2     |  U_RESET_DEBOUNCE |debounce        |    97|
|3     |  U_SEND_DEBOUNCE  |debounce_0      |    97|
|4     |  U_TRANSMITTER    |rtl_transmitter |    74|
|5     |    U_BAUD_PULSE   |single_pulser   |     3|
|6     |    U_BAUD_RATE    |clkenb          |    50|
|7     |    U_BIT_COUNTER  |bcdcounter      |    15|
|8     |    U_FSM          |transmitter_fsm |     6|
+------+-------------------+----------------+------+
---------------------------------------------------------------------------------
Finished Writing Synthesis Report : Time (s): cpu = 00:00:20 ; elapsed = 00:00:22 . Memory (MB): peak = 652.359 ; gain = 445.660
---------------------------------------------------------------------------------
Synthesis finished with 0 errors, 0 critical warnings and 0 warnings.
Synthesis Optimization Runtime : Time (s): cpu = 00:00:11 ; elapsed = 00:00:15 . Memory (MB): peak = 652.359 ; gain = 114.305
Synthesis Optimization Complete : Time (s): cpu = 00:00:20 ; elapsed = 00:00:22 . Memory (MB): peak = 652.359 ; gain = 445.660
INFO: [Project 1-571] Translating synthesized netlist
INFO: [Netlist 29-17] Analyzing 29 Unisim elements for replacement
INFO: [Netlist 29-28] Unisim Transformation completed in 0 CPU seconds
INFO: [Project 1-570] Preparing netlist for logic optimization
INFO: [Opt 31-138] Pushed 0 inverter(s) to 0 load pin(s).
INFO: [Project 1-111] Unisim Transformation Summary:
No Unisim elements were transformed.

INFO: [Common 17-83] Releasing license: Synthesis
33 Infos, 3 Warnings, 0 Critical Warnings and 0 Errors encountered.
synth_design completed successfully
synth_design: Time (s): cpu = 00:00:19 ; elapsed = 00:00:20 . Memory (MB): peak = 652.359 ; gain = 419.309
report_utilization: Time (s): cpu = 00:00:00 ; elapsed = 00:00:00.014 . Memory (MB): peak = 652.359 ; gain = 0.000
INFO: [Common 17-206] Exiting Vivado at Sat Sep 09 14:37:49 2017...
