Copyright 1986-2016 Xilinx, Inc. All Rights Reserved.
--------------------------------------------------------------------------------------
| Tool Version : Vivado v.2016.2 (win64) Build 1577090 Thu Jun  2 16:32:40 MDT 2016
| Date         : Tue Sep 05 10:51:21 2017
| Host         : ECE400-9SQXHH2 running 64-bit major release  (build 9200)
| Command      : report_control_sets -verbose -file nexys4DDR_control_sets_placed.rpt
| Design       : nexys4DDR
| Device       : xc7a100t
--------------------------------------------------------------------------------------

Control Set Information

Table of Contents
-----------------
1. Summary
2. Flip-Flop Distribution
3. Detailed Control Set Information

1. Summary
----------

+----------------------------------------------------------+-------+
|                          Status                          | Count |
+----------------------------------------------------------+-------+
| Number of unique control sets                            |     5 |
| Unused register locations in slices containing registers |    18 |
+----------------------------------------------------------+-------+


2. Flip-Flop Distribution
-------------------------

+--------------+-----------------------+------------------------+-----------------+--------------+
| Clock Enable | Synchronous Set/Reset | Asynchronous Set/Reset | Total Registers | Total Slices |
+--------------+-----------------------+------------------------+-----------------+--------------+
| No           | No                    | No                     |               4 |            4 |
| No           | No                    | Yes                    |               0 |            0 |
| No           | Yes                   | No                     |              70 |           18 |
| Yes          | No                    | No                     |               0 |            0 |
| Yes          | No                    | Yes                    |               0 |            0 |
| Yes          | Yes                   | No                     |               4 |            1 |
+--------------+-----------------------+------------------------+-----------------+--------------+


3. Detailed Control Set Information
-----------------------------------

+----------------------+---------------------------------+------------------------------------------+------------------+----------------+
|     Clock Signal     |          Enable Signal          |             Set/Reset Signal             | Slice Load Count | Bel Load Count |
+----------------------+---------------------------------+------------------------------------------+------------------+----------------+
|  CLK100MHZ_IBUF_BUFG |                                 |                                          |                4 |              4 |
|  CLK100MHZ_IBUF_BUFG | U_TRANSMITTER/U_BAUD_PULSE/E[0] | U_TRANSMITTER/U_BAUD_PULSE/SR[0]         |                1 |              4 |
|  CLK100MHZ_IBUF_BUFG |                                 | U_RESET_DEBOUNCE/debounced_reset         |                5 |             16 |
|  CLK100MHZ_IBUF_BUFG |                                 | U_RESET_DEBOUNCE/button_state_next1      |                6 |             27 |
|  CLK100MHZ_IBUF_BUFG |                                 | U_SEND_DEBOUNCE/count_reg[26]_i_1__0_n_0 |                7 |             27 |
+----------------------+---------------------------------+------------------------------------------+------------------+----------------+


