
*** Running vivado
    with args -log nexys4DDR.vds -m64 -mode batch -messageDb vivado.pb -notrace -source nexys4DDR.tcl


****** Vivado v2016.2 (64-bit)
  **** SW Build 1577090 on Thu Jun  2 16:32:40 MDT 2016
  **** IP Build 1577682 on Fri Jun  3 12:00:54 MDT 2016
    ** Copyright 1986-2016 Xilinx, Inc. All Rights Reserved.

source nexys4DDR.tcl -notrace
Command: synth_design -top nexys4DDR -part xc7a100tcsg324-1
Starting synth_design
Attempting to get a license for feature 'Synthesis' and/or device 'xc7a100t'
INFO: [Common 17-349] Got license for feature 'Synthesis' and/or device 'xc7a100t'
INFO: Launching helper process for spawning children vivado processes
INFO: Helper process launched with PID 10696 
---------------------------------------------------------------------------------
Starting RTL Elaboration : Time (s): cpu = 00:00:03 ; elapsed = 00:00:05 . Memory (MB): peak = 313.156 ; gain = 106.531
---------------------------------------------------------------------------------
INFO: [Synth 8-638] synthesizing module 'nexys4DDR' [C:/Users/ahmadw/Desktop/ECE491/DigitalDesign/Lab03/Lab03.srcs/sources_1/imports/sources_1/imports/Downloads/Lab 1 Reference Code + Requirements Checklist-20170829/nexys4DDR.sv:22]
INFO: [Synth 8-638] synthesizing module 'mxtest_2' [C:/Users/ahmadw/Desktop/ECE491/DigitalDesign/Lab03/Lab03.srcs/sources_1/imports/mxtest_2 - Extended mxtest module-20170913/mxtest_2.sv:32]
	Parameter MEM_SIZE bound to: 32 - type: integer 
	Parameter WAIT_TIME_US bound to: 10000 - type: integer 
	Parameter CLK_PD_NS bound to: 10 - type: integer 
	Parameter WAIT_TIME bound to: 1000000 - type: integer 
	Parameter WAIT_BITS bound to: 20 - type: integer 
INFO: [Synth 8-155] case statement is not full and has no default [C:/Users/ahmadw/Desktop/ECE491/DigitalDesign/Lab03/Lab03.srcs/sources_1/imports/mxtest_2 - Extended mxtest module-20170913/mxtest_2.sv:148]
INFO: [Synth 8-256] done synthesizing module 'mxtest_2' (1#1) [C:/Users/ahmadw/Desktop/ECE491/DigitalDesign/Lab03/Lab03.srcs/sources_1/imports/mxtest_2 - Extended mxtest module-20170913/mxtest_2.sv:32]
INFO: [Synth 8-638] synthesizing module 'debounce' [C:/Users/ahmadw/Desktop/ECE491/DigitalDesign/Lab03/Lab03.srcs/sources_1/imports/sources_1/imports/Downloads/Lab 2 Reference Code-20170904/debounce.sv:19]
	Parameter DEBOUNCE_TIME_MS bound to: 5 - type: integer 
	Parameter CLKFREQ bound to: 100000000 - type: integer 
	Parameter WAIT_COUNT bound to: 500000 - type: integer 
INFO: [Synth 8-256] done synthesizing module 'debounce' (2#1) [C:/Users/ahmadw/Desktop/ECE491/DigitalDesign/Lab03/Lab03.srcs/sources_1/imports/sources_1/imports/Downloads/Lab 2 Reference Code-20170904/debounce.sv:19]
WARNING: [Synth 8-350] instance 'U_RESET_DEBOUNCE' of module 'debounce' requires 4 connections, but only 3 given [C:/Users/ahmadw/Desktop/ECE491/DigitalDesign/Lab03/Lab03.srcs/sources_1/imports/sources_1/imports/Downloads/Lab 1 Reference Code + Requirements Checklist-20170829/nexys4DDR.sv:59]
INFO: [Synth 8-638] synthesizing module 'rtl_transmitter' [C:/Users/ahmadw/Desktop/ECE491/DigitalDesign/Lab03/Lab03.srcs/sources_1/imports/sources_1/new/rtl_transmitter.sv:23]
	Parameter BAUD bound to: 50000 - type: integer 
	Parameter BAUD2 bound to: 100000 - type: integer 
	Parameter WAIT_BITS bound to: 2 - type: integer 
INFO: [Synth 8-638] synthesizing module 'clkenb' [C:/Users/ahmadw/Desktop/ECE491/DigitalDesign/Lab03/Lab03.srcs/sources_1/imports/sources_1/imports/Downloads/Lab 1 Reference Code + Requirements Checklist-20170829/clkenb.sv:20]
	Parameter DIVFREQ bound to: 50000 - type: integer 
	Parameter CLKFREQ bound to: 100000000 - type: integer 
	Parameter DIVAMT bound to: 2000 - type: integer 
	Parameter DIVBITS bound to: 11 - type: integer 
INFO: [Synth 8-256] done synthesizing module 'clkenb' (3#1) [C:/Users/ahmadw/Desktop/ECE491/DigitalDesign/Lab03/Lab03.srcs/sources_1/imports/sources_1/imports/Downloads/Lab 1 Reference Code + Requirements Checklist-20170829/clkenb.sv:20]
INFO: [Synth 8-638] synthesizing module 'single_pulser' [C:/Users/ahmadw/Desktop/ECE491/DigitalDesign/Lab03/Lab03.srcs/sources_1/imports/sources_1/imports/Downloads/Lab 2 Reference Code-20170904/single_pulser.sv:19]
INFO: [Synth 8-256] done synthesizing module 'single_pulser' (4#1) [C:/Users/ahmadw/Desktop/ECE491/DigitalDesign/Lab03/Lab03.srcs/sources_1/imports/sources_1/imports/Downloads/Lab 2 Reference Code-20170904/single_pulser.sv:19]
INFO: [Synth 8-638] synthesizing module 'bcdcounter' [C:/Users/ahmadw/Desktop/ECE491/DigitalDesign/Lab03/Lab03.srcs/sources_1/imports/sources_1/imports/Downloads/Lab 2 Reference Code-20170904/bcdcounter.sv:18]
	Parameter COUNT_CEILING bound to: 9 - type: integer 
INFO: [Synth 8-256] done synthesizing module 'bcdcounter' (5#1) [C:/Users/ahmadw/Desktop/ECE491/DigitalDesign/Lab03/Lab03.srcs/sources_1/imports/sources_1/imports/Downloads/Lab 2 Reference Code-20170904/bcdcounter.sv:18]
WARNING: [Synth 8-350] instance 'U_BIT_COUNTER' of module 'bcdcounter' requires 5 connections, but only 4 given [C:/Users/ahmadw/Desktop/ECE491/DigitalDesign/Lab03/Lab03.srcs/sources_1/imports/sources_1/new/rtl_transmitter.sv:54]
INFO: [Synth 8-638] synthesizing module 'clkenb__parameterized0' [C:/Users/ahmadw/Desktop/ECE491/DigitalDesign/Lab03/Lab03.srcs/sources_1/imports/sources_1/imports/Downloads/Lab 1 Reference Code + Requirements Checklist-20170829/clkenb.sv:20]
	Parameter DIVFREQ bound to: 100000 - type: integer 
	Parameter CLKFREQ bound to: 100000000 - type: integer 
	Parameter DIVAMT bound to: 1000 - type: integer 
	Parameter DIVBITS bound to: 10 - type: integer 
INFO: [Synth 8-256] done synthesizing module 'clkenb__parameterized0' (5#1) [C:/Users/ahmadw/Desktop/ECE491/DigitalDesign/Lab03/Lab03.srcs/sources_1/imports/sources_1/imports/Downloads/Lab 1 Reference Code + Requirements Checklist-20170829/clkenb.sv:20]
INFO: [Synth 8-638] synthesizing module 'bcdcounter__parameterized0' [C:/Users/ahmadw/Desktop/ECE491/DigitalDesign/Lab03/Lab03.srcs/sources_1/imports/sources_1/imports/Downloads/Lab 2 Reference Code-20170904/bcdcounter.sv:18]
	Parameter COUNT_CEILING bound to: 2 - type: integer 
INFO: [Synth 8-256] done synthesizing module 'bcdcounter__parameterized0' (5#1) [C:/Users/ahmadw/Desktop/ECE491/DigitalDesign/Lab03/Lab03.srcs/sources_1/imports/sources_1/imports/Downloads/Lab 2 Reference Code-20170904/bcdcounter.sv:18]
WARNING: [Synth 8-350] instance 'U_2_BIT_COUNTER' of module 'bcdcounter' requires 5 connections, but only 4 given [C:/Users/ahmadw/Desktop/ECE491/DigitalDesign/Lab03/Lab03.srcs/sources_1/imports/sources_1/new/rtl_transmitter.sv:75]
INFO: [Synth 8-638] synthesizing module 'bcdcounter__parameterized1' [C:/Users/ahmadw/Desktop/ECE491/DigitalDesign/Lab03/Lab03.srcs/sources_1/imports/sources_1/imports/Downloads/Lab 2 Reference Code-20170904/bcdcounter.sv:18]
	Parameter COUNT_CEILING bound to: 5 - type: integer 
INFO: [Synth 8-256] done synthesizing module 'bcdcounter__parameterized1' (5#1) [C:/Users/ahmadw/Desktop/ECE491/DigitalDesign/Lab03/Lab03.srcs/sources_1/imports/sources_1/imports/Downloads/Lab 2 Reference Code-20170904/bcdcounter.sv:18]
WARNING: [Synth 8-350] instance 'U_WAIT_BIT_COUNTER' of module 'bcdcounter' requires 5 connections, but only 4 given [C:/Users/ahmadw/Desktop/ECE491/DigitalDesign/Lab03/Lab03.srcs/sources_1/imports/sources_1/new/rtl_transmitter.sv:78]
INFO: [Synth 8-638] synthesizing module 'transmitter_fsm' [C:/Users/ahmadw/Desktop/ECE491/DigitalDesign/Lab03/Lab03.srcs/sources_1/imports/sources_1/new/transmitter_fsm.sv:23]
	Parameter D bound to: 8 - type: integer 
	Parameter N bound to: 4 - type: integer 
	Parameter WAIT_BITS bound to: 2 - type: integer 
INFO: [Synth 8-294] found qualifier unique on case statement: implementing as parallel_case [C:/Users/ahmadw/Desktop/ECE491/DigitalDesign/Lab03/Lab03.srcs/sources_1/imports/sources_1/new/transmitter_fsm.sv:76]
WARNING: [Synth 8-87] always_comb on 'waiting_reg' did not result in combinational logic [C:/Users/ahmadw/Desktop/ECE491/DigitalDesign/Lab03/Lab03.srcs/sources_1/imports/sources_1/new/transmitter_fsm.sv:204]
INFO: [Synth 8-256] done synthesizing module 'transmitter_fsm' (6#1) [C:/Users/ahmadw/Desktop/ECE491/DigitalDesign/Lab03/Lab03.srcs/sources_1/imports/sources_1/new/transmitter_fsm.sv:23]
INFO: [Synth 8-256] done synthesizing module 'rtl_transmitter' (7#1) [C:/Users/ahmadw/Desktop/ECE491/DigitalDesign/Lab03/Lab03.srcs/sources_1/imports/sources_1/new/rtl_transmitter.sv:23]
WARNING: [Synth 8-3848] Net LED[-1] in module/entity nexys4DDR does not have driver. [C:/Users/ahmadw/Desktop/ECE491/DigitalDesign/Lab03/Lab03.srcs/sources_1/imports/sources_1/imports/Downloads/Lab 1 Reference Code + Requirements Checklist-20170829/nexys4DDR.sv:35]
INFO: [Synth 8-256] done synthesizing module 'nexys4DDR' (8#1) [C:/Users/ahmadw/Desktop/ECE491/DigitalDesign/Lab03/Lab03.srcs/sources_1/imports/sources_1/imports/Downloads/Lab 1 Reference Code + Requirements Checklist-20170829/nexys4DDR.sv:22]
WARNING: [Synth 8-3331] design nexys4DDR has unconnected port LED[-1]
WARNING: [Synth 8-3331] design nexys4DDR has unconnected port BTNU
---------------------------------------------------------------------------------
Finished RTL Elaboration : Time (s): cpu = 00:00:04 ; elapsed = 00:00:06 . Memory (MB): peak = 350.445 ; gain = 143.820
---------------------------------------------------------------------------------

Report Check Netlist: 
+------+------------------+-------+---------+-------+------------------+
|      |Item              |Errors |Warnings |Status |Description       |
+------+------------------+-------+---------+-------+------------------+
|1     |multi_driven_nets |      0|        0|Passed |Multi driven nets |
+------+------------------+-------+---------+-------+------------------+
---------------------------------------------------------------------------------
Finished RTL Optimization Phase 1 : Time (s): cpu = 00:00:04 ; elapsed = 00:00:06 . Memory (MB): peak = 350.445 ; gain = 143.820
---------------------------------------------------------------------------------
INFO: [Device 21-403] Loading part xc7a100tcsg324-1
INFO: [Project 1-570] Preparing netlist for logic optimization

Processing XDC Constraints
Initializing timing engine
Parsing XDC File [C:/Users/ahmadw/Desktop/ECE491/DigitalDesign/Lab03/Lab03.srcs/constrs_1/imports/Lab 1 Reference Code + Requirements Checklist-20170829/nexys4DDR.xdc]
WARNING: [Vivado 12-584] No ports matched 'JB[0]'. [C:/Users/ahmadw/Desktop/ECE491/DigitalDesign/Lab03/Lab03.srcs/constrs_1/imports/Lab 1 Reference Code + Requirements Checklist-20170829/nexys4DDR.xdc:108]
CRITICAL WARNING: [Common 17-55] 'set_property' expects at least one object. [C:/Users/ahmadw/Desktop/ECE491/DigitalDesign/Lab03/Lab03.srcs/constrs_1/imports/Lab 1 Reference Code + Requirements Checklist-20170829/nexys4DDR.xdc:108]
Resolution: If [get_<value>] was used to populate the object, check to make sure this command returns at least one valid object.
WARNING: [Vivado 12-584] No ports matched 'JB[1]'. [C:/Users/ahmadw/Desktop/ECE491/DigitalDesign/Lab03/Lab03.srcs/constrs_1/imports/Lab 1 Reference Code + Requirements Checklist-20170829/nexys4DDR.xdc:109]
CRITICAL WARNING: [Common 17-55] 'set_property' expects at least one object. [C:/Users/ahmadw/Desktop/ECE491/DigitalDesign/Lab03/Lab03.srcs/constrs_1/imports/Lab 1 Reference Code + Requirements Checklist-20170829/nexys4DDR.xdc:109]
Resolution: If [get_<value>] was used to populate the object, check to make sure this command returns at least one valid object.
WARNING: [Vivado 12-584] No ports matched 'JB[2]'. [C:/Users/ahmadw/Desktop/ECE491/DigitalDesign/Lab03/Lab03.srcs/constrs_1/imports/Lab 1 Reference Code + Requirements Checklist-20170829/nexys4DDR.xdc:110]
CRITICAL WARNING: [Common 17-55] 'set_property' expects at least one object. [C:/Users/ahmadw/Desktop/ECE491/DigitalDesign/Lab03/Lab03.srcs/constrs_1/imports/Lab 1 Reference Code + Requirements Checklist-20170829/nexys4DDR.xdc:110]
Resolution: If [get_<value>] was used to populate the object, check to make sure this command returns at least one valid object.
Finished Parsing XDC File [C:/Users/ahmadw/Desktop/ECE491/DigitalDesign/Lab03/Lab03.srcs/constrs_1/imports/Lab 1 Reference Code + Requirements Checklist-20170829/nexys4DDR.xdc]
INFO: [Project 1-236] Implementation specific constraints were found while reading constraint file [C:/Users/ahmadw/Desktop/ECE491/DigitalDesign/Lab03/Lab03.srcs/constrs_1/imports/Lab 1 Reference Code + Requirements Checklist-20170829/nexys4DDR.xdc]. These constraints will be ignored for synthesis but will be used in implementation. Impacted constraints are listed in the file [.Xil/nexys4DDR_propImpl.xdc].
Resolution: To avoid this warning, move constraints listed in [.Xil/nexys4DDR_propImpl.xdc] to another XDC file and exclude this new file from synthesis with the used_in_synthesis property (File Properties dialog in GUI) and re-run elaboration/synthesis.
Completed Processing XDC Constraints

INFO: [Project 1-111] Unisim Transformation Summary:
No Unisim elements were transformed.

Constraint Validation Runtime : Time (s): cpu = 00:00:00 ; elapsed = 00:00:00.002 . Memory (MB): peak = 653.434 ; gain = 0.000
---------------------------------------------------------------------------------
Finished Constraint Validation : Time (s): cpu = 00:00:10 ; elapsed = 00:00:12 . Memory (MB): peak = 653.434 ; gain = 446.809
---------------------------------------------------------------------------------
---------------------------------------------------------------------------------
Start Loading Part and Timing Information
---------------------------------------------------------------------------------
Loading part: xc7a100tcsg324-1
---------------------------------------------------------------------------------
Finished Loading Part and Timing Information : Time (s): cpu = 00:00:10 ; elapsed = 00:00:12 . Memory (MB): peak = 653.434 ; gain = 446.809
---------------------------------------------------------------------------------
---------------------------------------------------------------------------------
Start Applying 'set_property' XDC Constraints
---------------------------------------------------------------------------------
---------------------------------------------------------------------------------
Finished applying 'set_property' XDC Constraints : Time (s): cpu = 00:00:10 ; elapsed = 00:00:12 . Memory (MB): peak = 653.434 ; gain = 446.809
---------------------------------------------------------------------------------
INFO: [Synth 8-802] inferred FSM for state register 'state_reg' in module 'mxtest_2'
INFO: [Synth 8-5544] ROM "wait_count_enable" won't be mapped to Block RAM because address size (3) smaller than threshold (5)
INFO: [Synth 8-5544] ROM "wait_count_reset" won't be mapped to Block RAM because address size (3) smaller than threshold (5)
INFO: [Synth 8-5544] ROM "send" won't be mapped to Block RAM because address size (3) smaller than threshold (5)
INFO: [Synth 8-5544] ROM "next" won't be mapped to Block RAM because address size (1) smaller than threshold (5)
INFO: [Synth 8-5544] ROM "next" won't be mapped to Block RAM because address size (1) smaller than threshold (5)
INFO: [Synth 8-5544] ROM "next" won't be mapped to Block RAM because address size (1) smaller than threshold (5)
INFO: [Synth 8-5545] ROM "button_state_next" won't be mapped to RAM because address size (27) is larger than maximum supported(25)
INFO: [Synth 8-5546] ROM "enb" won't be mapped to RAM because it is too sparse
INFO: [Synth 8-5546] ROM "enb" won't be mapped to RAM because it is too sparse
INFO: [Synth 8-5544] ROM "reset_counter" won't be mapped to Block RAM because address size (4) smaller than threshold (5)
INFO: [Synth 8-5544] ROM "rdy" won't be mapped to Block RAM because address size (4) smaller than threshold (5)
INFO: [Synth 8-5544] ROM "next0" won't be mapped to Block RAM because address size (4) smaller than threshold (5)
INFO: [Synth 8-5544] ROM "next0" won't be mapped to Block RAM because address size (4) smaller than threshold (5)
INFO: [Synth 8-5544] ROM "next" won't be mapped to Block RAM because address size (4) smaller than threshold (5)
---------------------------------------------------------------------------------------------------
                   State |                     New Encoding |                Previous Encoding 
---------------------------------------------------------------------------------------------------
                 WAIT_RH |                               00 |                              000
                 WAIT_RL |                               01 |                              001
           WAIT_RH_DELAY |                               10 |                              010
              WAIT_DELAY |                               11 |                              011
---------------------------------------------------------------------------------------------------
INFO: [Synth 8-3354] encoded FSM with state register 'state_reg' using encoding 'sequential' in module 'mxtest_2'
WARNING: [Synth 8-327] inferring latch for variable 'waiting_reg' [C:/Users/ahmadw/Desktop/ECE491/DigitalDesign/Lab03/Lab03.srcs/sources_1/imports/sources_1/new/transmitter_fsm.sv:204]
---------------------------------------------------------------------------------
Finished RTL Optimization Phase 2 : Time (s): cpu = 00:00:11 ; elapsed = 00:00:12 . Memory (MB): peak = 653.434 ; gain = 446.809
---------------------------------------------------------------------------------

Report RTL Partitions: 
+-+--------------+------------+----------+
| |RTL Partition |Replication |Instances |
+-+--------------+------------+----------+
+-+--------------+------------+----------+
---------------------------------------------------------------------------------
Start RTL Component Statistics 
---------------------------------------------------------------------------------
Detailed RTL Component Info : 
+---Adders : 
	   2 Input     32 Bit       Adders := 1     
	   2 Input     27 Bit       Adders := 1     
	   2 Input     11 Bit       Adders := 1     
	   2 Input     10 Bit       Adders := 1     
	   2 Input      5 Bit       Adders := 1     
	   2 Input      4 Bit       Adders := 3     
+---Registers : 
	               27 Bit    Registers := 1     
	               11 Bit    Registers := 1     
	               10 Bit    Registers := 1     
	                5 Bit    Registers := 1     
	                4 Bit    Registers := 3     
	                3 Bit    Registers := 2     
	                1 Bit    Registers := 8     
+---Muxes : 
	   2 Input     27 Bit        Muxes := 1     
	   2 Input     11 Bit        Muxes := 1     
	   2 Input      5 Bit        Muxes := 1     
	   2 Input      3 Bit        Muxes := 10    
	   8 Input      3 Bit        Muxes := 1     
	  10 Input      2 Bit        Muxes := 1     
	   2 Input      2 Bit        Muxes := 4     
	   4 Input      1 Bit        Muxes := 4     
	   2 Input      1 Bit        Muxes := 10    
	   8 Input      1 Bit        Muxes := 7     
---------------------------------------------------------------------------------
Finished RTL Component Statistics 
---------------------------------------------------------------------------------
---------------------------------------------------------------------------------
Start RTL Hierarchical Component Statistics 
---------------------------------------------------------------------------------
Hierarchical RTL Component report 
Module mxtest_2 
Detailed RTL Component Info : 
+---Adders : 
	   2 Input     32 Bit       Adders := 1     
	   2 Input      5 Bit       Adders := 1     
+---Registers : 
	                5 Bit    Registers := 1     
+---Muxes : 
	   2 Input      5 Bit        Muxes := 1     
	  10 Input      2 Bit        Muxes := 1     
	   4 Input      1 Bit        Muxes := 4     
Module debounce 
Detailed RTL Component Info : 
+---Adders : 
	   2 Input     27 Bit       Adders := 1     
+---Registers : 
	               27 Bit    Registers := 1     
	                1 Bit    Registers := 1     
+---Muxes : 
	   2 Input     27 Bit        Muxes := 1     
	   2 Input      1 Bit        Muxes := 2     
Module clkenb 
Detailed RTL Component Info : 
+---Adders : 
	   2 Input     11 Bit       Adders := 1     
+---Registers : 
	               11 Bit    Registers := 1     
	                1 Bit    Registers := 1     
+---Muxes : 
	   2 Input     11 Bit        Muxes := 1     
	   2 Input      1 Bit        Muxes := 1     
Module single_pulser 
Detailed RTL Component Info : 
+---Registers : 
	                1 Bit    Registers := 2     
Module bcdcounter 
Detailed RTL Component Info : 
+---Adders : 
	   2 Input      4 Bit       Adders := 1     
+---Registers : 
	                4 Bit    Registers := 1     
+---Muxes : 
	   2 Input      1 Bit        Muxes := 1     
Module clkenb__parameterized0 
Detailed RTL Component Info : 
+---Adders : 
	   2 Input     10 Bit       Adders := 1     
+---Registers : 
	               10 Bit    Registers := 1     
	                1 Bit    Registers := 1     
+---Muxes : 
	   2 Input      1 Bit        Muxes := 1     
Module bcdcounter__parameterized0 
Detailed RTL Component Info : 
+---Adders : 
	   2 Input      4 Bit       Adders := 1     
+---Registers : 
	                4 Bit    Registers := 1     
+---Muxes : 
	   2 Input      1 Bit        Muxes := 1     
Module bcdcounter__parameterized1 
Detailed RTL Component Info : 
+---Adders : 
	   2 Input      4 Bit       Adders := 1     
+---Registers : 
	                4 Bit    Registers := 1     
+---Muxes : 
	   2 Input      1 Bit        Muxes := 1     
Module transmitter_fsm 
Detailed RTL Component Info : 
+---Registers : 
	                3 Bit    Registers := 2     
	                1 Bit    Registers := 1     
+---Muxes : 
	   2 Input      3 Bit        Muxes := 10    
	   8 Input      3 Bit        Muxes := 1     
	   2 Input      2 Bit        Muxes := 4     
	   8 Input      1 Bit        Muxes := 7     
	   2 Input      1 Bit        Muxes := 3     
---------------------------------------------------------------------------------
Finished RTL Hierarchical Component Statistics
---------------------------------------------------------------------------------
---------------------------------------------------------------------------------
Start Part Resource Summary
---------------------------------------------------------------------------------
Part Resources:
DSPs: 240 (col length:80)
BRAMs: 270 (col length: RAMB18 80 RAMB36 40)
---------------------------------------------------------------------------------
Finished Part Resource Summary
---------------------------------------------------------------------------------
Start Parallel Synthesis Optimization  : Time (s): cpu = 00:00:11 ; elapsed = 00:00:12 . Memory (MB): peak = 653.434 ; gain = 446.809
---------------------------------------------------------------------------------
Start Cross Boundary Optimization
---------------------------------------------------------------------------------
INFO: [Synth 8-5545] ROM "U_RESET_DEBOUNCE/button_state_next" won't be mapped to RAM because address size (27) is larger than maximum supported(25)
INFO: [Synth 8-5546] ROM "U_TRANSMITTER/U_BAUD_RATE/enb" won't be mapped to RAM because it is too sparse
INFO: [Synth 8-5546] ROM "U_TRANSMITTER/U_BAUD_2_RATE/enb" won't be mapped to RAM because it is too sparse
WARNING: [Synth 8-3331] design nexys4DDR has unconnected port LED[-1]
WARNING: [Synth 8-3331] design nexys4DDR has unconnected port BTNU
---------------------------------------------------------------------------------
Finished Cross Boundary Optimization : Time (s): cpu = 00:00:11 ; elapsed = 00:00:13 . Memory (MB): peak = 653.434 ; gain = 446.809
---------------------------------------------------------------------------------
Finished Parallel Reinference  : Time (s): cpu = 00:00:11 ; elapsed = 00:00:13 . Memory (MB): peak = 653.434 ; gain = 446.809

Report RTL Partitions: 
+-+--------------+------------+----------+
| |RTL Partition |Replication |Instances |
+-+--------------+------------+----------+
+-+--------------+------------+----------+
---------------------------------------------------------------------------------
Start ROM, RAM, DSP and Shift Register Reporting
---------------------------------------------------------------------------------

ROM:
+------------+----------------+---------------+----------------+
|Module Name | RTL Object     | Depth x Width | Implemented As | 
+------------+----------------+---------------+----------------+
|mxtest_2    | byterom        | 32x8          | LUT            | 
|nexys4DDR   | U_TEST/byterom | 32x8          | LUT            | 
+------------+----------------+---------------+----------------+

---------------------------------------------------------------------------------
Finished ROM, RAM, DSP and Shift Register Reporting
---------------------------------------------------------------------------------
---------------------------------------------------------------------------------
Start Area Optimization
---------------------------------------------------------------------------------
INFO: [Synth 8-3333] propagating constant 1 across sequential element (\U_TRANSMITTER/U_FSM/waiting_reg )
INFO: [Synth 8-3333] propagating constant 1 across sequential element (\U_TRANSMITTER/U_FSM/last_reg[1] )
WARNING: [Synth 8-3332] Sequential element (U_TRANSMITTER/U_FSM/waiting_reg) is unused and will be removed from module nexys4DDR.
WARNING: [Synth 8-3332] Sequential element (U_TRANSMITTER/U_FSM/last_reg[1]) is unused and will be removed from module nexys4DDR.
---------------------------------------------------------------------------------
Finished Area Optimization : Time (s): cpu = 00:00:11 ; elapsed = 00:00:13 . Memory (MB): peak = 653.434 ; gain = 446.809
---------------------------------------------------------------------------------
Finished Parallel Area Optimization  : Time (s): cpu = 00:00:11 ; elapsed = 00:00:13 . Memory (MB): peak = 653.434 ; gain = 446.809

Report RTL Partitions: 
+-+--------------+------------+----------+
| |RTL Partition |Replication |Instances |
+-+--------------+------------+----------+
+-+--------------+------------+----------+
---------------------------------------------------------------------------------
Start Timing Optimization
---------------------------------------------------------------------------------
---------------------------------------------------------------------------------
Start Applying XDC Timing Constraints
---------------------------------------------------------------------------------
---------------------------------------------------------------------------------
Finished Applying XDC Timing Constraints : Time (s): cpu = 00:00:18 ; elapsed = 00:00:20 . Memory (MB): peak = 653.434 ; gain = 446.809
---------------------------------------------------------------------------------
---------------------------------------------------------------------------------
Finished Timing Optimization : Time (s): cpu = 00:00:18 ; elapsed = 00:00:20 . Memory (MB): peak = 653.434 ; gain = 446.809
---------------------------------------------------------------------------------

Report RTL Partitions: 
+-+--------------+------------+----------+
| |RTL Partition |Replication |Instances |
+-+--------------+------------+----------+
+-+--------------+------------+----------+
---------------------------------------------------------------------------------
Start Technology Mapping
---------------------------------------------------------------------------------
---------------------------------------------------------------------------------
Finished Technology Mapping : Time (s): cpu = 00:00:19 ; elapsed = 00:00:20 . Memory (MB): peak = 653.434 ; gain = 446.809
---------------------------------------------------------------------------------
Finished Parallel Technology Mapping Optimization  : Time (s): cpu = 00:00:19 ; elapsed = 00:00:20 . Memory (MB): peak = 653.434 ; gain = 446.809

Report RTL Partitions: 
+-+--------------+------------+----------+
| |RTL Partition |Replication |Instances |
+-+--------------+------------+----------+
+-+--------------+------------+----------+
Finished Parallel Synthesis Optimization  : Time (s): cpu = 00:00:19 ; elapsed = 00:00:20 . Memory (MB): peak = 653.434 ; gain = 446.809
---------------------------------------------------------------------------------
Start IO Insertion
---------------------------------------------------------------------------------
---------------------------------------------------------------------------------
Start Flattening Before IO Insertion
---------------------------------------------------------------------------------
---------------------------------------------------------------------------------
Finished Flattening Before IO Insertion
---------------------------------------------------------------------------------
---------------------------------------------------------------------------------
Start Final Netlist Cleanup
---------------------------------------------------------------------------------
---------------------------------------------------------------------------------
Finished Final Netlist Cleanup
---------------------------------------------------------------------------------
---------------------------------------------------------------------------------
Finished IO Insertion : Time (s): cpu = 00:00:19 ; elapsed = 00:00:21 . Memory (MB): peak = 653.434 ; gain = 446.809
---------------------------------------------------------------------------------

Report Check Netlist: 
+------+------------------+-------+---------+-------+------------------+
|      |Item              |Errors |Warnings |Status |Description       |
+------+------------------+-------+---------+-------+------------------+
|1     |multi_driven_nets |      0|        0|Passed |Multi driven nets |
+------+------------------+-------+---------+-------+------------------+
---------------------------------------------------------------------------------
Start Renaming Generated Instances
---------------------------------------------------------------------------------
---------------------------------------------------------------------------------
Finished Renaming Generated Instances : Time (s): cpu = 00:00:19 ; elapsed = 00:00:21 . Memory (MB): peak = 653.434 ; gain = 446.809
---------------------------------------------------------------------------------

Report RTL Partitions: 
+-+--------------+------------+----------+
| |RTL Partition |Replication |Instances |
+-+--------------+------------+----------+
+-+--------------+------------+----------+
---------------------------------------------------------------------------------
Start Rebuilding User Hierarchy
---------------------------------------------------------------------------------
---------------------------------------------------------------------------------
Finished Rebuilding User Hierarchy : Time (s): cpu = 00:00:19 ; elapsed = 00:00:21 . Memory (MB): peak = 653.434 ; gain = 446.809
---------------------------------------------------------------------------------
---------------------------------------------------------------------------------
Start Renaming Generated Ports
---------------------------------------------------------------------------------
---------------------------------------------------------------------------------
Finished Renaming Generated Ports : Time (s): cpu = 00:00:19 ; elapsed = 00:00:21 . Memory (MB): peak = 653.434 ; gain = 446.809
---------------------------------------------------------------------------------
---------------------------------------------------------------------------------
Start Handling Custom Attributes
---------------------------------------------------------------------------------
---------------------------------------------------------------------------------
Finished Handling Custom Attributes : Time (s): cpu = 00:00:19 ; elapsed = 00:00:21 . Memory (MB): peak = 653.434 ; gain = 446.809
---------------------------------------------------------------------------------
---------------------------------------------------------------------------------
Start Renaming Generated Nets
---------------------------------------------------------------------------------
---------------------------------------------------------------------------------
Finished Renaming Generated Nets : Time (s): cpu = 00:00:19 ; elapsed = 00:00:21 . Memory (MB): peak = 653.434 ; gain = 446.809
---------------------------------------------------------------------------------
---------------------------------------------------------------------------------
Start Writing Synthesis Report
---------------------------------------------------------------------------------

Report BlackBoxes: 
+-+--------------+----------+
| |BlackBox name |Instances |
+-+--------------+----------+
+-+--------------+----------+

Report Cell Usage: 
+------+-------+------+
|      |Cell   |Count |
+------+-------+------+
|1     |BUFG   |     1|
|2     |CARRY4 |    15|
|3     |LUT1   |    53|
|4     |LUT2   |    14|
|5     |LUT3   |    17|
|6     |LUT4   |    55|
|7     |LUT5   |    27|
|8     |LUT6   |    35|
|9     |MUXF7  |     2|
|10    |FDRE   |   100|
|11    |IBUF   |     9|
|12    |OBUF   |     5|
|13    |OBUFT  |     1|
+------+-------+------+

Report Instance Areas: 
+------+-----------------------+---------------------------+------+
|      |Instance               |Module                     |Cells |
+------+-----------------------+---------------------------+------+
|1     |top                    |                           |   334|
|2     |  U_RESET_DEBOUNCE     |debounce                   |    97|
|3     |  U_TEST               |mxtest_2                   |    97|
|4     |  U_TRANSMITTER        |rtl_transmitter            |   124|
|5     |    U_2_BIT_COUNTER    |bcdcounter__parameterized0 |    14|
|6     |    U_BAUD_2_PULSE     |single_pulser              |     4|
|7     |    U_BAUD_2_RATE      |clkenb__parameterized0     |    28|
|8     |    U_BAUD_PULSE       |single_pulser_0            |     3|
|9     |    U_BAUD_RATE        |clkenb                     |    32|
|10    |    U_BIT_COUNTER      |bcdcounter                 |    11|
|11    |    U_FSM              |transmitter_fsm            |    22|
|12    |    U_WAIT_BIT_COUNTER |bcdcounter__parameterized1 |    10|
+------+-----------------------+---------------------------+------+
---------------------------------------------------------------------------------
Finished Writing Synthesis Report : Time (s): cpu = 00:00:19 ; elapsed = 00:00:21 . Memory (MB): peak = 653.434 ; gain = 446.809
---------------------------------------------------------------------------------
Synthesis finished with 0 errors, 0 critical warnings and 5 warnings.
Synthesis Optimization Runtime : Time (s): cpu = 00:00:11 ; elapsed = 00:00:14 . Memory (MB): peak = 653.434 ; gain = 114.203
Synthesis Optimization Complete : Time (s): cpu = 00:00:19 ; elapsed = 00:00:21 . Memory (MB): peak = 653.434 ; gain = 446.809
INFO: [Project 1-571] Translating synthesized netlist
INFO: [Netlist 29-17] Analyzing 24 Unisim elements for replacement
INFO: [Netlist 29-28] Unisim Transformation completed in 0 CPU seconds
INFO: [Project 1-570] Preparing netlist for logic optimization
INFO: [Opt 31-138] Pushed 0 inverter(s) to 0 load pin(s).
INFO: [Project 1-111] Unisim Transformation Summary:
No Unisim elements were transformed.

INFO: [Common 17-83] Releasing license: Synthesis
57 Infos, 16 Warnings, 3 Critical Warnings and 0 Errors encountered.
synth_design completed successfully
synth_design: Time (s): cpu = 00:00:19 ; elapsed = 00:00:19 . Memory (MB): peak = 653.434 ; gain = 420.465
report_utilization: Time (s): cpu = 00:00:00 ; elapsed = 00:00:00.012 . Memory (MB): peak = 653.434 ; gain = 0.000
INFO: [Common 17-206] Exiting Vivado at Thu Sep 14 19:46:20 2017...
